C51 COMPILER V9.51   RX_1                                                                  05/16/2014 17:11:40 PAGE 1   


C51 COMPILER V9.51, COMPILATION OF MODULE RX_1
OBJECT MODULE PLACED IN .\DP8051\DP8051_Keil_951\Debug\Rx_1.obj
COMPILER INVOKED BY: C:\Program Files\Cypress\PSoC Creator\3.0\PSoC Creator\import\keil\pk51\9.51\C51\BIN\c51.exe .\Gene
                    -rated_Source\PSoC3\Rx_1.c NOIV LARGE MODDP2 OMF2 VB(1) PR(.\DP8051\DP8051_Keil_951\Debug\Rx_1.lst) CD DB NOIP OT(2,SIZE)
                    - DF(DEBUG) INCDIR(.,.\Generated_Source\PSoC3) OJ(.\DP8051\DP8051_Keil_951\Debug\Rx_1.obj)

line level    source

   1          /*******************************************************************************
   2          * File Name: Rx_1.c  
   3          * Version 2.0
   4          *
   5          * Description:
   6          *  This file contains API to enable firmware control of a Pins component.
   7          *
   8          * Note:
   9          *
  10          ********************************************************************************
  11          * Copyright 2008-2014, Cypress Semiconductor Corporation.  All rights reserved.
  12          * You may use this file only in accordance with the license, terms, conditions, 
  13          * disclaimers, and limitations in the end user license agreement accompanying 
  14          * the software package with which this file was provided.
  15          *******************************************************************************/
  16          
  17          #include "cytypes.h"
  18          #include "Rx_1.h"
  19          
  20          
  21          /*******************************************************************************
  22          * Function Name: Rx_1_Write
  23          ********************************************************************************
  24          *
  25          * Summary:
  26          *  Assign a new value to the digital port's data output register.  
  27          *
  28          * Parameters:  
  29          *  prtValue:  The value to be assigned to the Digital Port. 
  30          *
  31          * Return: 
  32          *  None 
  33          *  
  34          *******************************************************************************/
  35          void Rx_1_Write(uint8 value) 
  36          {
  37   1          uint8 staticBits = (Rx_1_DR & (uint8)(~Rx_1_MASK));
  38   1          Rx_1_DR = staticBits | ((uint8)(value << Rx_1_SHIFT) & Rx_1_MASK);
  39   1      }
  40          
  41          
  42          /*******************************************************************************
  43          * Function Name: Rx_1_SetDriveMode
  44          ********************************************************************************
  45          *
  46          * Summary:
  47          *  Change the drive mode on the pins of the port.
  48          * 
  49          * Parameters:  
  50          *  mode:  Change the pins to one of the following drive modes.
  51          *
  52          *  Rx_1_DM_STRONG     Strong Drive 
  53          *  Rx_1_DM_OD_HI      Open Drain, Drives High 
C51 COMPILER V9.51   RX_1                                                                  05/16/2014 17:11:40 PAGE 2   

  54          *  Rx_1_DM_OD_LO      Open Drain, Drives Low 
  55          *  Rx_1_DM_RES_UP     Resistive Pull Up 
  56          *  Rx_1_DM_RES_DWN    Resistive Pull Down 
  57          *  Rx_1_DM_RES_UPDWN  Resistive Pull Up/Down 
  58          *  Rx_1_DM_DIG_HIZ    High Impedance Digital 
  59          *  Rx_1_DM_ALG_HIZ    High Impedance Analog 
  60          *
  61          * Return: 
  62          *  None
  63          *
  64          *******************************************************************************/
  65          void Rx_1_SetDriveMode(uint8 mode) 
  66          {
  67   1              CyPins_SetPinDriveMode(Rx_1_0, mode);
  68   1      }
  69          
  70          
  71          /*******************************************************************************
  72          * Function Name: Rx_1_Read
  73          ********************************************************************************
  74          *
  75          * Summary:
  76          *  Read the current value on the pins of the Digital Port in right justified 
  77          *  form.
  78          *
  79          * Parameters:  
  80          *  None 
  81          *
  82          * Return: 
  83          *  Returns the current value of the Digital Port as a right justified number
  84          *  
  85          * Note:
  86          *  Macro Rx_1_ReadPS calls this function. 
  87          *  
  88          *******************************************************************************/
  89          uint8 Rx_1_Read(void) 
  90          {
  91   1          return (Rx_1_PS & Rx_1_MASK) >> Rx_1_SHIFT;
  92   1      }
  93          
  94          
  95          /*******************************************************************************
  96          * Function Name: Rx_1_ReadDataReg
  97          ********************************************************************************
  98          *
  99          * Summary:
 100          *  Read the current value assigned to a Digital Port's data output register
 101          *
 102          * Parameters:  
 103          *  None 
 104          *
 105          * Return: 
 106          *  Returns the current value assigned to the Digital Port's data output register
 107          *  
 108          *******************************************************************************/
 109          uint8 Rx_1_ReadDataReg(void) 
 110          {
 111   1          return (Rx_1_DR & Rx_1_MASK) >> Rx_1_SHIFT;
 112   1      }
 113          
 114          
 115          /* If Interrupts Are Enabled for this Pins component */ 
C51 COMPILER V9.51   RX_1                                                                  05/16/2014 17:11:40 PAGE 3   

 116          #if defined(Rx_1_INTSTAT) 
              
                  /*******************************************************************************
                  * Function Name: Rx_1_ClearInterrupt
                  ********************************************************************************
                  *
                  * Summary:
                  *  Clears any active interrupts attached to port and returns the value of the 
                  *  interrupt status register.
                  *
                  * Parameters:  
                  *  None 
                  *
                  * Return: 
                  *  Returns the value of the interrupt status register
                  *  
                  *******************************************************************************/
                  uint8 Rx_1_ClearInterrupt(void) 
                  {
                      return (Rx_1_INTSTAT & Rx_1_MASK) >> Rx_1_SHIFT;
                  }
              
              #endif /* If Interrupts Are Enabled for this Pins component */ 
 139          
 140          
 141          /* [] END OF FILE */
C51 COMPILER V9.51   RX_1                                                                  05/16/2014 17:11:40 PAGE 4   

ASSEMBLY LISTING OF GENERATED OBJECT CODE


             ; FUNCTION _Rx_1_Write (BEGIN)
                                           ; SOURCE LINE # 35
0000 900000      R     MOV     DPTR,#value
0003 EF                MOV     A,R7
0004 F0                MOVX    @DPTR,A
                                           ; SOURCE LINE # 36
                                           ; SOURCE LINE # 37
0005 905160            MOV     DPTR,#05160H
0008 E0                MOVX    A,@DPTR
0009 FF                MOV     R7,A
000A EF                MOV     A,R7
000B 54EF              ANL     A,#0EFH
000D FF                MOV     R7,A
000E 900000      R     MOV     DPTR,#staticBits
0011 EF                MOV     A,R7
0012 F0                MOVX    @DPTR,A
                                           ; SOURCE LINE # 38
0013 900000      R     MOV     DPTR,#value
0016 E0                MOVX    A,@DPTR
0017 FF                MOV     R7,A
0018 EF                MOV     A,R7
0019 C4                SWAP    A
001A 54F0              ANL     A,#0F0H
001C FF                MOV     R7,A
001D EF                MOV     A,R7
001E 5410              ANL     A,#010H
0020 FF                MOV     R7,A
0021 900000      R     MOV     DPTR,#staticBits
0024 E0                MOVX    A,@DPTR
0025 FE                MOV     R6,A
0026 EF                MOV     A,R7
0027 4E                ORL     A,R6
0028 FF                MOV     R7,A
0029 905160            MOV     DPTR,#05160H
002C EF                MOV     A,R7
002D F0                MOVX    @DPTR,A
                                           ; SOURCE LINE # 39
002E 22                RET     
             ; FUNCTION _Rx_1_Write (END)

             ; FUNCTION _Rx_1_SetDriveMode (BEGIN)
                                           ; SOURCE LINE # 65
0000 900000      R     MOV     DPTR,#mode
0003 EF                MOV     A,R7
0004 F0                MOVX    @DPTR,A
                                           ; SOURCE LINE # 66
                                           ; SOURCE LINE # 67
0005 900000      R     MOV     DPTR,#mode
0008 E0                MOVX    A,@DPTR
0009 FF                MOV     R7,A
000A EF                MOV     A,R7
000B 540E              ANL     A,#0EH
000D FF                MOV     R7,A
000E 905034            MOV     DPTR,#05034H
0011 E0                MOVX    A,@DPTR
0012 FE                MOV     R6,A
0013 EE                MOV     A,R6
0014 54F1              ANL     A,#0F1H
0016 FE                MOV     R6,A
C51 COMPILER V9.51   RX_1                                                                  05/16/2014 17:11:40 PAGE 5   

0017 EE                MOV     A,R6
0018 4F                ORL     A,R7
0019 FF                MOV     R7,A
001A 905034            MOV     DPTR,#05034H
001D EF                MOV     A,R7
001E F0                MOVX    @DPTR,A
                                           ; SOURCE LINE # 68
001F 22                RET     
             ; FUNCTION _Rx_1_SetDriveMode (END)

             ; FUNCTION Rx_1_Read (BEGIN)
                                           ; SOURCE LINE # 89
                                           ; SOURCE LINE # 90
                                           ; SOURCE LINE # 91
0000 905161            MOV     DPTR,#05161H
0003 E0                MOVX    A,@DPTR
0004 FF                MOV     R7,A
0005 EF                MOV     A,R7
0006 5410              ANL     A,#010H
0008 FF                MOV     R7,A
0009 7E00              MOV     R6,#00H
000B EE                MOV     A,R6
000C C4                SWAP    A
000D F8                MOV     R0,A
000E 54F0              ANL     A,#0F0H
0010 C8                XCH     A,R0
0011 68                XRL     A,R0
0012 FE                MOV     R6,A
0013 EF                MOV     A,R7
0014 C4                SWAP    A
0015 540F              ANL     A,#0FH
0017 48                ORL     A,R0
0018 FF                MOV     R7,A
                                           ; SOURCE LINE # 92
0019         ?C0003:
0019 22                RET     
             ; FUNCTION Rx_1_Read (END)

             ; FUNCTION Rx_1_ReadDataReg (BEGIN)
                                           ; SOURCE LINE # 109
                                           ; SOURCE LINE # 110
                                           ; SOURCE LINE # 111
0000 905160            MOV     DPTR,#05160H
0003 E0                MOVX    A,@DPTR
0004 FF                MOV     R7,A
0005 EF                MOV     A,R7
0006 5410              ANL     A,#010H
0008 FF                MOV     R7,A
0009 7E00              MOV     R6,#00H
000B EE                MOV     A,R6
000C C4                SWAP    A
000D F8                MOV     R0,A
000E 54F0              ANL     A,#0F0H
0010 C8                XCH     A,R0
0011 68                XRL     A,R0
0012 FE                MOV     R6,A
0013 EF                MOV     A,R7
0014 C4                SWAP    A
0015 540F              ANL     A,#0FH
0017 48                ORL     A,R0
0018 FF                MOV     R7,A
                                           ; SOURCE LINE # 112
C51 COMPILER V9.51   RX_1                                                                  05/16/2014 17:11:40 PAGE 6   

0019         ?C0004:
0019 22                RET     
             ; FUNCTION Rx_1_ReadDataReg (END)



MODULE INFORMATION:   STATIC OVERLAYABLE
   CODE SIZE        =    131    ----
   CONSTANT SIZE    =   ----    ----
   XDATA SIZE       =   ----       3
   PDATA SIZE       =   ----    ----
   DATA SIZE        =   ----    ----
   IDATA SIZE       =   ----    ----
   BIT SIZE         =   ----    ----
   EDATA SIZE       =   ----    ----
   HDATA SIZE       =   ----    ----
   XDATA CONST SIZE =   ----    ----
   FAR CONST SIZE   =   ----    ----
END OF MODULE INFORMATION.


C51 COMPILATION COMPLETE.  0 WARNING(S),  0 ERROR(S)
