C51 COMPILER V9.51   UP_LIMIT                                                              03/21/2014 22:17:40 PAGE 1   


C51 COMPILER V9.51, COMPILATION OF MODULE UP_LIMIT
OBJECT MODULE PLACED IN .\DP8051\DP8051_Keil_951\Debug\UP_LIMIT.obj
COMPILER INVOKED BY: C:\Program Files (x86)\Cypress\PSoC Creator\3.0\PSoC Creator\import\keil\pk51\9.51\C51\BIN\c51.exe 
                    -.\Generated_Source\PSoC3\UP_LIMIT.c NOIV LARGE MODDP2 OMF2 VB(1) PR(.\DP8051\DP8051_Keil_951\Debug\UP_LIMIT.lst) CD DB N
                    -OIP OT(2,SIZE) DF(DEBUG) INCDIR(.,.\Generated_Source\PSoC3) OJ(.\DP8051\DP8051_Keil_951\Debug\UP_LIMIT.obj)

line level    source

   1          /*******************************************************************************
   2          * File Name: UP_LIMIT.c  
   3          * Version 1.90
   4          *
   5          * Description:
   6          *  This file contains API to enable firmware control of a Pins component.
   7          *
   8          * Note:
   9          *
  10          ********************************************************************************
  11          * Copyright 2008-2012, Cypress Semiconductor Corporation.  All rights reserved.
  12          * You may use this file only in accordance with the license, terms, conditions, 
  13          * disclaimers, and limitations in the end user license agreement accompanying 
  14          * the software package with which this file was provided.
  15          *******************************************************************************/
  16          
  17          #include "cytypes.h"
  18          #include "UP_LIMIT.h"
  19          
  20          
  21          /*******************************************************************************
  22          * Function Name: UP_LIMIT_Write
  23          ********************************************************************************
  24          *
  25          * Summary:
  26          *  Assign a new value to the digital port's data output register.  
  27          *
  28          * Parameters:  
  29          *  prtValue:  The value to be assigned to the Digital Port. 
  30          *
  31          * Return: 
  32          *  None 
  33          *  
  34          *******************************************************************************/
  35          void UP_LIMIT_Write(uint8 value) 
  36          {
  37   1          uint8 staticBits = (UP_LIMIT_DR & (uint8)(~UP_LIMIT_MASK));
  38   1          UP_LIMIT_DR = staticBits | ((uint8)(value << UP_LIMIT_SHIFT) & UP_LIMIT_MASK);
  39   1      }
  40          
  41          
  42          /*******************************************************************************
  43          * Function Name: UP_LIMIT_SetDriveMode
  44          ********************************************************************************
  45          *
  46          * Summary:
  47          *  Change the drive mode on the pins of the port.
  48          * 
  49          * Parameters:  
  50          *  mode:  Change the pins to this drive mode.
  51          *
  52          * Return: 
  53          *  None
C51 COMPILER V9.51   UP_LIMIT                                                              03/21/2014 22:17:40 PAGE 2   

  54          *
  55          *******************************************************************************/
  56          void UP_LIMIT_SetDriveMode(uint8 mode) 
  57          {
  58   1              CyPins_SetPinDriveMode(UP_LIMIT_0, mode);
  59   1      }
  60          
  61          
  62          /*******************************************************************************
  63          * Function Name: UP_LIMIT_Read
  64          ********************************************************************************
  65          *
  66          * Summary:
  67          *  Read the current value on the pins of the Digital Port in right justified 
  68          *  form.
  69          *
  70          * Parameters:  
  71          *  None 
  72          *
  73          * Return: 
  74          *  Returns the current value of the Digital Port as a right justified number
  75          *  
  76          * Note:
  77          *  Macro UP_LIMIT_ReadPS calls this function. 
  78          *  
  79          *******************************************************************************/
  80          uint8 UP_LIMIT_Read(void) 
  81          {
  82   1          return (UP_LIMIT_PS & UP_LIMIT_MASK) >> UP_LIMIT_SHIFT;
  83   1      }
  84          
  85          
  86          /*******************************************************************************
  87          * Function Name: UP_LIMIT_ReadDataReg
  88          ********************************************************************************
  89          *
  90          * Summary:
  91          *  Read the current value assigned to a Digital Port's data output register
  92          *
  93          * Parameters:  
  94          *  None 
  95          *
  96          * Return: 
  97          *  Returns the current value assigned to the Digital Port's data output register
  98          *  
  99          *******************************************************************************/
 100          uint8 UP_LIMIT_ReadDataReg(void) 
 101          {
 102   1          return (UP_LIMIT_DR & UP_LIMIT_MASK) >> UP_LIMIT_SHIFT;
 103   1      }
 104          
 105          
 106          /* If Interrupts Are Enabled for this Pins component */ 
 107          #if defined(UP_LIMIT_INTSTAT) 
              
                  /*******************************************************************************
                  * Function Name: UP_LIMIT_ClearInterrupt
                  ********************************************************************************
                  *
                  * Summary:
                  *  Clears any active interrupts attached to port and returns the value of the 
                  *  interrupt status register.
C51 COMPILER V9.51   UP_LIMIT                                                              03/21/2014 22:17:40 PAGE 3   

                  *
                  * Parameters:  
                  *  None 
                  *
                  * Return: 
                  *  Returns the value of the interrupt status register
                  *  
                  *******************************************************************************/
                  uint8 UP_LIMIT_ClearInterrupt(void) 
                  {
                      return (UP_LIMIT_INTSTAT & UP_LIMIT_MASK) >> UP_LIMIT_SHIFT;
                  }
              
              #endif /* If Interrupts Are Enabled for this Pins component */ 
 130          
 131          
 132          /* [] END OF FILE */
C51 COMPILER V9.51   UP_LIMIT                                                              03/21/2014 22:17:40 PAGE 4   

ASSEMBLY LISTING OF GENERATED OBJECT CODE


             ; FUNCTION _UP_LIMIT_Write (BEGIN)
                                           ; SOURCE LINE # 35
0000 900000      R     MOV     DPTR,#value
0003 EF                MOV     A,R7
0004 F0                MOVX    @DPTR,A
                                           ; SOURCE LINE # 36
                                           ; SOURCE LINE # 37
0005 905120            MOV     DPTR,#05120H
0008 E0                MOVX    A,@DPTR
0009 FF                MOV     R7,A
000A EF                MOV     A,R7
000B 54FE              ANL     A,#0FEH
000D FF                MOV     R7,A
000E 900000      R     MOV     DPTR,#staticBits
0011 EF                MOV     A,R7
0012 F0                MOVX    @DPTR,A
                                           ; SOURCE LINE # 38
0013 900000      R     MOV     DPTR,#value
0016 E0                MOVX    A,@DPTR
0017 FF                MOV     R7,A
0018 EF                MOV     A,R7
0019 5401              ANL     A,#01H
001B FF                MOV     R7,A
001C 900000      R     MOV     DPTR,#staticBits
001F E0                MOVX    A,@DPTR
0020 FE                MOV     R6,A
0021 EF                MOV     A,R7
0022 4E                ORL     A,R6
0023 FF                MOV     R7,A
0024 905120            MOV     DPTR,#05120H
0027 EF                MOV     A,R7
0028 F0                MOVX    @DPTR,A
                                           ; SOURCE LINE # 39
0029 22                RET     
             ; FUNCTION _UP_LIMIT_Write (END)

             ; FUNCTION _UP_LIMIT_SetDriveMode (BEGIN)
                                           ; SOURCE LINE # 56
0000 900000      R     MOV     DPTR,#mode
0003 EF                MOV     A,R7
0004 F0                MOVX    @DPTR,A
                                           ; SOURCE LINE # 57
                                           ; SOURCE LINE # 58
0005 900000      R     MOV     DPTR,#mode
0008 E0                MOVX    A,@DPTR
0009 FF                MOV     R7,A
000A EF                MOV     A,R7
000B 540E              ANL     A,#0EH
000D FF                MOV     R7,A
000E 905010            MOV     DPTR,#05010H
0011 E0                MOVX    A,@DPTR
0012 FE                MOV     R6,A
0013 EE                MOV     A,R6
0014 54F1              ANL     A,#0F1H
0016 FE                MOV     R6,A
0017 EE                MOV     A,R6
0018 4F                ORL     A,R7
0019 FF                MOV     R7,A
001A 905010            MOV     DPTR,#05010H
C51 COMPILER V9.51   UP_LIMIT                                                              03/21/2014 22:17:40 PAGE 5   

001D EF                MOV     A,R7
001E F0                MOVX    @DPTR,A
                                           ; SOURCE LINE # 59
001F 22                RET     
             ; FUNCTION _UP_LIMIT_SetDriveMode (END)

             ; FUNCTION UP_LIMIT_Read (BEGIN)
                                           ; SOURCE LINE # 80
                                           ; SOURCE LINE # 81
                                           ; SOURCE LINE # 82
0000 905121            MOV     DPTR,#05121H
0003 E0                MOVX    A,@DPTR
0004 FF                MOV     R7,A
0005 EF                MOV     A,R7
0006 5401              ANL     A,#01H
0008 FF                MOV     R7,A
0009 7E00              MOV     R6,#00H
                                           ; SOURCE LINE # 83
000B         ?C0003:
000B 22                RET     
             ; FUNCTION UP_LIMIT_Read (END)

             ; FUNCTION UP_LIMIT_ReadDataReg (BEGIN)
                                           ; SOURCE LINE # 100
                                           ; SOURCE LINE # 101
                                           ; SOURCE LINE # 102
0000 905120            MOV     DPTR,#05120H
0003 E0                MOVX    A,@DPTR
0004 FF                MOV     R7,A
0005 EF                MOV     A,R7
0006 5401              ANL     A,#01H
0008 FF                MOV     R7,A
0009 7E00              MOV     R6,#00H
                                           ; SOURCE LINE # 103
000B         ?C0004:
000B 22                RET     
             ; FUNCTION UP_LIMIT_ReadDataReg (END)



MODULE INFORMATION:   STATIC OVERLAYABLE
   CODE SIZE        =     98    ----
   CONSTANT SIZE    =   ----    ----
   XDATA SIZE       =   ----       3
   PDATA SIZE       =   ----    ----
   DATA SIZE        =   ----    ----
   IDATA SIZE       =   ----    ----
   BIT SIZE         =   ----    ----
   EDATA SIZE       =   ----    ----
   HDATA SIZE       =   ----    ----
   XDATA CONST SIZE =   ----    ----
   FAR CONST SIZE   =   ----    ----
END OF MODULE INFORMATION.


C51 COMPILATION COMPLETE.  0 WARNING(S),  0 ERROR(S)
