C51 COMPILER V9.51   CYFITTER_CFG                                                          12/14/2013 00:57:45 PAGE 1   


C51 COMPILER V9.51, COMPILATION OF MODULE CYFITTER_CFG
OBJECT MODULE PLACED IN .\DP8051\DP8051_Keil_951\Debug\cyfitter_cfg.obj
COMPILER INVOKED BY: C:\Program Files\Cypress\PSoC Creator\3.0\PSoC Creator\import\keil\pk51\9.51\C51\BIN\c51.exe .\Gene
                    -rated_Source\PSoC3\cyfitter_cfg.c NOIV LARGE MODDP2 OMF2 VB(1) PR(.\DP8051\DP8051_Keil_951\Debug\cyfitter_cfg.lst) CD DB
                    - NOIP OT(2,SIZE) DF(DEBUG) INCDIR(.,.\Generated_Source\PSoC3) OJ(.\DP8051\DP8051_Keil_951\Debug\cyfitter_cfg.obj)

line level    source

   1          /*******************************************************************************
   2          * FILENAME: cyfitter_cfg.c
   3          * PSoC Creator 3.0 Component Pack 7
   4          *
   5          * Description:
   6          * This file is automatically generated by PSoC Creator with device 
   7          * initialization code.  Except for the user defined sections in
   8          * CyClockStartupError(), this file should not be modified.
   9          *
  10          ********************************************************************************
  11          * Copyright 2013, Cypress Semiconductor Corporation.  All rights reserved.
  12          * You may use this file only in accordance with the license, terms, conditions, 
  13          * disclaimers, and limitations in the end user license agreement accompanying 
  14          * the software package with which this file was provided.
  15          ********************************************************************************/
  16          
  17          #include <string.h>
  18          #include <cytypes.h>
  19          #include <cydevice_trm.h>
  20          #include <cyfitter.h>
  21          #include <CyLib.h>
  22          #include <cyfitter_cfg.h>
  23          
  24          #define CY_NEED_CYCLOCKSTARTUPERROR 1
  25          
  26          
  27          #if defined(__C51__) || defined(__CX51__)
  28                  #define CYPACKED
  29                  #define CYPACKED_ATTR
  30                  #define CYALIGNED
  31                  
  32              #define CY_CFG_UNUSED
  33                  #define CY_CFG_MEMORY_BARRIER() do { } while (0)
  34          
  35          
  36          
  37                  #define CYMEMZERO(a,c) cymemzero((a),(c))
  38                  #define CYCONFIGCPY(d,s,c) cyconfigcpy((c),(s),(d))
  39                  #define CYCONFIGCPYCODE(d,s,c) cyconfigcpycode((c),(s),(d))
  40          #else
                      #error Unsupported toolchain
              #endif
  43          
  44          
  45          
  46          /* Clock startup error codes                                                   */
  47          #define CYCLOCKSTART_NO_ERROR    0u
  48          #define CYCLOCKSTART_XTAL_ERROR  1u
  49          #define CYCLOCKSTART_32KHZ_ERROR 2u
  50          #define CYCLOCKSTART_PLL_ERROR   3u
  51          
  52          #ifdef CY_NEED_CYCLOCKSTARTUPERROR
  53          /*******************************************************************************
C51 COMPILER V9.51   CYFITTER_CFG                                                          12/14/2013 00:57:45 PAGE 2   

  54          * Function Name: CyClockStartupError
  55          ********************************************************************************
  56          * Summary:
  57          *  If an error is encountered during clock configuration (crystal startup error,
  58          *  PLL lock error, etc.), the system will end up here.  Unless reimplemented by
  59          *  the customer, this function will stop in an infinite loop.
  60          *
  61          * Parameters:
  62          *   void
  63          *
  64          * Return:
  65          *   void
  66          *
  67          *******************************************************************************/
  68          CY_CFG_UNUSED
  69          static void CyClockStartupError(uint8 errorCode);
  70          CY_CFG_UNUSED
  71          static void CyClockStartupError(uint8 errorCode)
  72          {
  73   1          /* To remove the compiler warning if errorCode not used.                */
  74   1          errorCode = errorCode;
  75   1      
  76   1          /* `#START CyClockStartupError` */
  77   1      
  78   1          /* If we have a clock startup error (bad MHz crystal, PLL lock, etc.),  */
  79   1          /* we will end up here to allow the customer to implement something to  */
  80   1          /* deal with the clock condition.                                       */
  81   1      
  82   1          /* `#END` */
  83   1      
  84   1          /* If nothing else, stop here since the clocks have not started         */
  85   1          /* correctly.                                                           */
  86   1          while(1) {}
  87   1      }
  88          #endif
  89          
  90          #define cfg_byte_table ((const void CYFAR *)0x080000u)
  91          /* UDB_1_2_0_CONFIG Address: CYDEV_UCFG_B0_P3_U1_BASE Size (bytes): 128 */
  92          #define BS_UDB_1_2_0_CONFIG_VAL ((const uint8 CYFAR *)0x00080860u)
  93          
  94          /* UDB_0_5_1_CONFIG Address: CYDEV_UCFG_B0_P7_U1_BASE Size (bytes): 128 */
  95          #define BS_UDB_0_5_1_CONFIG_VAL ((const uint8 CYFAR *)0x000808E0u)
  96          
  97          /* IOPINS0_0 Address: CYREG_PRT0_DR Size (bytes): 10 */
  98          #define BS_IOPINS0_0_VAL ((const uint8 CYFAR *)0x00080960u)
  99          
 100          /* IOPINS0_7 Address: CYREG_PRT12_DR Size (bytes): 10 */
 101          #define BS_IOPINS0_7_VAL ((const uint8 CYFAR *)0x0008096Cu)
 102          
 103          /* IOPINS0_1 Address: CYREG_PRT1_DM0 Size (bytes): 8 */
 104          #define BS_IOPINS0_1_VAL ((const uint8 CYFAR *)0x00080978u)
 105          
 106          /* IOPINS0_4 Address: CYREG_PRT4_DM0 Size (bytes): 8 */
 107          #define BS_IOPINS0_4_VAL ((const uint8 CYFAR *)0x00080980u)
 108          
 109          /* IOPINS0_5 Address: CYREG_PRT5_DM0 Size (bytes): 8 */
 110          #define BS_IOPINS0_5_VAL ((const uint8 CYFAR *)0x00080988u)
 111          
 112          /* CYDEV_CLKDIST_ACFG0_CFG0 Address: CYREG_CLKDIST_ACFG0_CFG0 Size (bytes): 4 */
 113          #define BS_CYDEV_CLKDIST_ACFG0_CFG0_VAL ((const uint8 CYFAR *)0x00080990u)
 114          
 115          
C51 COMPILER V9.51   CYFITTER_CFG                                                          12/14/2013 00:57:45 PAGE 3   

 116          /*******************************************************************************
 117          * Function Name: ClockSetup
 118          ********************************************************************************
 119          *
 120          * Summary:
 121          *  Performs the initialization of all of the clocks in the device based on the
 122          *  settings in the Clock tab of the DWR.  This includes enabling the requested
 123          *  clocks and setting the necessary dividers to produce the desired frequency. 
 124          *
 125          * Parameters:
 126          *  void
 127          *
 128          * Return:
 129          *  void
 130          *
 131          *******************************************************************************/
 132          static void ClockSetup(void);
 133          static void ClockSetup(void)
 134          {
 135   1              uint32 timeout;
 136   1              uint8 pllLock;
 137   1      
 138   1      
 139   1              /* Configure Digital Clocks based on settings from Clock DWR */
 140   1              CY_SET_XTND_REG16((void CYFAR *)(CYREG_CLKDIST_DCFG0_CFG0), 0x0000u);
 141   1              CY_SET_REG8((void CYXDATA *)(CYREG_CLKDIST_DCFG0_CFG0 + 0x2u), 0x50u);
 142   1              CY_SET_XTND_REG16((void CYFAR *)(CYREG_CLKDIST_DCFG1_CFG0), 0x0000u);
 143   1              CY_SET_REG8((void CYXDATA *)(CYREG_CLKDIST_DCFG1_CFG0 + 0x2u), 0x58u);
 144   1              CY_SET_XTND_REG16((void CYFAR *)(CYREG_CLKDIST_DCFG2_CFG0), 0x0000u);
 145   1              CY_SET_REG8((void CYXDATA *)(CYREG_CLKDIST_DCFG2_CFG0 + 0x2u), 0x58u);
 146   1              CY_SET_XTND_REG16((void CYFAR *)(CYREG_CLKDIST_DCFG3_CFG0), 0x009Bu);
 147   1              CY_SET_REG8((void CYXDATA *)(CYREG_CLKDIST_DCFG3_CFG0 + 0x2u), 0x18u);
 148   1              CY_SET_XTND_REG16((void CYFAR *)(CYREG_CLKDIST_DCFG4_CFG0), 0x3A97u);
 149   1              CY_SET_REG8((void CYXDATA *)(CYREG_CLKDIST_DCFG4_CFG0 + 0x2u), 0x19u);
 150   1      
 151   1              /* Configure Analog Clocks based on settings from Clock DWR */
 152   1              CYCONFIGCPY((void CYFAR *)(CYREG_CLKDIST_ACFG0_CFG0), (const void CYFAR *)(BS_CYDEV_CLKDIST_ACFG0_CFG0_VA
             -L), 4u);
 153   1      
 154   1              /* Configure ILO based on settings from Clock DWR */
 155   1              CY_SET_REG8((void CYXDATA *)(CYREG_SLOWCLK_ILO_CR0), 0x02u);
 156   1              CY_SET_REG8((void CYXDATA *)(CYREG_CLKDIST_CR), 0x08u);
 157   1      
 158   1              /* Configure IMO based on settings from Clock DWR */
 159   1              CY_SET_REG8((void CYXDATA *)(CYREG_FASTCLK_IMO_CR), 0x03u);
 160   1              CY_SET_REG8((void CYXDATA *)(CYREG_IMO_TR1), (CY_GET_XTND_REG8((void CYFAR *)CYREG_FLSHID_CUST_TABLES_IMO
             -_3MHZ)));
 161   1      
 162   1              /* Configure PLL based on settings from Clock DWR */
 163   1              CY_SET_XTND_REG16((void CYFAR *)(CYREG_FASTCLK_PLL_P), 0x0010u);
 164   1              CY_SET_XTND_REG16((void CYFAR *)(CYREG_FASTCLK_PLL_CFG0), 0x1251u);
 165   1              /* Wait up to 250us for the PLL to lock */
 166   1              pllLock = 0u;
 167   1              for (timeout = 250u / 10u; (timeout > 0u) && (pllLock != 0x03u); timeout--)
 168   1              { 
 169   2                      pllLock = 0x03u & ((uint8)((uint8)pllLock << 1) | ((CY_GET_REG8((void CYXDATA *)CYREG_FASTCLK_PLL_SR) & 
             -0x01u) >> 0));
 170   2                      CyDelayCycles(10u * 48u); /* Delay 10us based on 48MHz clock */
 171   2              }
 172   1              /* If we ran out of time the PLL didn't lock so go to the error function */
 173   1              if (timeout == 0u)
 174   1              {
C51 COMPILER V9.51   CYFITTER_CFG                                                          12/14/2013 00:57:45 PAGE 4   

 175   2                      CyClockStartupError(CYCLOCKSTART_PLL_ERROR);
 176   2              }
 177   1      
 178   1              /* Configure Bus/Master Clock based on settings from Clock DWR */
 179   1              CY_SET_XTND_REG16((void CYFAR *)(CYREG_CLKDIST_MSTR0), 0x0100u);
 180   1              CY_SET_REG8((void CYXDATA *)(CYREG_CLKDIST_MSTR0), 0x07u);
 181   1              CY_SET_REG8((void CYXDATA *)(CYREG_CLKDIST_BCFG0), 0x00u);
 182   1              CY_SET_REG8((void CYXDATA *)(CYREG_CLKDIST_BCFG2), 0x48u);
 183   1              CY_SET_REG8((void CYXDATA *)(CYREG_CLKDIST_MSTR0), 0x00u);
 184   1              CY_SET_REG8((void CYXDATA *)(CYREG_CLKDIST_LD), 0x02u);
 185   1              CY_SET_REG8((void CYXDATA *)(CYREG_CLKDIST_DLY1), 0x04u);
 186   1      
 187   1              CY_SET_REG8((void CYXDATA *)(CYREG_PM_ACT_CFG2), ((CY_GET_REG8((void CYXDATA *)CYREG_PM_ACT_CFG2) | 0x1Fu
             -)));
 188   1              CY_SET_REG8((void CYXDATA *)(CYREG_PM_ACT_CFG1), ((CY_GET_REG8((void CYXDATA *)CYREG_PM_ACT_CFG1) | 0x01u
             -)));
 189   1              CY_SET_REG8((void CYXDATA *)(CYREG_PM_ACT_CFG0), ((CY_GET_REG8((void CYXDATA *)CYREG_PM_ACT_CFG0) | 0x80u
             -)));
 190   1      }
 191          
 192          
 193          /* Analog API Functions */
 194          
 195          
 196          /*******************************************************************************
 197          * Function Name: AnalogSetDefault
 198          ********************************************************************************
 199          *
 200          * Summary:
 201          *  Sets up the analog portions of the chip to default values based on chip
 202          *  configuration options from the project.
 203          *
 204          * Parameters:
 205          *  void
 206          *
 207          * Return:
 208          *  void
 209          *
 210          *******************************************************************************/
 211          static void AnalogSetDefault(void);
 212          static void AnalogSetDefault(void)
 213          {
 214   1              uint8 bg_xover_inl_trim = CY_GET_XTND_REG8((void CYFAR *)(CYREG_FLSHID_MFG_CFG_BG_XOVER_INL_TRIM + 1u));
 215   1              CY_SET_REG8((void CYXDATA *)(CYREG_BG_DFT0), (bg_xover_inl_trim & 0x07u));
 216   1              CY_SET_REG8((void CYXDATA *)(CYREG_BG_DFT1), ((bg_xover_inl_trim >> 4) & 0x0Fu));
 217   1              CY_SET_REG8((void CYXDATA *)CYREG_PRT0_AG, 0x28u);
 218   1              CY_SET_REG8((void CYXDATA *)CYREG_DSM0_SW0, 0x80u);
 219   1              CY_SET_REG8((void CYXDATA *)CYREG_DSM0_SW4, 0x20u);
 220   1              CY_SET_REG8((void CYXDATA *)CYREG_PUMP_CR0, 0x44u);
 221   1      }
 222          
 223          
 224          /*******************************************************************************
 225          * Function Name: SetAnalogRoutingPumps
 226          ********************************************************************************
 227          *
 228          * Summary:
 229          * Enables or disables the analog pumps feeding analog routing switches.
 230          * Intended to be called at startup, based on the Vdda system configuration;
 231          * may be called during operation when the user informs us that the Vdda voltage
 232          * crossed the pump threshold.
 233          *
C51 COMPILER V9.51   CYFITTER_CFG                                                          12/14/2013 00:57:45 PAGE 5   

 234          * Parameters:
 235          *  enabled - 1 to enable the pumps, 0 to disable the pumps
 236          *
 237          * Return:
 238          *  void
 239          *
 240          *******************************************************************************/
 241          void SetAnalogRoutingPumps(uint8 enabled)
 242          {
 243   1              uint8 regValue = CY_GET_REG8((void CYXDATA *)CYREG_PUMP_CR0);
 244   1              if (enabled != 0u)
 245   1              {
 246   2                      regValue |= 0x22u;
 247   2              }
 248   1              else
 249   1              {
 250   2                      regValue &= (uint8)~0x22u;
 251   2              }
 252   1              CY_SET_REG8((void CYXDATA *)CYREG_PUMP_CR0, regValue);
 253   1      }
 254          
 255          #define CY_AMUX_UNUSED CYREG_BOOST_SR
 256          
 257          
 258          /*******************************************************************************
 259          * Function Name: cyfitter_cfg
 260          ********************************************************************************
 261          * Summary:
 262          *  This function is called by the start-up code for the selected device. It
 263          *  performs all of the necessary device configuration based on the design
 264          *  settings.  This includes settings from the Design Wide Resources (DWR) such
 265          *  as Clocks and Pins as well as any component configuration that is necessary.
 266          *
 267          * Parameters:  
 268          *   void
 269          *
 270          * Return:
 271          *   void
 272          *
 273          *******************************************************************************/
 274          
 275          void cyfitter_cfg(void)
 276          {
 277   1              /* Enable/Disable Debug functionality based on settings from System DWR */
 278   1              CY_SET_XTND_REG8((void CYFAR *)CYREG_MLOGIC_DEBUG, (CY_GET_XTND_REG8((void CYFAR *)CYREG_MLOGIC_DEBUG) | 
             -0x05u));
 279   1      
 280   1              {
 281   2      
 282   2                      CYPACKED typedef struct {
 283   2                              void CYFAR *address;
 284   2                              uint16 size;
 285   2                      } CYPACKED_ATTR cfg_memset_t;
 286   2      
 287   2      
 288   2                      CYPACKED typedef struct {
 289   2                              void CYFAR *dest;
 290   2                              const void CYFAR *src;
 291   2                              uint16 size;
 292   2                      } CYPACKED_ATTR cfg_memcpy_t;
 293   2      
 294   2                      static const cfg_memset_t CYCODE cfg_memset_list [] = {
C51 COMPILER V9.51   CYFITTER_CFG                                                          12/14/2013 00:57:45 PAGE 6   

 295   2                              /* address, size */
 296   2                              {(void CYFAR *)(CYREG_PRT2_DR), 32u},
 297   2                              {(void CYFAR *)(CYREG_PRT6_DR), 16u},
 298   2                              {(void CYFAR *)(CYREG_PRT15_DR), 16u},
 299   2                              {(void CYFAR *)(CYDEV_UCFG_B0_P0_U0_BASE), 1664u},
 300   2                              {(void CYFAR *)(CYDEV_UCFG_B0_P3_ROUTE_BASE), 1920u},
 301   2                              {(void CYFAR *)(CYDEV_UCFG_B0_P7_ROUTE_BASE), 256u},
 302   2                              {(void CYFAR *)(CYDEV_UCFG_B1_P2_U0_BASE), 2048u},
 303   2                              {(void CYFAR *)(CYDEV_UCFG_DSI0_BASE), 2560u},
 304   2                              {(void CYFAR *)(CYDEV_UCFG_DSI12_BASE), 512u},
 305   2                              {(void CYFAR *)(CYREG_BCTL0_MDCLK_EN), 32u},
 306   2                      };
 307   2      
 308   2                      static const cfg_memcpy_t CYCODE cfg_memcpy_list [] = {
 309   2                              /* dest, src, size */
 310   2                              {(void CYFAR *)(CYDEV_UCFG_B0_P3_U1_BASE), BS_UDB_1_2_0_CONFIG_VAL, 128u},
 311   2                              {(void CYFAR *)(CYDEV_UCFG_B0_P7_U1_BASE), BS_UDB_0_5_1_CONFIG_VAL, 128u},
 312   2                      };
 313   2      
 314   2                      uint8 CYDATA i;
 315   2      
 316   2                      /* Zero out critical memory blocks before beginning configuration */
 317   2                      for (i = 0u; i < (sizeof(cfg_memset_list)/sizeof(cfg_memset_list[0])); i++)
 318   2                      {
 319   3                              const cfg_memset_t CYCODE * CYDATA ms = &cfg_memset_list[i];
 320   3                              CYMEMZERO(ms->address, ms->size);
 321   3                      }
 322   2      
 323   2                      /* Copy device configuration data into registers */
 324   2                      for (i = 0u; i < (sizeof(cfg_memcpy_list)/sizeof(cfg_memcpy_list[0])); i++)
 325   2                      {
 326   3                              const cfg_memcpy_t CYCODE * CYDATA mc = &cfg_memcpy_list[i];
 327   3                              void * CYDATA destPtr = mc->dest;
 328   3                              const void * CYDATA srcPtr = mc->src;
 329   3                              uint16 CYDATA numBytes = mc->size;
 330   3                              CYCONFIGCPY(destPtr, srcPtr, numBytes);
 331   3                      }
 332   2      
 333   2                      cfg_write_bytes(cfg_byte_table);
 334   2      
 335   2                      /* Perform normal device configuration. Order is not critical for these items. */
 336   2                      CY_SET_REG8((void CYXDATA *)(CYREG_DSM0_CR3), 0x0Au);
 337   2      
 338   2                      /* Enable digital routing */
 339   2                      CY_SET_XTND_REG8((void CYFAR *)CYREG_BCTL0_BANK_CTL, CY_GET_XTND_REG8((void CYFAR *)CYREG_BCTL0_BANK_CTL
             -) | 0x02u);
 340   2                      CY_SET_XTND_REG8((void CYFAR *)CYREG_BCTL1_BANK_CTL, CY_GET_XTND_REG8((void CYFAR *)CYREG_BCTL1_BANK_CTL
             -) | 0x02u);
 341   2      
 342   2                      /* Enable UDB array */
 343   2                      CY_SET_REG8((void CYXDATA *)CYREG_PM_ACT_CFG0, CY_GET_REG8((void CYXDATA *)CYREG_PM_ACT_CFG0) | 0x40u);
 344   2                      CY_SET_REG8((void CYXDATA *)CYREG_PM_AVAIL_CR2, CY_GET_REG8((void CYXDATA *)CYREG_PM_AVAIL_CR2) | 0x10u)
             -;
 345   2              }
 346   1      
 347   1              /* Perform second pass device configuration. These items must be configured in specific order after the r
             -egular configuration is done. */
 348   1              CYCONFIGCPY((void CYFAR *)(CYREG_PRT0_DR), (const void CYFAR *)(BS_IOPINS0_0_VAL), 10u);
 349   1              CYCONFIGCPY((void CYFAR *)(CYREG_PRT12_DR), (const void CYFAR *)(BS_IOPINS0_7_VAL), 10u);
 350   1              CYCONFIGCPY((void CYFAR *)(CYREG_PRT1_DM0), (const void CYFAR *)(BS_IOPINS0_1_VAL), 8u);
 351   1              CYCONFIGCPY((void CYFAR *)(CYREG_PRT4_DM0), (const void CYFAR *)(BS_IOPINS0_4_VAL), 8u);
 352   1              CYCONFIGCPY((void CYFAR *)(CYREG_PRT5_DM0), (const void CYFAR *)(BS_IOPINS0_5_VAL), 8u);
C51 COMPILER V9.51   CYFITTER_CFG                                                          12/14/2013 00:57:45 PAGE 7   

 353   1              CY_SET_REG8((void CYXDATA *)(CYREG_INTC_CSR_EN), 0x01u);
 354   1      
 355   1              /* Switch Boost to the precision bandgap reference from its internal reference */
 356   1              CY_SET_REG8((void CYXDATA *)CYREG_BOOST_CR2, (CY_GET_REG8((void CYXDATA *)CYREG_BOOST_CR2) | 0x08u));
 357   1              if (CYDEV_CHIP_REV_ACTUAL < 5u)
 358   1              {
 359   2                      CY_SET_REG8((void CYXDATA *)CYREG_PWRSYS_WAKE_TR2, 0x3Au);
 360   2              }
 361   1      
 362   1      
 363   1              /* Set Flash Cycles based on max possible frequency in case a glitch occurs during ClockSetup(). */
 364   1              CY_SET_REG8((void CYXDATA *)(CYREG_CACHE_CR), (((CYDEV_INSTRUCT_CACHE_ENABLED) != 0) ? 0xF1u : 0xC0u));
 365   1              /* Setup clocks based on selections from Clock DWR */
 366   1              ClockSetup();
 367   1      
 368   1              /* Perform basic analog initialization to defaults */
 369   1              AnalogSetDefault();
 370   1      
 371   1              /* Configure alternate active mode */
 372   1              CYCONFIGCPY((void CYFAR *)CYDEV_PM_STBY_BASE, (const void CYFAR *)CYDEV_PM_ACT_BASE, 14u);
 373   1              CY_SET_REG8((void CYXDATA *)CYREG_PM_STBY_CFG0, CY_GET_REG8((void CYXDATA *)CYREG_PM_STBY_CFG0) & (uint8)
             -~0x02u);        /* Disable CPU */
 374   1      }
C51 COMPILER V9.51   CYFITTER_CFG                                                          12/14/2013 00:57:45 PAGE 8   

ASSEMBLY LISTING OF GENERATED OBJECT CODE


             ; FUNCTION _CyClockStartupError (BEGIN)
                                           ; SOURCE LINE # 71
0000 900000      R     MOV     DPTR,#errorCode
0003 EF                MOV     A,R7
0004 F0                MOVX    @DPTR,A
                                           ; SOURCE LINE # 72
                                           ; SOURCE LINE # 74
0005 900000      R     MOV     DPTR,#errorCode
0008 E0                MOVX    A,@DPTR
0009 FF                MOV     R7,A
000A 900000      R     MOV     DPTR,#errorCode
000D EF                MOV     A,R7
000E F0                MOVX    @DPTR,A
000F         ?C0001:
                                           ; SOURCE LINE # 86
000F 80FE              SJMP    ?C0001
0011 22                RET     
             ; FUNCTION _CyClockStartupError (END)

             ; FUNCTION ClockSetup (BEGIN)
                                           ; SOURCE LINE # 133
                                           ; SOURCE LINE # 134
                                           ; SOURCE LINE # 140
0000 7B00              MOV     R3,#00H
0002 7A40              MOV     R2,#040H
0004 7980              MOV     R1,#080H
0006 7D00              MOV     R5,#00H
0008 7C00              MOV     R4,#00H
000A 120000      E     LCALL   _cywrite16
                                           ; SOURCE LINE # 141
000D 904082            MOV     DPTR,#04082H
0010 7450              MOV     A,#050H
0012 F0                MOVX    @DPTR,A
                                           ; SOURCE LINE # 142
0013 7B00              MOV     R3,#00H
0015 7A40              MOV     R2,#040H
0017 7984              MOV     R1,#084H
0019 7D00              MOV     R5,#00H
001B 7C00              MOV     R4,#00H
001D 120000      E     LCALL   _cywrite16
                                           ; SOURCE LINE # 143
0020 904086            MOV     DPTR,#04086H
0023 7458              MOV     A,#058H
0025 F0                MOVX    @DPTR,A
                                           ; SOURCE LINE # 144
0026 7B00              MOV     R3,#00H
0028 7A40              MOV     R2,#040H
002A 7988              MOV     R1,#088H
002C 7D00              MOV     R5,#00H
002E 7C00              MOV     R4,#00H
0030 120000      E     LCALL   _cywrite16
                                           ; SOURCE LINE # 145
0033 90408A            MOV     DPTR,#0408AH
0036 7458              MOV     A,#058H
0038 F0                MOVX    @DPTR,A
                                           ; SOURCE LINE # 146
0039 7B00              MOV     R3,#00H
003B 7A40              MOV     R2,#040H
003D 798C              MOV     R1,#08CH
C51 COMPILER V9.51   CYFITTER_CFG                                                          12/14/2013 00:57:45 PAGE 9   

003F 7D9B              MOV     R5,#09BH
0041 7C00              MOV     R4,#00H
0043 120000      E     LCALL   _cywrite16
                                           ; SOURCE LINE # 147
0046 90408E            MOV     DPTR,#0408EH
0049 7418              MOV     A,#018H
004B F0                MOVX    @DPTR,A
                                           ; SOURCE LINE # 148
004C 7B00              MOV     R3,#00H
004E 7A40              MOV     R2,#040H
0050 7990              MOV     R1,#090H
0052 7D97              MOV     R5,#097H
0054 7C3A              MOV     R4,#03AH
0056 120000      E     LCALL   _cywrite16
                                           ; SOURCE LINE # 149
0059 904092            MOV     DPTR,#04092H
005C 7419              MOV     A,#019H
005E F0                MOVX    @DPTR,A
                                           ; SOURCE LINE # 152
005F 7B08              MOV     R3,#08H
0061 7A09              MOV     R2,#09H
0063 7990              MOV     R1,#090H
0065 C003              PUSH    AR3
0067 C002              PUSH    AR2
0069 C001              PUSH    AR1
006B 7B00              MOV     R3,#00H
006D 7A41              MOV     R2,#041H
006F 7900              MOV     R1,#00H
0071 900000      E     MOV     DPTR,#?_cyconfigcpy?BYTE+05H
0074 120000      E     LCALL   ?C?PSTXDATA
0077 D001              POP     AR1
0079 D002              POP     AR2
007B D003              POP     AR3
007D 7F04              MOV     R7,#04H
007F 7E00              MOV     R6,#00H
0081 120000      E     LCALL   _cyconfigcpy
                                           ; SOURCE LINE # 155
0084 904300            MOV     DPTR,#04300H
0087 7402              MOV     A,#02H
0089 F0                MOVX    @DPTR,A
                                           ; SOURCE LINE # 156
008A 904000            MOV     DPTR,#04000H
008D 7408              MOV     A,#08H
008F F0                MOVX    @DPTR,A
                                           ; SOURCE LINE # 159
0090 904200            MOV     DPTR,#04200H
0093 7403              MOV     A,#03H
0095 F0                MOVX    @DPTR,A
                                           ; SOURCE LINE # 160
0096 7B0C              MOV     R3,#0CH
0098 7A01              MOV     R2,#01H
009A 7908              MOV     R1,#08H
009C 120000      E     LCALL   _cyread8
009F 9046A1            MOV     DPTR,#046A1H
00A2 EF                MOV     A,R7
00A3 F0                MOVX    @DPTR,A
                                           ; SOURCE LINE # 163
00A4 7B00              MOV     R3,#00H
00A6 7A42              MOV     R2,#042H
00A8 7922              MOV     R1,#022H
00AA 7D10              MOV     R5,#010H
00AC 7C00              MOV     R4,#00H
C51 COMPILER V9.51   CYFITTER_CFG                                                          12/14/2013 00:57:45 PAGE 10  

00AE 120000      E     LCALL   _cywrite16
                                           ; SOURCE LINE # 164
00B1 7B00              MOV     R3,#00H
00B3 7A42              MOV     R2,#042H
00B5 7920              MOV     R1,#020H
00B7 7D51              MOV     R5,#051H
00B9 7C12              MOV     R4,#012H
00BB 120000      E     LCALL   _cywrite16
                                           ; SOURCE LINE # 166
00BE 900000      R     MOV     DPTR,#pllLock
00C1 E4                CLR     A
00C2 F0                MOVX    @DPTR,A
                                           ; SOURCE LINE # 167
00C3 7F19              MOV     R7,#019H
00C5 7E00              MOV     R6,#00H
00C7 7D00              MOV     R5,#00H
00C9 7C00              MOV     R4,#00H
00CB 900000      R     MOV     DPTR,#timeout
00CE 120000      E     LCALL   ?C?LSTXDATA
00D1         ?C0004:
00D1 900000      R     MOV     DPTR,#timeout
00D4 120000      E     LCALL   ?C?LLDXDATA
00D7 D3                SETB    C
00D8 EF                MOV     A,R7
00D9 9400              SUBB    A,#00H
00DB EE                MOV     A,R6
00DC 9400              SUBB    A,#00H
00DE 404E              JC      ?C0005
00E0 900000      R     MOV     DPTR,#pllLock
00E3 E0                MOVX    A,@DPTR
00E4 FF                MOV     R7,A
00E5 EF                MOV     A,R7
00E6 6403              XRL     A,#03H
00E8 6044              JZ      ?C0005
                                           ; SOURCE LINE # 168
                                           ; SOURCE LINE # 169
00EA 904225            MOV     DPTR,#04225H
00ED E0                MOVX    A,@DPTR
00EE FF                MOV     R7,A
00EF EF                MOV     A,R7
00F0 5401              ANL     A,#01H
00F2 FF                MOV     R7,A
00F3 7E00              MOV     R6,#00H
00F5 900000      R     MOV     DPTR,#pllLock
00F8 E0                MOVX    A,@DPTR
00F9 FE                MOV     R6,A
00FA EE                MOV     A,R6
00FB 25E0              ADD     A,ACC
00FD FE                MOV     R6,A
00FE EE                MOV     A,R6
00FF 4F                ORL     A,R7
0100 FF                MOV     R7,A
0101 EF                MOV     A,R7
0102 5403              ANL     A,#03H
0104 FF                MOV     R7,A
0105 900000      R     MOV     DPTR,#pllLock
0108 EF                MOV     A,R7
0109 F0                MOVX    @DPTR,A
                                           ; SOURCE LINE # 170
010A 7FE0              MOV     R7,#0E0H
010C 7E01              MOV     R6,#01H
010E 7D00              MOV     R5,#00H
C51 COMPILER V9.51   CYFITTER_CFG                                                          12/14/2013 00:57:45 PAGE 11  

0110 7C00              MOV     R4,#00H
0112 120000      E     LCALL   _CyDelayCycles
                                           ; SOURCE LINE # 171
0115 900000      R     MOV     DPTR,#timeout
0118 120000      E     LCALL   ?C?LLDXDATA
011B 7BFF              MOV     R3,#0FFH
011D 7AFF              MOV     R2,#0FFH
011F 79FF              MOV     R1,#0FFH
0121 78FF              MOV     R0,#0FFH
0123 120000      E     LCALL   ?C?LADD
0126 900000      R     MOV     DPTR,#timeout
0129 120000      E     LCALL   ?C?LSTXDATA
012C 80A3              SJMP    ?C0004
012E         ?C0005:
                                           ; SOURCE LINE # 173
012E 900000      R     MOV     DPTR,#timeout
0131 120000      E     LCALL   ?C?LLDXDATA
0134 EF                MOV     A,R7
0135 4E                ORL     A,R6
0136 7005              JNZ     ?C0007
                                           ; SOURCE LINE # 174
                                           ; SOURCE LINE # 175
0138 7F03              MOV     R7,#03H
013A 120000      R     LCALL   _CyClockStartupError
                                           ; SOURCE LINE # 176
013D         ?C0007:
                                           ; SOURCE LINE # 179
013D 7B00              MOV     R3,#00H
013F 7A40              MOV     R2,#040H
0141 7904              MOV     R1,#04H
0143 7D00              MOV     R5,#00H
0145 7C01              MOV     R4,#01H
0147 120000      E     LCALL   _cywrite16
                                           ; SOURCE LINE # 180
014A 904004            MOV     DPTR,#04004H
014D 7407              MOV     A,#07H
014F F0                MOVX    @DPTR,A
                                           ; SOURCE LINE # 181
0150 904006            MOV     DPTR,#04006H
0153 E4                CLR     A
0154 F0                MOVX    @DPTR,A
                                           ; SOURCE LINE # 182
0155 904008            MOV     DPTR,#04008H
0158 7448              MOV     A,#048H
015A F0                MOVX    @DPTR,A
                                           ; SOURCE LINE # 183
015B 904004            MOV     DPTR,#04004H
015E E4                CLR     A
015F F0                MOVX    @DPTR,A
                                           ; SOURCE LINE # 184
0160 904001            MOV     DPTR,#04001H
0163 7402              MOV     A,#02H
0165 F0                MOVX    @DPTR,A
                                           ; SOURCE LINE # 185
0166 90400B            MOV     DPTR,#0400BH
0169 7404              MOV     A,#04H
016B F0                MOVX    @DPTR,A
                                           ; SOURCE LINE # 187
016C 9043A2            MOV     DPTR,#043A2H
016F E0                MOVX    A,@DPTR
0170 FF                MOV     R7,A
0171 EF                MOV     A,R7
C51 COMPILER V9.51   CYFITTER_CFG                                                          12/14/2013 00:57:45 PAGE 12  

0172 441F              ORL     A,#01FH
0174 FF                MOV     R7,A
0175 9043A2            MOV     DPTR,#043A2H
0178 EF                MOV     A,R7
0179 F0                MOVX    @DPTR,A
                                           ; SOURCE LINE # 188
017A 9043A1            MOV     DPTR,#043A1H
017D E0                MOVX    A,@DPTR
017E FF                MOV     R7,A
017F EF                MOV     A,R7
0180 4401              ORL     A,#01H
0182 FF                MOV     R7,A
0183 9043A1            MOV     DPTR,#043A1H
0186 EF                MOV     A,R7
0187 F0                MOVX    @DPTR,A
                                           ; SOURCE LINE # 189
0188 9043A0            MOV     DPTR,#043A0H
018B E0                MOVX    A,@DPTR
018C FF                MOV     R7,A
018D EF                MOV     A,R7
018E 4480              ORL     A,#080H
0190 FF                MOV     R7,A
0191 9043A0            MOV     DPTR,#043A0H
0194 EF                MOV     A,R7
0195 F0                MOVX    @DPTR,A
                                           ; SOURCE LINE # 190
0196 22                RET     
             ; FUNCTION ClockSetup (END)

             ; FUNCTION AnalogSetDefault (BEGIN)
                                           ; SOURCE LINE # 212
                                           ; SOURCE LINE # 213
                                           ; SOURCE LINE # 214
0000 7B0C              MOV     R3,#0CH
0002 7A01              MOV     R2,#01H
0004 79CF              MOV     R1,#0CFH
0006 120000      E     LCALL   _cyread8
0009 900000      R     MOV     DPTR,#bg_xover_inl_trim
000C EF                MOV     A,R7
000D F0                MOVX    @DPTR,A
                                           ; SOURCE LINE # 215
000E 900000      R     MOV     DPTR,#bg_xover_inl_trim
0011 E0                MOVX    A,@DPTR
0012 FF                MOV     R7,A
0013 EF                MOV     A,R7
0014 5407              ANL     A,#07H
0016 FF                MOV     R7,A
0017 90586E            MOV     DPTR,#0586EH
001A EF                MOV     A,R7
001B F0                MOVX    @DPTR,A
                                           ; SOURCE LINE # 216
001C 900000      R     MOV     DPTR,#bg_xover_inl_trim
001F E0                MOVX    A,@DPTR
0020 FF                MOV     R7,A
0021 EF                MOV     A,R7
0022 C4                SWAP    A
0023 540F              ANL     A,#0FH
0025 FF                MOV     R7,A
0026 EF                MOV     A,R7
0027 540F              ANL     A,#0FH
0029 FF                MOV     R7,A
002A 90586F            MOV     DPTR,#0586FH
C51 COMPILER V9.51   CYFITTER_CFG                                                          12/14/2013 00:57:45 PAGE 13  

002D EF                MOV     A,R7
002E F0                MOVX    @DPTR,A
                                           ; SOURCE LINE # 217
002F 90510D            MOV     DPTR,#0510DH
0032 7428              MOV     A,#028H
0034 F0                MOVX    @DPTR,A
                                           ; SOURCE LINE # 218
0035 905B00            MOV     DPTR,#05B00H
0038 7480              MOV     A,#080H
003A F0                MOVX    @DPTR,A
                                           ; SOURCE LINE # 219
003B 905B04            MOV     DPTR,#05B04H
003E 7420              MOV     A,#020H
0040 F0                MOVX    @DPTR,A
                                           ; SOURCE LINE # 220
0041 905876            MOV     DPTR,#05876H
0044 7444              MOV     A,#044H
0046 F0                MOVX    @DPTR,A
                                           ; SOURCE LINE # 221
0047 22                RET     
             ; FUNCTION AnalogSetDefault (END)

             ; FUNCTION _SetAnalogRoutingPumps (BEGIN)
                                           ; SOURCE LINE # 241
0000 900000      R     MOV     DPTR,#enabled
0003 EF                MOV     A,R7
0004 F0                MOVX    @DPTR,A
                                           ; SOURCE LINE # 242
                                           ; SOURCE LINE # 243
0005 905876            MOV     DPTR,#05876H
0008 E0                MOVX    A,@DPTR
0009 FF                MOV     R7,A
000A 900000      R     MOV     DPTR,#regValue
000D EF                MOV     A,R7
000E F0                MOVX    @DPTR,A
                                           ; SOURCE LINE # 244
000F 900000      R     MOV     DPTR,#enabled
0012 E0                MOVX    A,@DPTR
0013 FF                MOV     R7,A
0014 EF                MOV     A,R7
0015 6010              JZ      ?C0010
                                           ; SOURCE LINE # 245
                                           ; SOURCE LINE # 246
0017 900000      R     MOV     DPTR,#regValue
001A E0                MOVX    A,@DPTR
001B FF                MOV     R7,A
001C EF                MOV     A,R7
001D 4422              ORL     A,#022H
001F FF                MOV     R7,A
0020 900000      R     MOV     DPTR,#regValue
0023 EF                MOV     A,R7
0024 F0                MOVX    @DPTR,A
                                           ; SOURCE LINE # 247
0025 800E              SJMP    ?C0011
0027         ?C0010:
                                           ; SOURCE LINE # 249
                                           ; SOURCE LINE # 250
0027 900000      R     MOV     DPTR,#regValue
002A E0                MOVX    A,@DPTR
002B FF                MOV     R7,A
002C EF                MOV     A,R7
002D 54DD              ANL     A,#0DDH
C51 COMPILER V9.51   CYFITTER_CFG                                                          12/14/2013 00:57:45 PAGE 14  

002F FF                MOV     R7,A
0030 900000      R     MOV     DPTR,#regValue
0033 EF                MOV     A,R7
0034 F0                MOVX    @DPTR,A
                                           ; SOURCE LINE # 251
0035         ?C0011:
                                           ; SOURCE LINE # 252
0035 900000      R     MOV     DPTR,#regValue
0038 E0                MOVX    A,@DPTR
0039 FF                MOV     R7,A
003A 905876            MOV     DPTR,#05876H
003D EF                MOV     A,R7
003E F0                MOVX    @DPTR,A
                                           ; SOURCE LINE # 253
003F 22                RET     
             ; FUNCTION _SetAnalogRoutingPumps (END)

             ; FUNCTION cyfitter_cfg (BEGIN)
                                           ; SOURCE LINE # 275
                                           ; SOURCE LINE # 276
                                           ; SOURCE LINE # 278
0000 7B00              MOV     R3,#00H
0002 7A46              MOV     R2,#046H
0004 79E8              MOV     R1,#0E8H
0006 120000      E     LCALL   _cyread8
0009 EF                MOV     A,R7
000A 4405              ORL     A,#05H
000C FD                MOV     R5,A
000D 7B00              MOV     R3,#00H
000F 7A46              MOV     R2,#046H
0011 79E8              MOV     R1,#0E8H
0013 120000      E     LCALL   _cywrite8
                                           ; SOURCE LINE # 280
                                           ; SOURCE LINE # 317
0016 750000      R     MOV     i,#00H
0019         ?C0013:
0019 E500        R     MOV     A,i
001B C3                CLR     C
001C 940A              SUBB    A,#0AH
001E 503A              JNC     ?C0014
                                           ; SOURCE LINE # 318
                                           ; SOURCE LINE # 319
0020 AF00        R     MOV     R7,i
0022 EF                MOV     A,R7
0023 75F005            MOV     B,#05H
0026 A4                MUL     AB
0027 2400        R     ADD     A,#LOW cfg_memset_list
0029 F582              MOV     DPL,A
002B E4                CLR     A
002C 3400        R     ADDC    A,#HIGH cfg_memset_list
002E F583              MOV     DPH,A
0030 AF82              MOV     R7,DPL
0032 AE83              MOV     R6,DPH
0034 8E00        R     MOV     ms,R6
0036 8F00        R     MOV     ms+01H,R7
                                           ; SOURCE LINE # 320
0038 AE00        R     MOV     R6,ms
003A AF00        R     MOV     R7,ms+01H
003C 8F82              MOV     DPL,R7
003E 8E83              MOV     DPH,R6
0040 120000      E     LCALL   ?C?PLDCODE
0043 AE00        R     MOV     R6,ms
C51 COMPILER V9.51   CYFITTER_CFG                                                          12/14/2013 00:57:45 PAGE 15  

0045 AF00        R     MOV     R7,ms+01H
0047 8F82              MOV     DPL,R7
0049 8E83              MOV     DPH,R6
004B 7403              MOV     A,#03H
004D 93                MOVC    A,@A+DPTR
004E FC                MOV     R4,A
004F 7404              MOV     A,#04H
0051 93                MOVC    A,@A+DPTR
0052 FD                MOV     R5,A
0053 120000      E     LCALL   _cymemzero
                                           ; SOURCE LINE # 321
0056 0500        R     INC     i
0058 80BF              SJMP    ?C0013
005A         ?C0014:
                                           ; SOURCE LINE # 324
005A 750000      R     MOV     i,#00H
005D         ?C0016:
005D E500        R     MOV     A,i
005F C3                CLR     C
0060 9402              SUBB    A,#02H
0062 5078              JNC     ?C0017
                                           ; SOURCE LINE # 325
                                           ; SOURCE LINE # 326
0064 AF00        R     MOV     R7,i
0066 EF                MOV     A,R7
0067 75F008            MOV     B,#08H
006A A4                MUL     AB
006B 2400        R     ADD     A,#LOW cfg_memcpy_list
006D F582              MOV     DPL,A
006F E4                CLR     A
0070 3400        R     ADDC    A,#HIGH cfg_memcpy_list
0072 F583              MOV     DPH,A
0074 AF82              MOV     R7,DPL
0076 AE83              MOV     R6,DPH
0078 8E00        R     MOV     mc,R6
007A 8F00        R     MOV     mc+01H,R7
                                           ; SOURCE LINE # 327
007C AE00        R     MOV     R6,mc
007E AF00        R     MOV     R7,mc+01H
0080 8F82              MOV     DPL,R7
0082 8E83              MOV     DPH,R6
0084 120000      E     LCALL   ?C?PLDCODE
0087 8B00        R     MOV     destPtr,R3
0089 8A00        R     MOV     destPtr+01H,R2
008B 8900        R     MOV     destPtr+02H,R1
                                           ; SOURCE LINE # 328
008D AE00        R     MOV     R6,mc
008F AF00        R     MOV     R7,mc+01H
0091 8F82              MOV     DPL,R7
0093 8E83              MOV     DPH,R6
0095 A3                INC     DPTR
0096 A3                INC     DPTR
0097 A3                INC     DPTR
0098 120000      E     LCALL   ?C?PLDCODE
009B 8B00        R     MOV     srcPtr,R3
009D 8A00        R     MOV     srcPtr+01H,R2
009F 8900        R     MOV     srcPtr+02H,R1
                                           ; SOURCE LINE # 329
00A1 AE00        R     MOV     R6,mc
00A3 AF00        R     MOV     R7,mc+01H
00A5 8F82              MOV     DPL,R7
00A7 8E83              MOV     DPH,R6
C51 COMPILER V9.51   CYFITTER_CFG                                                          12/14/2013 00:57:45 PAGE 16  

00A9 7406              MOV     A,#06H
00AB 93                MOVC    A,@A+DPTR
00AC F500        R     MOV     numBytes,A
00AE 7407              MOV     A,#07H
00B0 93                MOVC    A,@A+DPTR
00B1 F500        R     MOV     numBytes+01H,A
                                           ; SOURCE LINE # 330
00B3 AB00        R     MOV     R3,srcPtr
00B5 AA00        R     MOV     R2,srcPtr+01H
00B7 A900        R     MOV     R1,srcPtr+02H
00B9 C003              PUSH    AR3
00BB C002              PUSH    AR2
00BD C001              PUSH    AR1
00BF AB00        R     MOV     R3,destPtr
00C1 AA00        R     MOV     R2,destPtr+01H
00C3 A900        R     MOV     R1,destPtr+02H
00C5 900000      E     MOV     DPTR,#?_cyconfigcpy?BYTE+05H
00C8 120000      E     LCALL   ?C?PSTXDATA
00CB D001              POP     AR1
00CD D002              POP     AR2
00CF D003              POP     AR3
00D1 AF00        R     MOV     R7,numBytes+01H
00D3 AE00        R     MOV     R6,numBytes
00D5 120000      E     LCALL   _cyconfigcpy
                                           ; SOURCE LINE # 331
00D8 0500        R     INC     i
00DA 8081              SJMP    ?C0016
00DC         ?C0017:
                                           ; SOURCE LINE # 333
00DC 7B08              MOV     R3,#08H
00DE 7A00              MOV     R2,#00H
00E0 7900              MOV     R1,#00H
00E2 120000      E     LCALL   _cfg_write_bytes
                                           ; SOURCE LINE # 336
00E5 905883            MOV     DPTR,#05883H
00E8 740A              MOV     A,#0AH
00EA F0                MOVX    @DPTR,A
                                           ; SOURCE LINE # 339
00EB 7B01              MOV     R3,#01H
00ED 7A50              MOV     R2,#050H
00EF 7903              MOV     R1,#03H
00F1 120000      E     LCALL   _cyread8
00F4 EF                MOV     A,R7
00F5 4402              ORL     A,#02H
00F7 FD                MOV     R5,A
00F8 7B01              MOV     R3,#01H
00FA 7A50              MOV     R2,#050H
00FC 7903              MOV     R1,#03H
00FE 120000      E     LCALL   _cywrite8
                                           ; SOURCE LINE # 340
0101 7B01              MOV     R3,#01H
0103 7A50              MOV     R2,#050H
0105 7913              MOV     R1,#013H
0107 120000      E     LCALL   _cyread8
010A EF                MOV     A,R7
010B 4402              ORL     A,#02H
010D FD                MOV     R5,A
010E 7B01              MOV     R3,#01H
0110 7A50              MOV     R2,#050H
0112 7913              MOV     R1,#013H
0114 120000      E     LCALL   _cywrite8
                                           ; SOURCE LINE # 343
C51 COMPILER V9.51   CYFITTER_CFG                                                          12/14/2013 00:57:45 PAGE 17  

0117 9043A0            MOV     DPTR,#043A0H
011A E0                MOVX    A,@DPTR
011B FF                MOV     R7,A
011C EF                MOV     A,R7
011D 4440              ORL     A,#040H
011F FF                MOV     R7,A
0120 9043A0            MOV     DPTR,#043A0H
0123 EF                MOV     A,R7
0124 F0                MOVX    @DPTR,A
                                           ; SOURCE LINE # 344
0125 9043C2            MOV     DPTR,#043C2H
0128 E0                MOVX    A,@DPTR
0129 FF                MOV     R7,A
012A EF                MOV     A,R7
012B 4410              ORL     A,#010H
012D FF                MOV     R7,A
012E 9043C2            MOV     DPTR,#043C2H
0131 EF                MOV     A,R7
0132 F0                MOVX    @DPTR,A
                                           ; SOURCE LINE # 345
                                           ; SOURCE LINE # 348
0133 7B08              MOV     R3,#08H
0135 7A09              MOV     R2,#09H
0137 7960              MOV     R1,#060H
0139 C003              PUSH    AR3
013B C002              PUSH    AR2
013D C001              PUSH    AR1
013F 7B00              MOV     R3,#00H
0141 7A51              MOV     R2,#051H
0143 7900              MOV     R1,#00H
0145 900000      E     MOV     DPTR,#?_cyconfigcpy?BYTE+05H
0148 120000      E     LCALL   ?C?PSTXDATA
014B D001              POP     AR1
014D D002              POP     AR2
014F D003              POP     AR3
0151 7F0A              MOV     R7,#0AH
0153 7E00              MOV     R6,#00H
0155 120000      E     LCALL   _cyconfigcpy
                                           ; SOURCE LINE # 349
0158 7B08              MOV     R3,#08H
015A 7A09              MOV     R2,#09H
015C 796C              MOV     R1,#06CH
015E C003              PUSH    AR3
0160 C002              PUSH    AR2
0162 C001              PUSH    AR1
0164 7B00              MOV     R3,#00H
0166 7A51              MOV     R2,#051H
0168 79C0              MOV     R1,#0C0H
016A 900000      E     MOV     DPTR,#?_cyconfigcpy?BYTE+05H
016D 120000      E     LCALL   ?C?PSTXDATA
0170 D001              POP     AR1
0172 D002              POP     AR2
0174 D003              POP     AR3
0176 7F0A              MOV     R7,#0AH
0178 7E00              MOV     R6,#00H
017A 120000      E     LCALL   _cyconfigcpy
                                           ; SOURCE LINE # 350
017D 7B08              MOV     R3,#08H
017F 7A09              MOV     R2,#09H
0181 7978              MOV     R1,#078H
0183 C003              PUSH    AR3
0185 C002              PUSH    AR2
C51 COMPILER V9.51   CYFITTER_CFG                                                          12/14/2013 00:57:45 PAGE 18  

0187 C001              PUSH    AR1
0189 7B00              MOV     R3,#00H
018B 7A51              MOV     R2,#051H
018D 7912              MOV     R1,#012H
018F 900000      E     MOV     DPTR,#?_cyconfigcpy?BYTE+05H
0192 120000      E     LCALL   ?C?PSTXDATA
0195 D001              POP     AR1
0197 D002              POP     AR2
0199 D003              POP     AR3
019B 7F08              MOV     R7,#08H
019D 7E00              MOV     R6,#00H
019F 120000      E     LCALL   _cyconfigcpy
                                           ; SOURCE LINE # 351
01A2 7B08              MOV     R3,#08H
01A4 7A09              MOV     R2,#09H
01A6 7980              MOV     R1,#080H
01A8 C003              PUSH    AR3
01AA C002              PUSH    AR2
01AC C001              PUSH    AR1
01AE 7B00              MOV     R3,#00H
01B0 7A51              MOV     R2,#051H
01B2 7942              MOV     R1,#042H
01B4 900000      E     MOV     DPTR,#?_cyconfigcpy?BYTE+05H
01B7 120000      E     LCALL   ?C?PSTXDATA
01BA D001              POP     AR1
01BC D002              POP     AR2
01BE D003              POP     AR3
01C0 7F08              MOV     R7,#08H
01C2 7E00              MOV     R6,#00H
01C4 120000      E     LCALL   _cyconfigcpy
                                           ; SOURCE LINE # 352
01C7 7B08              MOV     R3,#08H
01C9 7A09              MOV     R2,#09H
01CB 7988              MOV     R1,#088H
01CD C003              PUSH    AR3
01CF C002              PUSH    AR2
01D1 C001              PUSH    AR1
01D3 7B00              MOV     R3,#00H
01D5 7A51              MOV     R2,#051H
01D7 7952              MOV     R1,#052H
01D9 900000      E     MOV     DPTR,#?_cyconfigcpy?BYTE+05H
01DC 120000      E     LCALL   ?C?PSTXDATA
01DF D001              POP     AR1
01E1 D002              POP     AR2
01E3 D003              POP     AR3
01E5 7F08              MOV     R7,#08H
01E7 7E00              MOV     R6,#00H
01E9 120000      E     LCALL   _cyconfigcpy
                                           ; SOURCE LINE # 353
01EC 9044F4            MOV     DPTR,#044F4H
01EF 7401              MOV     A,#01H
01F1 F0                MOVX    @DPTR,A
                                           ; SOURCE LINE # 356
01F2 904322            MOV     DPTR,#04322H
01F5 E0                MOVX    A,@DPTR
01F6 FF                MOV     R7,A
01F7 EF                MOV     A,R7
01F8 4408              ORL     A,#08H
01FA FF                MOV     R7,A
01FB 904322            MOV     DPTR,#04322H
01FE EF                MOV     A,R7
01FF F0                MOVX    @DPTR,A
C51 COMPILER V9.51   CYFITTER_CFG                                                          12/14/2013 00:57:45 PAGE 19  

                                           ; SOURCE LINE # 357
0200 9046EC            MOV     DPTR,#046ECH
0203 E0                MOVX    A,@DPTR
0204 FF                MOV     R7,A
0205 EF                MOV     A,R7
0206 C3                CLR     C
0207 9405              SUBB    A,#05H
0209 5006              JNC     ?C0019
                                           ; SOURCE LINE # 358
                                           ; SOURCE LINE # 359
020B 904689            MOV     DPTR,#04689H
020E 743A              MOV     A,#03AH
0210 F0                MOVX    @DPTR,A
                                           ; SOURCE LINE # 360
0211         ?C0019:
                                           ; SOURCE LINE # 364
0211 904800            MOV     DPTR,#04800H
0214 74F1              MOV     A,#0F1H
0216 F0                MOVX    @DPTR,A
                                           ; SOURCE LINE # 366
0217 120000      R     LCALL   ClockSetup
                                           ; SOURCE LINE # 369
021A 120000      R     LCALL   AnalogSetDefault
                                           ; SOURCE LINE # 372
021D 7B00              MOV     R3,#00H
021F 7A43              MOV     R2,#043H
0221 79A0              MOV     R1,#0A0H
0223 C003              PUSH    AR3
0225 C002              PUSH    AR2
0227 C001              PUSH    AR1
0229 7B00              MOV     R3,#00H
022B 7A43              MOV     R2,#043H
022D 79B0              MOV     R1,#0B0H
022F 900000      E     MOV     DPTR,#?_cyconfigcpy?BYTE+05H
0232 120000      E     LCALL   ?C?PSTXDATA
0235 D001              POP     AR1
0237 D002              POP     AR2
0239 D003              POP     AR3
023B 7F0E              MOV     R7,#0EH
023D 7E00              MOV     R6,#00H
023F 120000      E     LCALL   _cyconfigcpy
                                           ; SOURCE LINE # 373
0242 9043B0            MOV     DPTR,#043B0H
0245 E0                MOVX    A,@DPTR
0246 FF                MOV     R7,A
0247 EF                MOV     A,R7
0248 54FD              ANL     A,#0FDH
024A FF                MOV     R7,A
024B EF                MOV     A,R7
024C F0                MOVX    @DPTR,A
                                           ; SOURCE LINE # 374
024D 22                RET     
             ; FUNCTION cyfitter_cfg (END)



MODULE INFORMATION:   STATIC OVERLAYABLE
   CODE SIZE        =   1151    ----
   CONSTANT SIZE    =     66    ----
   XDATA SIZE       =   ----       9
   PDATA SIZE       =   ----    ----
   DATA SIZE        =   ----      13
C51 COMPILER V9.51   CYFITTER_CFG                                                          12/14/2013 00:57:45 PAGE 20  

   IDATA SIZE       =   ----    ----
   BIT SIZE         =   ----    ----
   EDATA SIZE       =   ----    ----
   HDATA SIZE       =   ----    ----
   XDATA CONST SIZE =   ----    ----
   FAR CONST SIZE   =   ----    ----
END OF MODULE INFORMATION.


C51 COMPILATION COMPLETE.  0 WARNING(S),  0 ERROR(S)
