C51 COMPILER V9.51   UART_1_INT                                                            11/23/2013 20:52:53 PAGE 1   


C51 COMPILER V9.51, COMPILATION OF MODULE UART_1_INT
OBJECT MODULE PLACED IN .\DP8051\DP8051_Keil_951\Debug\UART_1_INT.obj
COMPILER INVOKED BY: C:\Program Files\Cypress\PSoC Creator\3.0\PSoC Creator\import\keil\pk51\9.51\C51\BIN\c51.exe .\Gene
                    -rated_Source\PSoC3\UART_1_INT.c NOIV LARGE MODDP2 OMF2 VB(1) PR(.\DP8051\DP8051_Keil_951\Debug\UART_1_INT.lst) CD DB NOI
                    -P OT(2,SIZE) DF(DEBUG) INCDIR(.,.\Generated_Source\PSoC3) OJ(.\DP8051\DP8051_Keil_951\Debug\UART_1_INT.obj)

line level    source

   1          /*******************************************************************************
   2          * File Name: UART_1_INT.c
   3          * Version 2.30
   4          *
   5          * Description:
   6          *  This file provides all Interrupt Service functionality of the UART component
   7          *
   8          * Note:
   9          *  Any unusual or non-standard behavior should be noted here. Other-
  10          *  wise, this section should remain blank.
  11          *
  12          ********************************************************************************
  13          * Copyright 2008-2012, Cypress Semiconductor Corporation.  All rights reserved.
  14          * You may use this file only in accordance with the license, terms, conditions,
  15          * disclaimers, and limitations in the end user license agreement accompanying
  16          * the software package with which this file was provided.
  17          *******************************************************************************/
  18          
  19          #include "UART_1.h"
  20          #include "CyLib.h"
  21          
  22          
  23          /***************************************
  24          * Custom Declratations
  25          ***************************************/
  26          /* `#START CUSTOM_DECLARATIONS` Place your declaration here */
  27          
  28          /* `#END` */
  29          
  30          #if( (UART_1_RX_ENABLED || UART_1_HD_ENABLED) && \
  31               (UART_1_RXBUFFERSIZE > UART_1_FIFO_LENGTH))
              
              
                  /*******************************************************************************
                  * Function Name: UART_1_RXISR
                  ********************************************************************************
                  *
                  * Summary:
                  *  Interrupt Service Routine for RX portion of the UART
                  *
                  * Parameters:
                  *  None.
                  *
                  * Return:
                  *  None.
                  *
                  * Global Variables:
                  *  UART_1_rxBuffer - RAM buffer pointer for save received data.
                  *  UART_1_rxBufferWrite - cyclic index for write to rxBuffer,
                  *     increments after each byte saved to buffer.
                  *  UART_1_rxBufferRead - cyclic index for read from rxBuffer,
                  *     checked to detect overflow condition.
                  *  UART_1_rxBufferOverflow - software overflow flag. Set to one
C51 COMPILER V9.51   UART_1_INT                                                            11/23/2013 20:52:53 PAGE 2   

                  *     when UART_1_rxBufferWrite index overtakes
                  *     UART_1_rxBufferRead index.
                  *  UART_1_rxBufferLoopDetect - additional variable to detect overflow.
                  *     Set to one when UART_1_rxBufferWrite is equal to
                  *    UART_1_rxBufferRead
                  *  UART_1_rxAddressMode - this variable contains the Address mode,
                  *     selected in customizer or set by UART_SetRxAddressMode() API.
                  *  UART_1_rxAddressDetected - set to 1 when correct address received,
                  *     and analysed to store following addressed data bytes to the buffer.
                  *     When not correct address received, set to 0 to skip following data bytes.
                  *
                  *******************************************************************************/
                  CY_ISR(UART_1_RXISR)
                  {
                      uint8 readData;
                      uint8 increment_pointer = 0u;
                      #if(CY_PSOC3)
                          uint8 int_en;
                      #endif /* CY_PSOC3 */
              
                      /* User code required at start of ISR */
                      /* `#START UART_1_RXISR_START` */
              
                      /* `#END` */
              
                      #if(CY_PSOC3)   /* Make sure nested interrupt is enabled */
                          int_en = EA;
                          CyGlobalIntEnable;
                      #endif /* CY_PSOC3 */
              
                      readData = UART_1_RXSTATUS_REG;
              
                      if((readData & (UART_1_RX_STS_BREAK | UART_1_RX_STS_PAR_ERROR |
                                      UART_1_RX_STS_STOP_ERROR | UART_1_RX_STS_OVERRUN)) != 0u)
                      {
                          /* ERROR handling. */
                          /* `#START UART_1_RXISR_ERROR` */
              
                          /* `#END` */
                      }
              
                      while((readData & UART_1_RX_STS_FIFO_NOTEMPTY) != 0u)
                      {
              
                          #if (UART_1_RXHW_ADDRESS_ENABLED)
                              if(UART_1_rxAddressMode == (uint8)UART_1__B_UART__AM_SW_DETECT_TO_BUFFER)
                              {
                                  if((readData & UART_1_RX_STS_MRKSPC) != 0u)
                                  {
                                      if ((readData & UART_1_RX_STS_ADDR_MATCH) != 0u)
                                      {
                                          UART_1_rxAddressDetected = 1u;
                                      }
                                      else
                                      {
                                          UART_1_rxAddressDetected = 0u;
                                      }
                                  }
              
                                  readData = UART_1_RXDATA_REG;
                                  if(UART_1_rxAddressDetected != 0u)
                                  {   /* store only addressed data */
C51 COMPILER V9.51   UART_1_INT                                                            11/23/2013 20:52:53 PAGE 3   

                                      UART_1_rxBuffer[UART_1_rxBufferWrite] = readData;
                                      increment_pointer = 1u;
                                  }
                              }
                              else /* without software addressing */
                              {
                                  UART_1_rxBuffer[UART_1_rxBufferWrite] = UART_1_RXDATA_REG;
                                  increment_pointer = 1u;
                              }
                          #else  /* without addressing */
                              UART_1_rxBuffer[UART_1_rxBufferWrite] = UART_1_RXDATA_REG;
                              increment_pointer = 1u;
                          #endif /* End SW_DETECT_TO_BUFFER */
              
                          /* do not increment buffer pointer when skip not adderessed data */
                          if( increment_pointer != 0u )
                          {
                              if(UART_1_rxBufferLoopDetect != 0u)
                              {   /* Set Software Buffer status Overflow */
                                  UART_1_rxBufferOverflow = 1u;
                              }
                              /* Set next pointer. */
                              UART_1_rxBufferWrite++;
              
                              /* Check pointer for a loop condition */
                              if(UART_1_rxBufferWrite >= UART_1_RXBUFFERSIZE)
                              {
                                  UART_1_rxBufferWrite = 0u;
                              }
                              /* Detect pre-overload condition and set flag */
                              if(UART_1_rxBufferWrite == UART_1_rxBufferRead)
                              {
                                  UART_1_rxBufferLoopDetect = 1u;
                                  /* When Hardware Flow Control selected */
                                  #if(UART_1_FLOW_CONTROL != 0u)
                                  /* Disable RX interrupt mask, it will be enabled when user read data from the buffer u
             -sing APIs */
                                      UART_1_RXSTATUS_MASK_REG  &= (uint8)~UART_1_RX_STS_FIFO_NOTEMPTY;
                                      CyIntClearPending(UART_1_RX_VECT_NUM);
                                      break; /* Break the reading of the FIFO loop, leave the data there for generating 
             -RTS signal */
                                  #endif /* End UART_1_FLOW_CONTROL != 0 */
                              }
                          }
              
                          /* Check again if there is data. */
                          readData = UART_1_RXSTATUS_REG;
                      }
              
                      /* User code required at end of ISR (Optional) */
                      /* `#START UART_1_RXISR_END` */
              
                      /* `#END` */
              
                      #if(CY_PSOC3)
                          EA = int_en;
                      #endif /* CY_PSOC3 */
              
                  }
              
              #endif /* End UART_1_RX_ENABLED && (UART_1_RXBUFFERSIZE > UART_1_FIFO_LENGTH) */
 175          
C51 COMPILER V9.51   UART_1_INT                                                            11/23/2013 20:52:53 PAGE 4   

 176          
 177          #if(UART_1_TX_ENABLED && (UART_1_TXBUFFERSIZE > UART_1_FIFO_LENGTH))
              
              
                  /*******************************************************************************
                  * Function Name: UART_1_TXISR
                  ********************************************************************************
                  *
                  * Summary:
                  * Interrupt Service Routine for the TX portion of the UART
                  *
                  * Parameters:
                  *  None.
                  *
                  * Return:
                  *  None.
                  *
                  * Global Variables:
                  *  UART_1_txBuffer - RAM buffer pointer for transmit data from.
                  *  UART_1_txBufferRead - cyclic index for read and transmit data
                  *     from txBuffer, increments after each transmited byte.
                  *  UART_1_rxBufferWrite - cyclic index for write to txBuffer,
                  *     checked to detect available for transmission bytes.
                  *
                  *******************************************************************************/
                  CY_ISR(UART_1_TXISR)
                  {
              
                      #if(CY_PSOC3)
                          uint8 int_en;
                      #endif /* CY_PSOC3 */
              
                      /* User code required at start of ISR */
                      /* `#START UART_1_TXISR_START` */
              
                      /* `#END` */
              
                      #if(CY_PSOC3)   /* Make sure nested interrupt is enabled */
                          int_en = EA;
                          CyGlobalIntEnable;
                      #endif /* CY_PSOC3 */
              
                      while((UART_1_txBufferRead != UART_1_txBufferWrite) &&
                           ((UART_1_TXSTATUS_REG & UART_1_TX_STS_FIFO_FULL) == 0u))
                      {
                          /* Check pointer. */
                          if(UART_1_txBufferRead >= UART_1_TXBUFFERSIZE)
                          {
                              UART_1_txBufferRead = 0u;
                          }
              
                          UART_1_TXDATA_REG = UART_1_txBuffer[UART_1_txBufferRead];
              
                          /* Set next pointer. */
                          UART_1_txBufferRead++;
                      }
              
                      /* User code required at end of ISR (Optional) */
                      /* `#START UART_1_TXISR_END` */
              
                      /* `#END` */
              
C51 COMPILER V9.51   UART_1_INT                                                            11/23/2013 20:52:53 PAGE 5   

                      #if(CY_PSOC3)
                          EA = int_en;
                      #endif /* CY_PSOC3 */
              
                  }
              
              #endif /* End UART_1_TX_ENABLED && (UART_1_TXBUFFERSIZE > UART_1_FIFO_LENGTH) */
 245          
 246          
 247          /* [] END OF FILE */
C51 COMPILER V9.51   UART_1_INT                                                            11/23/2013 20:52:53 PAGE 6   

ASSEMBLY LISTING OF GENERATED OBJECT CODE




MODULE INFORMATION:   STATIC OVERLAYABLE
   CODE SIZE        =   ----    ----
   CONSTANT SIZE    =   ----    ----
   XDATA SIZE       =   ----    ----
   PDATA SIZE       =   ----    ----
   DATA SIZE        =   ----    ----
   IDATA SIZE       =   ----    ----
   BIT SIZE         =   ----    ----
   EDATA SIZE       =   ----    ----
   HDATA SIZE       =   ----    ----
   XDATA CONST SIZE =   ----    ----
   FAR CONST SIZE   =   ----    ----
END OF MODULE INFORMATION.


C51 COMPILATION COMPLETE.  0 WARNING(S),  0 ERROR(S)
