C51 COMPILER V9.51   MOTOR_A                                                               01/16/2014 16:06:38 PAGE 1   


C51 COMPILER V9.51, COMPILATION OF MODULE MOTOR_A
OBJECT MODULE PLACED IN .\DP8051\DP8051_Keil_951\Debug\MOTOR_A.obj
COMPILER INVOKED BY: C:\Program Files (x86)\Cypress\PSoC Creator\3.0\PSoC Creator\import\keil\pk51\9.51\C51\BIN\c51.exe 
                    -.\Generated_Source\PSoC3\MOTOR_A.c NOIV LARGE MODDP2 OMF2 VB(1) PR(.\DP8051\DP8051_Keil_951\Debug\MOTOR_A.lst) CD DB NOI
                    -P OT(2,SIZE) DF(DEBUG) INCDIR(.,.\Generated_Source\PSoC3) OJ(.\DP8051\DP8051_Keil_951\Debug\MOTOR_A.obj)

line level    source

   1          /*******************************************************************************
   2          * File Name: MOTOR_A.c  
   3          * Version 3.0
   4          *
   5          * Description:
   6          *  The PWM User Module consist of an 8 or 16-bit counter with two 8 or 16-bit
   7          *  comparitors. Each instance of this user module is capable of generating
   8          *  two PWM outputs with the same period. The pulse width is selectable between
   9          *  1 and 255/65535. The period is selectable between 2 and 255/65536 clocks. 
  10          *  The compare value output may be configured to be active when the present 
  11          *  counter is less than or less than/equal to the compare value.
  12          *  A terminal count output is also provided. It generates a pulse one clock
  13          *  width wide when the counter is equal to zero.
  14          *
  15          * Note:
  16          *
  17          *******************************************************************************
  18          * Copyright 2008-2012, Cypress Semiconductor Corporation.  All rights reserved.
  19          * You may use this file only in accordance with the license, terms, conditions, 
  20          * disclaimers, and limitations in the end user license agreement accompanying 
  21          * the software package with which this file was provided.
  22          ********************************************************************************/
  23          
  24          #include "cytypes.h"
  25          #include "MOTOR_A.h"
  26          
  27          uint8 MOTOR_A_initVar = 0u;
  28          
  29          
  30          /*******************************************************************************
  31          * Function Name: MOTOR_A_Start
  32          ********************************************************************************
  33          *
  34          * Summary:
  35          *  The start function initializes the pwm with the default values, the 
  36          *  enables the counter to begin counting.  It does not enable interrupts,
  37          *  the EnableInt command should be called if interrupt generation is required.
  38          *
  39          * Parameters:  
  40          *  None  
  41          *
  42          * Return: 
  43          *  None
  44          *
  45          * Global variables:
  46          *  MOTOR_A_initVar: Is modified when this function is called for the 
  47          *   first time. Is used to ensure that initialization happens only once.
  48          *
  49          *******************************************************************************/
  50          void MOTOR_A_Start(void) 
  51          {
  52   1          /* If not Initialized then initialize all required hardware and software */
  53   1          if(MOTOR_A_initVar == 0u)
C51 COMPILER V9.51   MOTOR_A                                                               01/16/2014 16:06:38 PAGE 2   

  54   1          {
  55   2              MOTOR_A_Init();
  56   2              MOTOR_A_initVar = 1u;
  57   2          }
  58   1          MOTOR_A_Enable();
  59   1      
  60   1      }
  61          
  62          
  63          /*******************************************************************************
  64          * Function Name: MOTOR_A_Init
  65          ********************************************************************************
  66          *
  67          * Summary:
  68          *  Initialize component's parameters to the parameters set by user in the 
  69          *  customizer of the component placed onto schematic. Usually called in 
  70          *  MOTOR_A_Start().
  71          *
  72          * Parameters:  
  73          *  None
  74          *
  75          * Return: 
  76          *  None
  77          *
  78          *******************************************************************************/
  79          void MOTOR_A_Init(void) 
  80          {
  81   1          #if (MOTOR_A_UsingFixedFunction || MOTOR_A_UseControl)
  82   1              uint8 ctrl;
  83   1          #endif /* (MOTOR_A_UsingFixedFunction || MOTOR_A_UseControl) */
  84   1          
  85   1          #if(!MOTOR_A_UsingFixedFunction) 
  86   1              #if(MOTOR_A_UseStatus)
  87   1                  /* Interrupt State Backup for Critical Region*/
  88   1                  uint8 MOTOR_A_interruptState;
  89   1              #endif /* (MOTOR_A_UseStatus) */
  90   1          #endif /* (!MOTOR_A_UsingFixedFunction) */
  91   1          
  92   1          #if (MOTOR_A_UsingFixedFunction)
                      /* You are allowed to write the compare value (FF only) */
                      MOTOR_A_CONTROL |= MOTOR_A_CFG0_MODE;
                      #if (MOTOR_A_DeadBand2_4)
                          MOTOR_A_CONTROL |= MOTOR_A_CFG0_DB;
                      #endif /* (MOTOR_A_DeadBand2_4) */
                              
                      ctrl = MOTOR_A_CONTROL3 & ((uint8 )(~MOTOR_A_CTRL_CMPMODE1_MASK));
                      MOTOR_A_CONTROL3 = ctrl | MOTOR_A_DEFAULT_COMPARE1_MODE;
                      
                       /* Clear and Set SYNCTC and SYNCCMP bits of RT1 register */
                      MOTOR_A_RT1 &= ((uint8)(~MOTOR_A_RT1_MASK));
                      MOTOR_A_RT1 |= MOTOR_A_SYNC;     
                              
                      /*Enable DSI Sync all all inputs of the PWM*/
                      MOTOR_A_RT1 &= ((uint8)(~MOTOR_A_SYNCDSI_MASK));
                      MOTOR_A_RT1 |= MOTOR_A_SYNCDSI_EN;
                     
                  #elif (MOTOR_A_UseControl)
 111   1              /* Set the default compare mode defined in the parameter */
 112   1              ctrl = MOTOR_A_CONTROL & ((uint8)(~MOTOR_A_CTRL_CMPMODE2_MASK)) & ((uint8)(~MOTOR_A_CTRL_CMPMODE1_
             -MASK));
 113   1              MOTOR_A_CONTROL = ctrl | MOTOR_A_DEFAULT_COMPARE2_MODE | 
 114   1                                         MOTOR_A_DEFAULT_COMPARE1_MODE;
C51 COMPILER V9.51   MOTOR_A                                                               01/16/2014 16:06:38 PAGE 3   

 115   1          #endif /* (MOTOR_A_UsingFixedFunction) */
 116   1              
 117   1          #if (!MOTOR_A_UsingFixedFunction)
 118   1              #if (MOTOR_A_Resolution == 8)
 119   1                  /* Set FIFO 0 to 1 byte register for period*/
 120   1                  MOTOR_A_AUX_CONTROLDP0 |= (MOTOR_A_AUX_CTRL_FIFO0_CLR);
 121   1              #else /* (MOTOR_A_Resolution == 16)*/
                          /* Set FIFO 0 to 1 byte register for period */
                          MOTOR_A_AUX_CONTROLDP0 |= (MOTOR_A_AUX_CTRL_FIFO0_CLR);
                          MOTOR_A_AUX_CONTROLDP1 |= (MOTOR_A_AUX_CTRL_FIFO0_CLR);
                      #endif /* (MOTOR_A_Resolution == 8) */
 126   1      
 127   1              MOTOR_A_WriteCounter(MOTOR_A_INIT_PERIOD_VALUE);
 128   1          #endif /* (!MOTOR_A_UsingFixedFunction) */
 129   1              
 130   1          MOTOR_A_WritePeriod(MOTOR_A_INIT_PERIOD_VALUE);
 131   1      
 132   1              #if (MOTOR_A_UseOneCompareMode)
                          MOTOR_A_WriteCompare(MOTOR_A_INIT_COMPARE_VALUE1);
                      #else
 135   1                  MOTOR_A_WriteCompare1(MOTOR_A_INIT_COMPARE_VALUE1);
 136   1                  MOTOR_A_WriteCompare2(MOTOR_A_INIT_COMPARE_VALUE2);
 137   1              #endif /* (MOTOR_A_UseOneCompareMode) */
 138   1              
 139   1              #if (MOTOR_A_KillModeMinTime)
                          MOTOR_A_WriteKillTime(MOTOR_A_MinimumKillTime);
                      #endif /* (MOTOR_A_KillModeMinTime) */
 142   1              
 143   1              #if (MOTOR_A_DeadBandUsed)
                          MOTOR_A_WriteDeadTime(MOTOR_A_INIT_DEAD_TIME);
                      #endif /* (MOTOR_A_DeadBandUsed) */
 146   1      
 147   1          #if (MOTOR_A_UseStatus || MOTOR_A_UsingFixedFunction)
 148   1              MOTOR_A_SetInterruptMode(MOTOR_A_INIT_INTERRUPTS_MODE);
 149   1          #endif /* (MOTOR_A_UseStatus || MOTOR_A_UsingFixedFunction) */
 150   1              
 151   1          #if (MOTOR_A_UsingFixedFunction)
                      /* Globally Enable the Fixed Function Block chosen */
                      MOTOR_A_GLOBAL_ENABLE |= MOTOR_A_BLOCK_EN_MASK;
                      /* Set the Interrupt source to come from the status register */
                      MOTOR_A_CONTROL2 |= MOTOR_A_CTRL2_IRQ_SEL;
                  #else
 157   1              #if(MOTOR_A_UseStatus)
 158   1                  
 159   1                  /* CyEnterCriticalRegion and CyExitCriticalRegion are used to mark following region critical*/
 160   1                  /* Enter Critical Region*/
 161   1                  MOTOR_A_interruptState = CyEnterCriticalSection();
 162   1                  /* Use the interrupt output of the status register for IRQ output */
 163   1                  MOTOR_A_STATUS_AUX_CTRL |= MOTOR_A_STATUS_ACTL_INT_EN_MASK;
 164   1                  
 165   1                   /* Exit Critical Region*/
 166   1                  CyExitCriticalSection(MOTOR_A_interruptState);
 167   1                  
 168   1                  /* Clear the FIFO to enable the MOTOR_A_STATUS_FIFOFULL
 169   1                         bit to be set on FIFO full. */
 170   1                  MOTOR_A_ClearFIFO();
 171   1              #endif /* (MOTOR_A_UseStatus) */
 172   1          #endif /* (MOTOR_A_UsingFixedFunction) */
 173   1      }
 174          
 175          
 176          /*******************************************************************************
C51 COMPILER V9.51   MOTOR_A                                                               01/16/2014 16:06:38 PAGE 4   

 177          * Function Name: MOTOR_A_Enable
 178          ********************************************************************************
 179          *
 180          * Summary: 
 181          *  Enables the PWM block operation
 182          *
 183          * Parameters:  
 184          *  None
 185          *
 186          * Return: 
 187          *  None
 188          *
 189          * Side Effects: 
 190          *  This works only if software enable mode is chosen
 191          *
 192          *******************************************************************************/
 193          void MOTOR_A_Enable(void) 
 194          {
 195   1          /* Globally Enable the Fixed Function Block chosen */
 196   1          #if (MOTOR_A_UsingFixedFunction)
                      MOTOR_A_GLOBAL_ENABLE |= MOTOR_A_BLOCK_EN_MASK;
                      MOTOR_A_GLOBAL_STBY_ENABLE |= MOTOR_A_BLOCK_STBY_EN_MASK;
                  #endif /* (MOTOR_A_UsingFixedFunction) */
 200   1          
 201   1          /* Enable the PWM from the control register  */
 202   1          #if (MOTOR_A_UseControl || MOTOR_A_UsingFixedFunction)
 203   1              MOTOR_A_CONTROL |= MOTOR_A_CTRL_ENABLE;
 204   1          #endif /* (MOTOR_A_UseControl || MOTOR_A_UsingFixedFunction) */
 205   1      }
 206          
 207          
 208          /*******************************************************************************
 209          * Function Name: MOTOR_A_Stop
 210          ********************************************************************************
 211          *
 212          * Summary:
 213          *  The stop function halts the PWM, but does not change any modes or disable
 214          *  interrupts.
 215          *
 216          * Parameters:  
 217          *  None  
 218          *
 219          * Return: 
 220          *  None
 221          *
 222          * Side Effects:
 223          *  If the Enable mode is set to Hardware only then this function
 224          *  has no effect on the operation of the PWM
 225          *
 226          *******************************************************************************/
 227          void MOTOR_A_Stop(void) 
 228          {
 229   1          #if (MOTOR_A_UseControl || MOTOR_A_UsingFixedFunction)
 230   1              MOTOR_A_CONTROL &= ((uint8)(~MOTOR_A_CTRL_ENABLE));
 231   1          #endif /* (MOTOR_A_UseControl || MOTOR_A_UsingFixedFunction) */
 232   1          
 233   1          /* Globally disable the Fixed Function Block chosen */
 234   1          #if (MOTOR_A_UsingFixedFunction)
                      MOTOR_A_GLOBAL_ENABLE &= ((uint8)(~MOTOR_A_BLOCK_EN_MASK));
                      MOTOR_A_GLOBAL_STBY_ENABLE &= ((uint8)(~MOTOR_A_BLOCK_STBY_EN_MASK));
                  #endif /* (MOTOR_A_UsingFixedFunction) */
 238   1      }
C51 COMPILER V9.51   MOTOR_A                                                               01/16/2014 16:06:38 PAGE 5   

 239          
 240          
 241          #if (MOTOR_A_UseOneCompareMode)
                      #if (MOTOR_A_CompareMode1SW)
              
              
                              /*******************************************************************************
                              * Function Name: MOTOR_A_SetCompareMode
                              ********************************************************************************
                              * 
                              * Summary:
                              *  This function writes the Compare Mode for the pwm output when in Dither mode,
                              *  Center Align Mode or One Output Mode.
                              *
                              * Parameters:
                              *  comparemode:  The new compare mode for the PWM output. Use the compare types
                              *                defined in the H file as input arguments.
                              *
                              * Return:
                              *  None
                              *
                              *******************************************************************************/
                              void MOTOR_A_SetCompareMode(uint8 comparemode) 
                              {
                                  #if(MOTOR_A_UsingFixedFunction)
                          
                              #if(0 != MOTOR_A_CTRL_CMPMODE1_SHIFT)
                                  uint8 comparemodemasked = ((uint8)((uint8)comparemode << MOTOR_A_CTRL_CMPMODE1_SHIFT))
             -;
                              #else
                                  uint8 comparemodemasked = comparemode;
                              #endif /* (0 != MOTOR_A_CTRL_CMPMODE1_SHIFT) */
                          
                                  MOTOR_A_CONTROL3 &= ((uint8)(~MOTOR_A_CTRL_CMPMODE1_MASK)); /*Clear Existing Data */
                                  MOTOR_A_CONTROL3 |= comparemodemasked;     
                                              
                                  #elif (MOTOR_A_UseControl)
                                      
                              #if(0 != MOTOR_A_CTRL_CMPMODE1_SHIFT)
                                  uint8 comparemode1masked = ((uint8)((uint8)comparemode << MOTOR_A_CTRL_CMPMODE1_SHIFT)
             -) & 
                                                                  MOTOR_A_CTRL_CMPMODE1_MASK;
                              #else
                                  uint8 comparemode1masked = comparemode & MOTOR_A_CTRL_CMPMODE1_MASK;                
                              #endif /* (0 != MOTOR_A_CTRL_CMPMODE1_SHIFT) */
                              
                              #if(0 != MOTOR_A_CTRL_CMPMODE2_SHIFT)                            
                                      uint8 comparemode2masked = ((uint8)((uint8)comparemode << MOTOR_A_CTRL_CMPMODE2_SHIFT)) & 
                                                                 MOTOR_A_CTRL_CMPMODE2_MASK;
                              #else
                                      uint8 comparemode2masked = comparemode & MOTOR_A_CTRL_CMPMODE2_MASK;                
                              #endif /* (0 != MOTOR_A_CTRL_CMPMODE2_SHIFT) */
                              
                                      /*Clear existing mode */
                                      MOTOR_A_CONTROL &= ((uint8)(~(MOTOR_A_CTRL_CMPMODE1_MASK | MOTOR_A_CTRL_CMPMODE2_MASK))); 
                                      MOTOR_A_CONTROL |= (comparemode1masked | comparemode2masked);
                                      
                                  #else
                                      uint8 temp = comparemode;
                                  #endif /* (MOTOR_A_UsingFixedFunction) */
                              }
                      #endif /* MOTOR_A_CompareMode1SW */
C51 COMPILER V9.51   MOTOR_A                                                               01/16/2014 16:06:38 PAGE 6   

              
              #else /* UseOneCompareMode */
 301          
 302                  #if (MOTOR_A_CompareMode1SW)
              
              
                              /*******************************************************************************
                              * Function Name: MOTOR_A_SetCompareMode1
                              ********************************************************************************
                              * 
                              * Summary:
                              *  This function writes the Compare Mode for the pwm or pwm1 output
                              *
                              * Parameters:  
                              *  comparemode:  The new compare mode for the PWM output. Use the compare types
                              *                defined in the H file as input arguments.
                              *
                              * Return: 
                              *  None
                              *
                              *******************************************************************************/
                              void MOTOR_A_SetCompareMode1(uint8 comparemode) 
                              {
                                  #if(0 != MOTOR_A_CTRL_CMPMODE1_SHIFT)
                              uint8 comparemodemasked = ((uint8)((uint8)comparemode << MOTOR_A_CTRL_CMPMODE1_SHIFT)) & 
                                                             MOTOR_A_CTRL_CMPMODE1_MASK;
                                  #else
                              uint8 comparemodemasked = comparemode & MOTOR_A_CTRL_CMPMODE1_MASK;                
                          #endif /* (0 != MOTOR_A_CTRL_CMPMODE1_SHIFT) */
                                 
                                  #if (MOTOR_A_UseControl)
                                      MOTOR_A_CONTROL &= ((uint8)(~MOTOR_A_CTRL_CMPMODE1_MASK)); /*Clear existing mode */
                                      MOTOR_A_CONTROL |= comparemodemasked;
                                  #endif /* (MOTOR_A_UseControl) */
                              }
                      #endif /* MOTOR_A_CompareMode1SW */
 335          
 336          #if (MOTOR_A_CompareMode2SW)
              
              
                  /*******************************************************************************
                  * Function Name: MOTOR_A_SetCompareMode2
                  ********************************************************************************
                  * 
                  * Summary:
                  *  This function writes the Compare Mode for the pwm or pwm2 output
                  *
                  * Parameters:  
                  *  comparemode:  The new compare mode for the PWM output. Use the compare types
                  *                defined in the H file as input arguments.
                  *
                  * Return: 
                  *  None
                  *
                  *******************************************************************************/
                  void MOTOR_A_SetCompareMode2(uint8 comparemode) 
                  {
              
                      #if(0 != MOTOR_A_CTRL_CMPMODE2_SHIFT)
                          uint8 comparemodemasked = ((uint8)((uint8)comparemode << MOTOR_A_CTRL_CMPMODE2_SHIFT)) & 
                                                               MOTOR_A_CTRL_CMPMODE2_MASK;
                      #else
C51 COMPILER V9.51   MOTOR_A                                                               01/16/2014 16:06:38 PAGE 7   

                          uint8 comparemodemasked = comparemode & MOTOR_A_CTRL_CMPMODE2_MASK;            
                      #endif /* (0 != MOTOR_A_CTRL_CMPMODE2_SHIFT) */
                      
                      #if (MOTOR_A_UseControl)
                          MOTOR_A_CONTROL &= ((uint8)(~MOTOR_A_CTRL_CMPMODE2_MASK)); /*Clear existing mode */
                          MOTOR_A_CONTROL |= comparemodemasked;
                      #endif /* (MOTOR_A_UseControl) */
                  }
                  #endif /*MOTOR_A_CompareMode2SW */
 370          
 371          #endif /* UseOneCompareMode */
 372          
 373          
 374          #if (!MOTOR_A_UsingFixedFunction)
 375          
 376          
 377              /*******************************************************************************
 378              * Function Name: MOTOR_A_WriteCounter
 379              ********************************************************************************
 380              * 
 381              * Summary:
 382              *  Writes a new counter value directly to the counter register. This will be 
 383              *  implemented for that currently running period and only that period. This API 
 384              *  is valid only for UDB implementation and not available for fixed function 
 385              *  PWM implementation.    
 386              *
 387              * Parameters:  
 388              *  counter:  The period new period counter value.
 389              *
 390              * Return: 
 391              *  None
 392              *
 393              * Side Effects: 
 394              *  The PWM Period will be reloaded when a counter value will be a zero
 395              *
 396              *******************************************************************************/
 397              void MOTOR_A_WriteCounter(uint8 counter) \
 398                                                 
 399              {
 400   1              CY_SET_REG8(MOTOR_A_COUNTER_LSB_PTR, counter);
 401   1          }
 402          
 403          
 404              /*******************************************************************************
 405              * Function Name: MOTOR_A_ReadCounter
 406              ********************************************************************************
 407              * 
 408              * Summary:
 409              *  This function returns the current value of the counter.  It doesn't matter
 410              *  if the counter is enabled or running.
 411              *
 412              * Parameters:  
 413              *  None  
 414              *
 415              * Return: 
 416              *  The current value of the counter.
 417              *
 418              *******************************************************************************/
 419              uint8 MOTOR_A_ReadCounter(void) 
 420              {
 421   1              /* Force capture by reading Accumulator */
 422   1              /* Must first do a software capture to be able to read the counter */
C51 COMPILER V9.51   MOTOR_A                                                               01/16/2014 16:06:38 PAGE 8   

 423   1              /* It is up to the user code to make sure there isn't already captured data in the FIFO */
 424   1              (void)MOTOR_A_COUNTERCAP_LSB;
 425   1              
 426   1              /* Read the data from the FIFO (or capture register for Fixed Function)*/
 427   1              return (CY_GET_REG8(MOTOR_A_CAPTURE_LSB_PTR));
 428   1          }
 429          
 430                  #if (MOTOR_A_UseStatus)
 431          
 432          
 433                      /*******************************************************************************
 434                      * Function Name: MOTOR_A_ClearFIFO
 435                      ********************************************************************************
 436                      * 
 437                      * Summary:
 438                      *  This function clears all capture data from the capture FIFO
 439                      *
 440                      * Parameters:  
 441                      *  None
 442                      *
 443                      * Return: 
 444                      *  None
 445                      *
 446                      *******************************************************************************/
 447                      void MOTOR_A_ClearFIFO(void) 
 448                      {
 449   1                      while(0u != (MOTOR_A_ReadStatusRegister() & MOTOR_A_STATUS_FIFONEMPTY))
 450   1                      {
 451   2                          (void)MOTOR_A_ReadCapture();
 452   2                      }
 453   1                  }
 454          
 455                  #endif /* MOTOR_A_UseStatus */
 456          
 457          #endif /* !MOTOR_A_UsingFixedFunction */
 458          
 459          
 460          /*******************************************************************************
 461          * Function Name: MOTOR_A_WritePeriod
 462          ********************************************************************************
 463          * 
 464          * Summary:
 465          *  This function is used to change the period of the counter.  The new period 
 466          *  will be loaded the next time terminal count is detected.
 467          *
 468          * Parameters:  
 469          *  period:  Period value. May be between 1 and (2^Resolution)-1.  A value of 0 
 470          *           will result in the counter remaining at zero.
 471          *
 472          * Return: 
 473          *  None
 474          *
 475          *******************************************************************************/
 476          void MOTOR_A_WritePeriod(uint8 period) 
 477          {
 478   1          #if(MOTOR_A_UsingFixedFunction)
                      CY_SET_REG16(MOTOR_A_PERIOD_LSB_PTR, (uint16)period);
                  #else
 481   1              CY_SET_REG8(MOTOR_A_PERIOD_LSB_PTR, period);
 482   1          #endif /* (MOTOR_A_UsingFixedFunction) */
 483   1      }
 484          
C51 COMPILER V9.51   MOTOR_A                                                               01/16/2014 16:06:38 PAGE 9   

 485          #if (MOTOR_A_UseOneCompareMode)
              
              
                  /*******************************************************************************
                  * Function Name: MOTOR_A_WriteCompare
                  ********************************************************************************
                  * 
                  * Summary:
                  *  This funtion is used to change the compare1 value when the PWM is in Dither
                  *  mode. The compare output will reflect the new value on the next UDB clock. 
                  *  The compare output will be driven high when the present counter value is 
                  *  compared to the compare value based on the compare mode defined in 
                  *  Dither Mode.
                  *
                  * Parameters:  
                  *  compare:  New compare value.  
                  *
                  * Return: 
                  *  None
                  *
                  * Side Effects:
                  *  This function is only available if the PWM mode parameter is set to
                  *  Dither Mode, Center Aligned Mode or One Output Mode
                  *
                  *******************************************************************************/
                  void MOTOR_A_WriteCompare(uint8 compare) \
                                                     
                  {   
                              #if(MOTOR_A_UsingFixedFunction)
                                      CY_SET_REG16(MOTOR_A_COMPARE1_LSB_PTR, (uint16)compare);
                              #else
                              CY_SET_REG8(MOTOR_A_COMPARE1_LSB_PTR, compare); 
                              #endif /* (MOTOR_A_UsingFixedFunction) */
                      
                      #if (MOTOR_A_PWMMode == MOTOR_A__B_PWM__DITHER)
                          #if(MOTOR_A_UsingFixedFunction)
                                      CY_SET_REG16(MOTOR_A_COMPARE2_LSB_PTR, (uint16)(compare + 1u));
                              #else
                              CY_SET_REG8(MOTOR_A_COMPARE2_LSB_PTR, (compare + 1u));  
                              #endif /* (MOTOR_A_UsingFixedFunction) */
                      #endif /* (MOTOR_A_PWMMode == MOTOR_A__B_PWM__DITHER) */
                  }
              
              
              #else
 530          
 531          
 532              /*******************************************************************************
 533              * Function Name: MOTOR_A_WriteCompare1
 534              ********************************************************************************
 535              * 
 536              * Summary:
 537              *  This funtion is used to change the compare1 value.  The compare output will 
 538              *  reflect the new value on the next UDB clock.  The compare output will be 
 539              *  driven high when the present counter value is less than or less than or 
 540              *  equal to the compare register, depending on the mode.
 541              *
 542              * Parameters:  
 543              *  compare:  New compare value.  
 544              *
 545              * Return: 
 546              *  None
C51 COMPILER V9.51   MOTOR_A                                                               01/16/2014 16:06:38 PAGE 10  

 547              *
 548              *******************************************************************************/
 549              void MOTOR_A_WriteCompare1(uint8 compare) \
 550                                                  
 551              {
 552   1              #if(MOTOR_A_UsingFixedFunction)
                          CY_SET_REG16(MOTOR_A_COMPARE1_LSB_PTR, (uint16)compare);
                      #else
 555   1                  CY_SET_REG8(MOTOR_A_COMPARE1_LSB_PTR, compare);
 556   1              #endif /* (MOTOR_A_UsingFixedFunction) */
 557   1          }
 558          
 559          
 560              /*******************************************************************************
 561              * Function Name: MOTOR_A_WriteCompare2
 562              ********************************************************************************
 563              * 
 564              * Summary:
 565              *  This funtion is used to change the compare value, for compare1 output.  
 566              *  The compare output will reflect the new value on the next UDB clock.  
 567              *  The compare output will be driven high when the present counter value is 
 568              *  less than or less than or equal to the compare register, depending on the 
 569              *  mode.
 570              *
 571              * Parameters:  
 572              *  compare:  New compare value.  
 573              *
 574              * Return: 
 575              *  None
 576              *
 577              *******************************************************************************/
 578              void MOTOR_A_WriteCompare2(uint8 compare) \
 579                                                  
 580              {
 581   1              #if(MOTOR_A_UsingFixedFunction)
                          CY_SET_REG16(MOTOR_A_COMPARE2_LSB_PTR, compare);
                      #else
 584   1                  CY_SET_REG8(MOTOR_A_COMPARE2_LSB_PTR, compare);
 585   1              #endif /* (MOTOR_A_UsingFixedFunction) */
 586   1          }
 587          #endif /* UseOneCompareMode */
 588          
 589          #if (MOTOR_A_DeadBandUsed)
              
              
                  /*******************************************************************************
                  * Function Name: MOTOR_A_WriteDeadTime
                  ********************************************************************************
                  * 
                  * Summary:
                  *  This function writes the dead-band counts to the corresponding register
                  *
                  * Parameters:  
                  *  deadtime:  Number of counts for dead time 
                  *
                  * Return: 
                  *  None
                  *
                  *******************************************************************************/
                  void MOTOR_A_WriteDeadTime(uint8 deadtime) 
                  {
                      /* If using the Dead Band 1-255 mode then just write the register */
C51 COMPILER V9.51   MOTOR_A                                                               01/16/2014 16:06:38 PAGE 11  

                      #if(!MOTOR_A_DeadBand2_4)
                          CY_SET_REG8(MOTOR_A_DEADBAND_COUNT_PTR, deadtime);
                      #else
                          /* Otherwise the data has to be masked and offset */        
                          /* Clear existing data */
                          MOTOR_A_DEADBAND_COUNT &= ((uint8)(~MOTOR_A_DEADBAND_COUNT_MASK));
                          
                          /* Set new dead time */
                          #if(MOTOR_A_DEADBAND_COUNT_SHIFT)        
                              MOTOR_A_DEADBAND_COUNT |= ((uint8)((uint8)deadtime << MOTOR_A_DEADBAND_COUNT_SHIFT)) & 
                                                                  MOTOR_A_DEADBAND_COUNT_MASK;
                          #else
                              MOTOR_A_DEADBAND_COUNT |= deadtime & MOTOR_A_DEADBAND_COUNT_MASK;        
                          #endif /* (MOTOR_A_DEADBAND_COUNT_SHIFT) */
                      
                      #endif /* (!MOTOR_A_DeadBand2_4) */
                  }
              
              
                  /*******************************************************************************
                  * Function Name: MOTOR_A_ReadDeadTime
                  ********************************************************************************
                  * 
                  * Summary:
                  *  This function reads the dead-band counts from the corresponding register
                  *
                  * Parameters:  
                  *  None
                  *
                  * Return: 
                  *  Dead Band Counts
                  *
                  *******************************************************************************/
                  uint8 MOTOR_A_ReadDeadTime(void) 
                  {
                      /* If using the Dead Band 1-255 mode then just read the register */
                      #if(!MOTOR_A_DeadBand2_4)
                          return (CY_GET_REG8(MOTOR_A_DEADBAND_COUNT_PTR));
                      #else
                      
                          /* Otherwise the data has to be masked and offset */
                          #if(MOTOR_A_DEADBAND_COUNT_SHIFT)      
                              return ((uint8)(((uint8)(MOTOR_A_DEADBAND_COUNT & MOTOR_A_DEADBAND_COUNT_MASK)) >> 
                                                                                         MOTOR_A_DEADBAND_COUNT_SHIFT));
                          #else
                              return (MOTOR_A_DEADBAND_COUNT & MOTOR_A_DEADBAND_COUNT_MASK);
                          #endif /* (MOTOR_A_DEADBAND_COUNT_SHIFT) */
                      #endif /* (!MOTOR_A_DeadBand2_4) */
                  }
              #endif /* DeadBandUsed */
 659          
 660          #if (MOTOR_A_UseStatus || MOTOR_A_UsingFixedFunction)
 661          
 662          
 663              /*******************************************************************************
 664              * Function Name: MOTOR_A_SetInterruptMode
 665              ********************************************************************************
 666              * 
 667              * Summary:
 668              *  This function configures the interrupts mask control of theinterrupt 
 669              *  source status register.
 670              *
C51 COMPILER V9.51   MOTOR_A                                                               01/16/2014 16:06:38 PAGE 12  

 671              * Parameters:  
 672              *  uint8 interruptMode: Bit field containing the interrupt sources enabled 
 673              *
 674              * Return: 
 675              *  None
 676              *
 677              *******************************************************************************/
 678              void MOTOR_A_SetInterruptMode(uint8 interruptMode)  
 679              {
 680   1              CY_SET_REG8(MOTOR_A_STATUS_MASK_PTR, interruptMode);
 681   1          }
 682          
 683          
 684              /*******************************************************************************
 685              * Function Name: MOTOR_A_ReadStatusRegister
 686              ********************************************************************************
 687              * 
 688              * Summary:
 689              *  This function returns the current state of the status register. 
 690              *
 691              * Parameters:  
 692              *  None
 693              *
 694              * Return: 
 695              *  uint8 : Current status register value. The status register bits are:
 696              *  [7:6] : Unused(0)
 697              *  [5]   : Kill event output
 698              *  [4]   : FIFO not empty
 699              *  [3]   : FIFO full
 700              *  [2]   : Terminal count
 701              *  [1]   : Compare output 2
 702              *  [0]   : Compare output 1
 703              *
 704              *******************************************************************************/
 705              uint8 MOTOR_A_ReadStatusRegister(void)   
 706              {
 707   1              uint8 result;
 708   1              
 709   1              result = CY_GET_REG8(MOTOR_A_STATUS_PTR);
 710   1              return (result);
 711   1          }
 712          
 713          #endif /* (MOTOR_A_UseStatus || MOTOR_A_UsingFixedFunction) */
 714          
 715          
 716          #if (MOTOR_A_UseControl)
 717          
 718          
 719              /*******************************************************************************
 720              * Function Name: MOTOR_A_ReadControlRegister
 721              ********************************************************************************
 722              * 
 723              * Summary:
 724              *  Returns the current state of the control register. This API is available 
 725              *  only if the control register is not removed.
 726              *
 727              * Parameters:  
 728              *  None 
 729              *
 730              * Return: 
 731              *  uint8 : Current control register value
 732              *
C51 COMPILER V9.51   MOTOR_A                                                               01/16/2014 16:06:38 PAGE 13  

 733              *******************************************************************************/    
 734              uint8 MOTOR_A_ReadControlRegister(void) 
 735              {
 736   1              uint8 result;
 737   1              
 738   1              result = CY_GET_REG8(MOTOR_A_CONTROL_PTR);
 739   1              return (result);
 740   1          }
 741          
 742          
 743              /*******************************************************************************
 744              * Function Name: MOTOR_A_WriteControlRegister
 745              ********************************************************************************
 746              * 
 747              * Summary:
 748              *  Sets the bit field of the control register. This API is available only if 
 749              *  the control register is not removed.
 750              *
 751              * Parameters:  
 752              *  uint8 control: Control register bit field, The status register bits are:
 753              *  [7]   : PWM Enable
 754              *  [6]   : Reset
 755              *  [5:3] : Compare Mode2
 756              *  [2:0] : Compare Mode2
 757              *
 758              * Return: 
 759              *  None
 760              *
 761              *******************************************************************************/  
 762              void MOTOR_A_WriteControlRegister(uint8 control) 
 763              {
 764   1              CY_SET_REG8(MOTOR_A_CONTROL_PTR, control);
 765   1          }
 766                  
 767          #endif /* (MOTOR_A_UseControl) */
 768          
 769          
 770          #if (!MOTOR_A_UsingFixedFunction)
 771          
 772          
 773              /*******************************************************************************
 774              * Function Name: MOTOR_A_ReadCapture
 775              ********************************************************************************
 776              * 
 777              * Summary:
 778              *  Reads the capture value from the capture FIFO.
 779              *
 780              * Parameters:  
 781              *  None
 782              *
 783              * Return: 
 784              *  uint8/uint16: The current capture value
 785              *
 786              *******************************************************************************/  
 787              uint8 MOTOR_A_ReadCapture(void)  
 788              {
 789   1              return (CY_GET_REG8(MOTOR_A_CAPTURE_LSB_PTR));
 790   1          }
 791                  
 792          #endif /* (!MOTOR_A_UsingFixedFunction) */
 793          
 794          
C51 COMPILER V9.51   MOTOR_A                                                               01/16/2014 16:06:38 PAGE 14  

 795          #if (MOTOR_A_UseOneCompareMode)
              
              
                  /*******************************************************************************
                  * Function Name: MOTOR_A_ReadCompare
                  ********************************************************************************
                  * 
                  * Summary:
                  *  Reads the compare value for the compare output when the PWM Mode parameter is 
                  *  set to Dither mode, Center Aligned mode, or One Output mode.
                  *
                  * Parameters:  
                  *  None
                  *
                  * Return: 
                  *  uint8/uint16: Current compare value
                  *
                  *******************************************************************************/  
                  uint8 MOTOR_A_ReadCompare(void)  
                  {
                              #if(MOTOR_A_UsingFixedFunction)
                          return ((uint8)CY_GET_REG16(MOTOR_A_COMPARE1_LSB_PTR));
                      #else
                          return (CY_GET_REG8(MOTOR_A_COMPARE1_LSB_PTR));
                      #endif /* (MOTOR_A_UsingFixedFunction) */
                  }
              
              #else
 823          
 824          
 825              /*******************************************************************************
 826              * Function Name: MOTOR_A_ReadCompare1
 827              ********************************************************************************
 828              * 
 829              * Summary:
 830              *  Reads the compare value for the compare1 output.
 831              *
 832              * Parameters:  
 833              *  None
 834              *
 835              * Return: 
 836              *  uint8/uint16: Current compare value.
 837              *
 838              *******************************************************************************/  
 839              uint8 MOTOR_A_ReadCompare1(void) 
 840              {
 841   1                      return (CY_GET_REG8(MOTOR_A_COMPARE1_LSB_PTR));
 842   1          }
 843          
 844          
 845              /*******************************************************************************
 846              * Function Name: MOTOR_A_ReadCompare2
 847              ********************************************************************************
 848              * 
 849              * Summary:
 850              *  Reads the compare value for the compare2 output.
 851              *
 852              * Parameters:  
 853              *  None
 854              *
 855              * Return: 
 856              *  uint8/uint16: Current compare value.
C51 COMPILER V9.51   MOTOR_A                                                               01/16/2014 16:06:38 PAGE 15  

 857              *
 858              *******************************************************************************/  
 859              uint8 MOTOR_A_ReadCompare2(void)  
 860              {
 861   1                      return (CY_GET_REG8(MOTOR_A_COMPARE2_LSB_PTR));
 862   1          }
 863          
 864          #endif /* (MOTOR_A_UseOneCompareMode) */
 865          
 866          
 867          /*******************************************************************************
 868          * Function Name: MOTOR_A_ReadPeriod
 869          ********************************************************************************
 870          * 
 871          * Summary:
 872          *  Reads the period value used by the PWM hardware.
 873          *
 874          * Parameters:  
 875          *  None
 876          *
 877          * Return: 
 878          *  uint8/16: Period value
 879          *
 880          *******************************************************************************/ 
 881          uint8 MOTOR_A_ReadPeriod(void) 
 882          {
 883   1              #if(MOTOR_A_UsingFixedFunction)
                      return ((uint8)CY_GET_REG16(MOTOR_A_PERIOD_LSB_PTR));
                  #else
 886   1              return (CY_GET_REG8(MOTOR_A_PERIOD_LSB_PTR));
 887   1          #endif /* (MOTOR_A_UsingFixedFunction) */
 888   1      }
 889          
 890          #if ( MOTOR_A_KillModeMinTime)
              
              
                  /*******************************************************************************
                  * Function Name: MOTOR_A_WriteKillTime
                  ********************************************************************************
                  * 
                  * Summary:
                  *  Writes the kill time value used by the hardware when the Kill Mode 
                  *  is set to Minimum Time.
                  *
                  * Parameters:  
                  *  uint8: Minimum Time kill counts
                  *
                  * Return: 
                  *  None
                  *
                  *******************************************************************************/ 
                  void MOTOR_A_WriteKillTime(uint8 killtime) 
                  {
                      CY_SET_REG8(MOTOR_A_KILLMODEMINTIME_PTR, killtime);
                  }
              
              
                  /*******************************************************************************
                  * Function Name: MOTOR_A_ReadKillTime
                  ********************************************************************************
                  * 
                  * Summary:
C51 COMPILER V9.51   MOTOR_A                                                               01/16/2014 16:06:38 PAGE 16  

                  *  Reads the kill time value used by the hardware when the Kill Mode is set 
                  *  to Minimum Time.
                  *
                  * Parameters:  
                  *  None
                  *
                  * Return: 
                  *  uint8: The current Minimum Time kill counts
                  *
                  *******************************************************************************/ 
                  uint8 MOTOR_A_ReadKillTime(void) 
                  {
                      return (CY_GET_REG8(MOTOR_A_KILLMODEMINTIME_PTR));
                  }
              
              #endif /* ( MOTOR_A_KillModeMinTime) */
 935          
 936          /* [] END OF FILE */
C51 COMPILER V9.51   MOTOR_A                                                               01/16/2014 16:06:38 PAGE 17  

ASSEMBLY LISTING OF GENERATED OBJECT CODE


             ; FUNCTION MOTOR_A_Start (BEGIN)
                                           ; SOURCE LINE # 50
                                           ; SOURCE LINE # 51
                                           ; SOURCE LINE # 53
0000 900000      R     MOV     DPTR,#MOTOR_A_initVar
0003 E0                MOVX    A,@DPTR
0004 FF                MOV     R7,A
0005 EF                MOV     A,R7
0006 7009              JNZ     ?C0001
                                           ; SOURCE LINE # 54
                                           ; SOURCE LINE # 55
0008 120000      R     LCALL   MOTOR_A_Init
                                           ; SOURCE LINE # 56
000B 900000      R     MOV     DPTR,#MOTOR_A_initVar
000E 7401              MOV     A,#01H
0010 F0                MOVX    @DPTR,A
                                           ; SOURCE LINE # 57
0011         ?C0001:
                                           ; SOURCE LINE # 58
0011 120000      R     LCALL   MOTOR_A_Enable
                                           ; SOURCE LINE # 60
0014 22                RET     
             ; FUNCTION MOTOR_A_Start (END)

             ; FUNCTION MOTOR_A_Init (BEGIN)
                                           ; SOURCE LINE # 79
                                           ; SOURCE LINE # 80
                                           ; SOURCE LINE # 112
0000 906470            MOV     DPTR,#06470H
0003 E0                MOVX    A,@DPTR
0004 FF                MOV     R7,A
0005 EF                MOV     A,R7
0006 54C0              ANL     A,#0C0H
0008 FF                MOV     R7,A
0009 900000      R     MOV     DPTR,#ctrl
000C EF                MOV     A,R7
000D F0                MOVX    @DPTR,A
                                           ; SOURCE LINE # 114
000E 900000      R     MOV     DPTR,#ctrl
0011 E0                MOVX    A,@DPTR
0012 FF                MOV     R7,A
0013 EF                MOV     A,R7
0014 4409              ORL     A,#09H
0016 FF                MOV     R7,A
0017 906470            MOV     DPTR,#06470H
001A EF                MOV     A,R7
001B F0                MOVX    @DPTR,A
                                           ; SOURCE LINE # 120
001C 906490            MOV     DPTR,#06490H
001F E0                MOVX    A,@DPTR
0020 FF                MOV     R7,A
0021 EF                MOV     A,R7
0022 4401              ORL     A,#01H
0024 FF                MOV     R7,A
0025 EF                MOV     A,R7
0026 F0                MOVX    @DPTR,A
                                           ; SOURCE LINE # 127
0027 7FFF              MOV     R7,#0FFH
0029 120000      R     LCALL   _MOTOR_A_WriteCounter
C51 COMPILER V9.51   MOTOR_A                                                               01/16/2014 16:06:38 PAGE 18  

                                           ; SOURCE LINE # 130
002C 7FFF              MOV     R7,#0FFH
002E 120000      R     LCALL   _MOTOR_A_WritePeriod
                                           ; SOURCE LINE # 135
0031 7F00              MOV     R7,#00H
0033 120000      R     LCALL   _MOTOR_A_WriteCompare1
                                           ; SOURCE LINE # 136
0036 7F00              MOV     R7,#00H
0038 120000      R     LCALL   _MOTOR_A_WriteCompare2
                                           ; SOURCE LINE # 148
003B 7F00              MOV     R7,#00H
003D 120000      R     LCALL   _MOTOR_A_SetInterruptMode
                                           ; SOURCE LINE # 161
0040 120000      E     LCALL   CyEnterCriticalSection
0043 900000      R     MOV     DPTR,#MOTOR_A_interruptState
0046 EF                MOV     A,R7
0047 F0                MOVX    @DPTR,A
                                           ; SOURCE LINE # 163
0048 906490            MOV     DPTR,#06490H
004B E0                MOVX    A,@DPTR
004C FF                MOV     R7,A
004D EF                MOV     A,R7
004E 4410              ORL     A,#010H
0050 FF                MOV     R7,A
0051 EF                MOV     A,R7
0052 F0                MOVX    @DPTR,A
                                           ; SOURCE LINE # 166
0053 900000      R     MOV     DPTR,#MOTOR_A_interruptState
0056 E0                MOVX    A,@DPTR
0057 FF                MOV     R7,A
0058 120000      E     LCALL   _CyExitCriticalSection
                                           ; SOURCE LINE # 170
005B 120000      R     LCALL   MOTOR_A_ClearFIFO
                                           ; SOURCE LINE # 173
005E 22                RET     
             ; FUNCTION MOTOR_A_Init (END)

             ; FUNCTION MOTOR_A_Enable (BEGIN)
                                           ; SOURCE LINE # 193
                                           ; SOURCE LINE # 194
                                           ; SOURCE LINE # 203
0000 906470            MOV     DPTR,#06470H
0003 E0                MOVX    A,@DPTR
0004 FF                MOV     R7,A
0005 EF                MOV     A,R7
0006 4480              ORL     A,#080H
0008 FF                MOV     R7,A
0009 EF                MOV     A,R7
000A F0                MOVX    @DPTR,A
                                           ; SOURCE LINE # 205
000B 22                RET     
             ; FUNCTION MOTOR_A_Enable (END)

             ; FUNCTION MOTOR_A_Stop (BEGIN)
                                           ; SOURCE LINE # 227
                                           ; SOURCE LINE # 228
                                           ; SOURCE LINE # 230
0000 906470            MOV     DPTR,#06470H
0003 E0                MOVX    A,@DPTR
0004 FF                MOV     R7,A
0005 EF                MOV     A,R7
0006 547F              ANL     A,#07FH
C51 COMPILER V9.51   MOTOR_A                                                               01/16/2014 16:06:38 PAGE 19  

0008 FF                MOV     R7,A
0009 EF                MOV     A,R7
000A F0                MOVX    @DPTR,A
                                           ; SOURCE LINE # 238
000B 22                RET     
             ; FUNCTION MOTOR_A_Stop (END)

             ; FUNCTION _MOTOR_A_WriteCounter (BEGIN)
                                           ; SOURCE LINE # 397
0000 900000      R     MOV     DPTR,#counter
0003 EF                MOV     A,R7
0004 F0                MOVX    @DPTR,A
                                           ; SOURCE LINE # 399
                                           ; SOURCE LINE # 400
0005 900000      R     MOV     DPTR,#counter
0008 E0                MOVX    A,@DPTR
0009 FF                MOV     R7,A
000A 906400            MOV     DPTR,#06400H
000D EF                MOV     A,R7
000E F0                MOVX    @DPTR,A
                                           ; SOURCE LINE # 401
000F 22                RET     
             ; FUNCTION _MOTOR_A_WriteCounter (END)

             ; FUNCTION MOTOR_A_ReadCounter (BEGIN)
                                           ; SOURCE LINE # 419
                                           ; SOURCE LINE # 420
                                           ; SOURCE LINE # 424
0000 906410            MOV     DPTR,#06410H
0003 E0                MOVX    A,@DPTR
0004 FF                MOV     R7,A
                                           ; SOURCE LINE # 427
0005 906450            MOV     DPTR,#06450H
0008 E0                MOVX    A,@DPTR
0009 FF                MOV     R7,A
                                           ; SOURCE LINE # 428
000A         ?C0007:
000A 22                RET     
             ; FUNCTION MOTOR_A_ReadCounter (END)

             ; FUNCTION MOTOR_A_ClearFIFO (BEGIN)
                                           ; SOURCE LINE # 447
                                           ; SOURCE LINE # 448
0000         ?C0008:
                                           ; SOURCE LINE # 449
0000 120000      R     LCALL   MOTOR_A_ReadStatusRegister
0003 EF                MOV     A,R7
0004 30E405            JNB     ACC.4,?C0010
                                           ; SOURCE LINE # 450
                                           ; SOURCE LINE # 451
0007 120000      R     LCALL   MOTOR_A_ReadCapture
                                           ; SOURCE LINE # 452
000A 80F4              SJMP    ?C0008
                                           ; SOURCE LINE # 453
000C         ?C0010:
000C 22                RET     
             ; FUNCTION MOTOR_A_ClearFIFO (END)

             ; FUNCTION _MOTOR_A_WritePeriod (BEGIN)
                                           ; SOURCE LINE # 476
0000 900000      R     MOV     DPTR,#period
0003 EF                MOV     A,R7
C51 COMPILER V9.51   MOTOR_A                                                               01/16/2014 16:06:38 PAGE 20  

0004 F0                MOVX    @DPTR,A
                                           ; SOURCE LINE # 477
                                           ; SOURCE LINE # 481
0005 900000      R     MOV     DPTR,#period
0008 E0                MOVX    A,@DPTR
0009 FF                MOV     R7,A
000A 906440            MOV     DPTR,#06440H
000D EF                MOV     A,R7
000E F0                MOVX    @DPTR,A
                                           ; SOURCE LINE # 483
000F 22                RET     
             ; FUNCTION _MOTOR_A_WritePeriod (END)

             ; FUNCTION _MOTOR_A_WriteCompare1 (BEGIN)
                                           ; SOURCE LINE # 549
0000 900000      R     MOV     DPTR,#compare
0003 EF                MOV     A,R7
0004 F0                MOVX    @DPTR,A
                                           ; SOURCE LINE # 551
                                           ; SOURCE LINE # 555
0005 900000      R     MOV     DPTR,#compare
0008 E0                MOVX    A,@DPTR
0009 FF                MOV     R7,A
000A 906420            MOV     DPTR,#06420H
000D EF                MOV     A,R7
000E F0                MOVX    @DPTR,A
                                           ; SOURCE LINE # 557
000F 22                RET     
             ; FUNCTION _MOTOR_A_WriteCompare1 (END)

             ; FUNCTION _MOTOR_A_WriteCompare2 (BEGIN)
                                           ; SOURCE LINE # 578
0000 900000      R     MOV     DPTR,#compare
0003 EF                MOV     A,R7
0004 F0                MOVX    @DPTR,A
                                           ; SOURCE LINE # 580
                                           ; SOURCE LINE # 584
0005 900000      R     MOV     DPTR,#compare
0008 E0                MOVX    A,@DPTR
0009 FF                MOV     R7,A
000A 906430            MOV     DPTR,#06430H
000D EF                MOV     A,R7
000E F0                MOVX    @DPTR,A
                                           ; SOURCE LINE # 586
000F 22                RET     
             ; FUNCTION _MOTOR_A_WriteCompare2 (END)

             ; FUNCTION _MOTOR_A_SetInterruptMode (BEGIN)
                                           ; SOURCE LINE # 678
0000 900000      R     MOV     DPTR,#interruptMode
0003 EF                MOV     A,R7
0004 F0                MOVX    @DPTR,A
                                           ; SOURCE LINE # 679
                                           ; SOURCE LINE # 680
0005 900000      R     MOV     DPTR,#interruptMode
0008 E0                MOVX    A,@DPTR
0009 FF                MOV     R7,A
000A 906480            MOV     DPTR,#06480H
000D EF                MOV     A,R7
000E F0                MOVX    @DPTR,A
                                           ; SOURCE LINE # 681
000F 22                RET     
C51 COMPILER V9.51   MOTOR_A                                                               01/16/2014 16:06:38 PAGE 21  

             ; FUNCTION _MOTOR_A_SetInterruptMode (END)

             ; FUNCTION MOTOR_A_ReadStatusRegister (BEGIN)
                                           ; SOURCE LINE # 705
                                           ; SOURCE LINE # 706
                                           ; SOURCE LINE # 709
0000 906460            MOV     DPTR,#06460H
0003 E0                MOVX    A,@DPTR
0004 FF                MOV     R7,A
0005 900000      R     MOV     DPTR,#result
0008 EF                MOV     A,R7
0009 F0                MOVX    @DPTR,A
                                           ; SOURCE LINE # 710
000A 900000      R     MOV     DPTR,#result
000D E0                MOVX    A,@DPTR
000E FF                MOV     R7,A
                                           ; SOURCE LINE # 711
000F         ?C0015:
000F 22                RET     
             ; FUNCTION MOTOR_A_ReadStatusRegister (END)

             ; FUNCTION MOTOR_A_ReadControlRegister (BEGIN)
                                           ; SOURCE LINE # 734
                                           ; SOURCE LINE # 735
                                           ; SOURCE LINE # 738
0000 906470            MOV     DPTR,#06470H
0003 E0                MOVX    A,@DPTR
0004 FF                MOV     R7,A
0005 900000      R     MOV     DPTR,#result
0008 EF                MOV     A,R7
0009 F0                MOVX    @DPTR,A
                                           ; SOURCE LINE # 739
000A 900000      R     MOV     DPTR,#result
000D E0                MOVX    A,@DPTR
000E FF                MOV     R7,A
                                           ; SOURCE LINE # 740
000F         ?C0016:
000F 22                RET     
             ; FUNCTION MOTOR_A_ReadControlRegister (END)

             ; FUNCTION _MOTOR_A_WriteControlRegister (BEGIN)
                                           ; SOURCE LINE # 762
0000 900000      R     MOV     DPTR,#control
0003 EF                MOV     A,R7
0004 F0                MOVX    @DPTR,A
                                           ; SOURCE LINE # 763
                                           ; SOURCE LINE # 764
0005 900000      R     MOV     DPTR,#control
0008 E0                MOVX    A,@DPTR
0009 FF                MOV     R7,A
000A 906470            MOV     DPTR,#06470H
000D EF                MOV     A,R7
000E F0                MOVX    @DPTR,A
                                           ; SOURCE LINE # 765
000F 22                RET     
             ; FUNCTION _MOTOR_A_WriteControlRegister (END)

             ; FUNCTION MOTOR_A_ReadCapture (BEGIN)
                                           ; SOURCE LINE # 787
                                           ; SOURCE LINE # 788
                                           ; SOURCE LINE # 789
0000 906450            MOV     DPTR,#06450H
C51 COMPILER V9.51   MOTOR_A                                                               01/16/2014 16:06:38 PAGE 22  

0003 E0                MOVX    A,@DPTR
0004 FF                MOV     R7,A
                                           ; SOURCE LINE # 790
0005         ?C0018:
0005 22                RET     
             ; FUNCTION MOTOR_A_ReadCapture (END)

             ; FUNCTION MOTOR_A_ReadCompare1 (BEGIN)
                                           ; SOURCE LINE # 839
                                           ; SOURCE LINE # 840
                                           ; SOURCE LINE # 841
0000 906420            MOV     DPTR,#06420H
0003 E0                MOVX    A,@DPTR
0004 FF                MOV     R7,A
                                           ; SOURCE LINE # 842
0005         ?C0019:
0005 22                RET     
             ; FUNCTION MOTOR_A_ReadCompare1 (END)

             ; FUNCTION MOTOR_A_ReadCompare2 (BEGIN)
                                           ; SOURCE LINE # 859
                                           ; SOURCE LINE # 860
                                           ; SOURCE LINE # 861
0000 906430            MOV     DPTR,#06430H
0003 E0                MOVX    A,@DPTR
0004 FF                MOV     R7,A
                                           ; SOURCE LINE # 862
0005         ?C0020:
0005 22                RET     
             ; FUNCTION MOTOR_A_ReadCompare2 (END)

             ; FUNCTION MOTOR_A_ReadPeriod (BEGIN)
                                           ; SOURCE LINE # 881
                                           ; SOURCE LINE # 882
                                           ; SOURCE LINE # 886
0000 906440            MOV     DPTR,#06440H
0003 E0                MOVX    A,@DPTR
0004 FF                MOV     R7,A
                                           ; SOURCE LINE # 888
0005         ?C0021:
0005 22                RET     
             ; FUNCTION MOTOR_A_ReadPeriod (END)



MODULE INFORMATION:   STATIC OVERLAYABLE
   CODE SIZE        =    316    ----
   CONSTANT SIZE    =   ----    ----
   XDATA SIZE       =      1      10
   PDATA SIZE       =   ----    ----
   DATA SIZE        =   ----    ----
   IDATA SIZE       =   ----    ----
   BIT SIZE         =   ----    ----
   EDATA SIZE       =   ----    ----
   HDATA SIZE       =   ----    ----
   XDATA CONST SIZE =   ----    ----
   FAR CONST SIZE   =   ----    ----
END OF MODULE INFORMATION.


C51 COMPILATION COMPLETE.  0 WARNING(S),  0 ERROR(S)
