C51 COMPILER V9.51   QUADDEC_1_CNT16_PM                                                    01/27/2014 22:58:27 PAGE 1   


C51 COMPILER V9.51, COMPILATION OF MODULE QUADDEC_1_CNT16_PM
OBJECT MODULE PLACED IN .\DP8051\DP8051_Keil_951\Debug\QuadDec_1_Cnt16_PM.obj
COMPILER INVOKED BY: C:\Program Files (x86)\Cypress\PSoC Creator\3.0\PSoC Creator\import\keil\pk51\9.51\C51\BIN\c51.exe 
                    -.\Generated_Source\PSoC3\QuadDec_1_Cnt16_PM.c NOIV LARGE MODDP2 OMF2 VB(1) PR(.\DP8051\DP8051_Keil_951\Debug\QuadDec_1_C
                    -nt16_PM.lst) CD DB NOIP OT(2,SIZE) DF(DEBUG) INCDIR(.,.\Generated_Source\PSoC3) OJ(.\DP8051\DP8051_Keil_951\Debug\QuadDe
                    -c_1_Cnt16_PM.obj)

line level    source

   1          /*******************************************************************************
   2          * File Name: QuadDec_1_Cnt16_PM.c  
   3          * Version 2.40
   4          *
   5          *  Description:
   6          *    This file provides the power management source code to API for the
   7          *    Counter.  
   8          *
   9          *   Note:
  10          *     None
  11          *
  12          *******************************************************************************
  13          * Copyright 2008-2012, Cypress Semiconductor Corporation.  All rights reserved.
  14          * You may use this file only in accordance with the license, terms, conditions, 
  15          * disclaimers, and limitations in the end user license agreement accompanying 
  16          * the software package with which this file was provided.
  17          ********************************************************************************/
  18          
  19          #include "QuadDec_1_Cnt16.h"
  20          
  21          static QuadDec_1_Cnt16_backupStruct QuadDec_1_Cnt16_backup;
  22          
  23          
  24          /*******************************************************************************
  25          * Function Name: QuadDec_1_Cnt16_SaveConfig
  26          ********************************************************************************
  27          * Summary:
  28          *     Save the current user configuration
  29          *
  30          * Parameters:  
  31          *  void
  32          *
  33          * Return: 
  34          *  void
  35          *
  36          * Global variables:
  37          *  QuadDec_1_Cnt16_backup:  Variables of this global structure are modified to 
  38          *  store the values of non retention configuration registers when Sleep() API is 
  39          *  called.
  40          *
  41          *******************************************************************************/
  42          void QuadDec_1_Cnt16_SaveConfig(void) 
  43          {
  44   1          #if (!QuadDec_1_Cnt16_UsingFixedFunction)
  45   1      
  46   1              QuadDec_1_Cnt16_backup.CounterUdb = QuadDec_1_Cnt16_ReadCounter();
  47   1      
  48   1              #if (CY_UDB_V0)
                          QuadDec_1_Cnt16_backup.CounterPeriod = QuadDec_1_Cnt16_ReadPeriod();
                          QuadDec_1_Cnt16_backup.CompareValue = QuadDec_1_Cnt16_ReadCompare();
                          QuadDec_1_Cnt16_backup.InterruptMaskValue = QuadDec_1_Cnt16_STATUS_MASK;
                      #endif /* CY_UDB_V0 */
C51 COMPILER V9.51   QUADDEC_1_CNT16_PM                                                    01/27/2014 22:58:27 PAGE 2   

  53   1      
  54   1              #if(!QuadDec_1_Cnt16_ControlRegRemoved)
  55   1                  QuadDec_1_Cnt16_backup.CounterControlRegister = QuadDec_1_Cnt16_ReadControlRegister();
  56   1              #endif /* (!QuadDec_1_Cnt16_ControlRegRemoved) */
  57   1      
  58   1          #endif /* (!QuadDec_1_Cnt16_UsingFixedFunction) */
  59   1      }
  60          
  61          
  62          /*******************************************************************************
  63          * Function Name: QuadDec_1_Cnt16_RestoreConfig
  64          ********************************************************************************
  65          *
  66          * Summary:
  67          *  Restores the current user configuration.
  68          *
  69          * Parameters:  
  70          *  void
  71          *
  72          * Return: 
  73          *  void
  74          *
  75          * Global variables:
  76          *  QuadDec_1_Cnt16_backup:  Variables of this global structure are used to 
  77          *  restore the values of non retention registers on wakeup from sleep mode.
  78          *
  79          *******************************************************************************/
  80          void QuadDec_1_Cnt16_RestoreConfig(void) 
  81          {      
  82   1          #if (!QuadDec_1_Cnt16_UsingFixedFunction)
  83   1      
  84   1              #if (CY_UDB_V0)
                          uint8 QuadDec_1_Cnt16_interruptState;
                      #endif  /* (CY_UDB_V0) */
  87   1      
  88   1             QuadDec_1_Cnt16_WriteCounter(QuadDec_1_Cnt16_backup.CounterUdb);
  89   1      
  90   1              #if (CY_UDB_V0)
                          QuadDec_1_Cnt16_WritePeriod(QuadDec_1_Cnt16_backup.CounterPeriod);
                          QuadDec_1_Cnt16_WriteCompare(QuadDec_1_Cnt16_backup.CompareValue);
              
                          QuadDec_1_Cnt16_interruptState = CyEnterCriticalSection();
                          QuadDec_1_Cnt16_STATUS_AUX_CTRL |= QuadDec_1_Cnt16_STATUS_ACTL_INT_EN_MASK;
                          CyExitCriticalSection(QuadDec_1_Cnt16_interruptState);
              
                          QuadDec_1_Cnt16_STATUS_MASK = QuadDec_1_Cnt16_backup.InterruptMaskValue;
                      #endif  /* (CY_UDB_V0) */
 100   1      
 101   1              #if(!QuadDec_1_Cnt16_ControlRegRemoved)
 102   1                  QuadDec_1_Cnt16_WriteControlRegister(QuadDec_1_Cnt16_backup.CounterControlRegister);
 103   1              #endif /* (!QuadDec_1_Cnt16_ControlRegRemoved) */
 104   1      
 105   1          #endif /* (!QuadDec_1_Cnt16_UsingFixedFunction) */
 106   1      }
 107          
 108          
 109          /*******************************************************************************
 110          * Function Name: QuadDec_1_Cnt16_Sleep
 111          ********************************************************************************
 112          * Summary:
 113          *     Stop and Save the user configuration
 114          *
C51 COMPILER V9.51   QUADDEC_1_CNT16_PM                                                    01/27/2014 22:58:27 PAGE 3   

 115          * Parameters:  
 116          *  void
 117          *
 118          * Return: 
 119          *  void
 120          *
 121          * Global variables:
 122          *  QuadDec_1_Cnt16_backup.enableState:  Is modified depending on the enable 
 123          *  state of the block before entering sleep mode.
 124          *
 125          *******************************************************************************/
 126          void QuadDec_1_Cnt16_Sleep(void) 
 127          {
 128   1          #if(!QuadDec_1_Cnt16_ControlRegRemoved)
 129   1              /* Save Counter's enable state */
 130   1              if(QuadDec_1_Cnt16_CTRL_ENABLE == (QuadDec_1_Cnt16_CONTROL & QuadDec_1_Cnt16_CTRL_ENABLE))
 131   1              {
 132   2                  /* Counter is enabled */
 133   2                  QuadDec_1_Cnt16_backup.CounterEnableState = 1u;
 134   2              }
 135   1              else
 136   1              {
 137   2                  /* Counter is disabled */
 138   2                  QuadDec_1_Cnt16_backup.CounterEnableState = 0u;
 139   2              }
 140   1          #else
                      QuadDec_1_Cnt16_backup.CounterEnableState = 1u;
                      if(QuadDec_1_Cnt16_backup.CounterEnableState != 0u)
                      {
                          QuadDec_1_Cnt16_backup.CounterEnableState = 0u;
                      }
                  #endif /* (!QuadDec_1_Cnt16_ControlRegRemoved) */
 147   1          
 148   1          QuadDec_1_Cnt16_Stop();
 149   1          QuadDec_1_Cnt16_SaveConfig();
 150   1      }
 151          
 152          
 153          /*******************************************************************************
 154          * Function Name: QuadDec_1_Cnt16_Wakeup
 155          ********************************************************************************
 156          *
 157          * Summary:
 158          *  Restores and enables the user configuration
 159          *  
 160          * Parameters:  
 161          *  void
 162          *
 163          * Return: 
 164          *  void
 165          *
 166          * Global variables:
 167          *  QuadDec_1_Cnt16_backup.enableState:  Is used to restore the enable state of 
 168          *  block on wakeup from sleep mode.
 169          *
 170          *******************************************************************************/
 171          void QuadDec_1_Cnt16_Wakeup(void) 
 172          {
 173   1          QuadDec_1_Cnt16_RestoreConfig();
 174   1          #if(!QuadDec_1_Cnt16_ControlRegRemoved)
 175   1              if(QuadDec_1_Cnt16_backup.CounterEnableState == 1u)
 176   1              {
C51 COMPILER V9.51   QUADDEC_1_CNT16_PM                                                    01/27/2014 22:58:27 PAGE 4   

 177   2                  /* Enable Counter's operation */
 178   2                  QuadDec_1_Cnt16_Enable();
 179   2              } /* Do nothing if Counter was disabled before */    
 180   1          #endif /* (!QuadDec_1_Cnt16_ControlRegRemoved) */
 181   1          
 182   1      }
 183          
 184          
 185          /* [] END OF FILE */
C51 COMPILER V9.51   QUADDEC_1_CNT16_PM                                                    01/27/2014 22:58:27 PAGE 5   

ASSEMBLY LISTING OF GENERATED OBJECT CODE


             ; FUNCTION QuadDec_1_Cnt16_SaveConfig (BEGIN)
                                           ; SOURCE LINE # 42
                                           ; SOURCE LINE # 43
                                           ; SOURCE LINE # 46
0000 120000      E     LCALL   QuadDec_1_Cnt16_ReadCounter
0003 900000      R     MOV     DPTR,#QuadDec_1_Cnt16_backup+01H
0006 EE                MOV     A,R6
0007 F0                MOVX    @DPTR,A
0008 A3                INC     DPTR
0009 EF                MOV     A,R7
000A F0                MOVX    @DPTR,A
                                           ; SOURCE LINE # 55
000B 120000      E     LCALL   QuadDec_1_Cnt16_ReadControlRegister
000E 900000      R     MOV     DPTR,#QuadDec_1_Cnt16_backup+03H
0011 EF                MOV     A,R7
0012 F0                MOVX    @DPTR,A
                                           ; SOURCE LINE # 59
0013 22                RET     
             ; FUNCTION QuadDec_1_Cnt16_SaveConfig (END)

             ; FUNCTION QuadDec_1_Cnt16_RestoreConfig (BEGIN)
                                           ; SOURCE LINE # 80
                                           ; SOURCE LINE # 81
                                           ; SOURCE LINE # 88
0000 900000      R     MOV     DPTR,#QuadDec_1_Cnt16_backup+01H
0003 E0                MOVX    A,@DPTR
0004 FE                MOV     R6,A
0005 A3                INC     DPTR
0006 E0                MOVX    A,@DPTR
0007 FF                MOV     R7,A
0008 120000      E     LCALL   _QuadDec_1_Cnt16_WriteCounter
                                           ; SOURCE LINE # 102
000B 900000      R     MOV     DPTR,#QuadDec_1_Cnt16_backup+03H
000E E0                MOVX    A,@DPTR
000F FF                MOV     R7,A
0010 120000      E     LCALL   _QuadDec_1_Cnt16_WriteControlRegister
                                           ; SOURCE LINE # 106
0013 22                RET     
             ; FUNCTION QuadDec_1_Cnt16_RestoreConfig (END)

             ; FUNCTION QuadDec_1_Cnt16_Sleep (BEGIN)
                                           ; SOURCE LINE # 126
                                           ; SOURCE LINE # 127
                                           ; SOURCE LINE # 130
0000 906472            MOV     DPTR,#06472H
0003 E0                MOVX    A,@DPTR
0004 FF                MOV     R7,A
0005 EF                MOV     A,R7
0006 30E708            JNB     ACC.7,?C0003
                                           ; SOURCE LINE # 131
                                           ; SOURCE LINE # 133
0009 900000      R     MOV     DPTR,#QuadDec_1_Cnt16_backup
000C 7401              MOV     A,#01H
000E F0                MOVX    @DPTR,A
                                           ; SOURCE LINE # 134
000F 8005              SJMP    ?C0004
0011         ?C0003:
                                           ; SOURCE LINE # 136
                                           ; SOURCE LINE # 138
C51 COMPILER V9.51   QUADDEC_1_CNT16_PM                                                    01/27/2014 22:58:27 PAGE 6   

0011 900000      R     MOV     DPTR,#QuadDec_1_Cnt16_backup
0014 E4                CLR     A
0015 F0                MOVX    @DPTR,A
                                           ; SOURCE LINE # 139
0016         ?C0004:
                                           ; SOURCE LINE # 148
0016 120000      E     LCALL   QuadDec_1_Cnt16_Stop
                                           ; SOURCE LINE # 149
0019 120000      R     LCALL   QuadDec_1_Cnt16_SaveConfig
                                           ; SOURCE LINE # 150
001C 22                RET     
             ; FUNCTION QuadDec_1_Cnt16_Sleep (END)

             ; FUNCTION QuadDec_1_Cnt16_Wakeup (BEGIN)
                                           ; SOURCE LINE # 171
                                           ; SOURCE LINE # 172
                                           ; SOURCE LINE # 173
0000 120000      R     LCALL   QuadDec_1_Cnt16_RestoreConfig
                                           ; SOURCE LINE # 175
0003 900000      R     MOV     DPTR,#QuadDec_1_Cnt16_backup
0006 E0                MOVX    A,@DPTR
0007 FF                MOV     R7,A
0008 EF                MOV     A,R7
0009 B40103            CJNE    A,#01H,?C0007
                                           ; SOURCE LINE # 176
                                           ; SOURCE LINE # 178
000C 120000      E     LCALL   QuadDec_1_Cnt16_Enable
                                           ; SOURCE LINE # 179
                                           ; SOURCE LINE # 182
000F         ?C0007:
000F 22                RET     
             ; FUNCTION QuadDec_1_Cnt16_Wakeup (END)



MODULE INFORMATION:   STATIC OVERLAYABLE
   CODE SIZE        =     85    ----
   CONSTANT SIZE    =   ----    ----
   XDATA SIZE       =      4    ----
   PDATA SIZE       =   ----    ----
   DATA SIZE        =   ----    ----
   IDATA SIZE       =   ----    ----
   BIT SIZE         =   ----    ----
   EDATA SIZE       =   ----    ----
   HDATA SIZE       =   ----    ----
   XDATA CONST SIZE =   ----    ----
   FAR CONST SIZE   =   ----    ----
END OF MODULE INFORMATION.


C51 COMPILATION COMPLETE.  0 WARNING(S),  0 ERROR(S)
