ARM GAS  C:\Users\MATSUD~1\AppData\Local\Temp\ccihtoN2.s 			page 1


   1              		.syntax unified
   2              		.cpu cortex-m3
   3              		.fpu softvfp
   4              		.eabi_attribute 20, 1
   5              		.eabi_attribute 21, 1
   6              		.eabi_attribute 23, 3
   7              		.eabi_attribute 24, 1
   8              		.eabi_attribute 25, 1
   9              		.eabi_attribute 26, 1
  10              		.eabi_attribute 30, 6
  11              		.eabi_attribute 34, 1
  12              		.eabi_attribute 18, 4
  13              		.thumb
  14              		.file	"cymetadata.c"
  15              		.text
  16              	.Ltext0:
  17              		.cfi_sections	.debug_frame
  18              		.global	cy_meta_configecc
  19              		.section	.cyconfigecc,"a",%progbits
  20              		.align	2
  21              		.type	cy_meta_configecc, %object
  22              		.size	cy_meta_configecc, 2128
  23              	cy_meta_configecc:
  24 0000 06       		.byte	6
  25 0001 52       		.byte	82
  26 0002 00       		.byte	0
  27 0003 40       		.byte	64
  28 0004 03       		.byte	3
  29 0005 64       		.byte	100
  30 0006 00       		.byte	0
  31 0007 40       		.byte	64
  32 0008 04       		.byte	4
  33 0009 65       		.byte	101
  34 000a 00       		.byte	0
  35 000b 40       		.byte	64
  36 000c 52       		.byte	82
  37 000d 02       		.byte	2
  38 000e 01       		.byte	1
  39 000f 40       		.byte	64
  40 0010 3A       		.byte	58
  41 0011 03       		.byte	3
  42 0012 01       		.byte	1
  43 0013 40       		.byte	64
  44 0014 6D       		.byte	109
  45 0015 04       		.byte	4
  46 0016 01       		.byte	1
  47 0017 40       		.byte	64
  48 0018 46       		.byte	70
  49 0019 05       		.byte	5
  50 001a 01       		.byte	1
  51 001b 40       		.byte	64
  52 001c 44       		.byte	68
  53 001d 06       		.byte	6
  54 001e 01       		.byte	1
  55 001f 40       		.byte	64
  56 0020 40       		.byte	64
  57 0021 07       		.byte	7
ARM GAS  C:\Users\MATSUD~1\AppData\Local\Temp\ccihtoN2.s 			page 2


  58 0022 01       		.byte	1
  59 0023 40       		.byte	64
  60 0024 56       		.byte	86
  61 0025 14       		.byte	20
  62 0026 01       		.byte	1
  63 0027 40       		.byte	64
  64 0028 4D       		.byte	77
  65 0029 15       		.byte	21
  66 002a 01       		.byte	1
  67 002b 40       		.byte	64
  68 002c 5A       		.byte	90
  69 002d 16       		.byte	22
  70 002e 01       		.byte	1
  71 002f 40       		.byte	64
  72 0030 48       		.byte	72
  73 0031 17       		.byte	23
  74 0032 01       		.byte	1
  75 0033 40       		.byte	64
  76 0034 03       		.byte	3
  77 0035 19       		.byte	25
  78 0036 01       		.byte	1
  79 0037 40       		.byte	64
  80 0038 57       		.byte	87
  81 0039 1A       		.byte	26
  82 003a 01       		.byte	1
  83 003b 40       		.byte	64
  84 003c 42       		.byte	66
  85 003d 1B       		.byte	27
  86 003e 01       		.byte	1
  87 003f 40       		.byte	64
  88 0040 03       		.byte	3
  89 0041 40       		.byte	64
  90 0042 01       		.byte	1
  91 0043 40       		.byte	64
  92 0044 07       		.byte	7
  93 0045 41       		.byte	65
  94 0046 01       		.byte	1
  95 0047 40       		.byte	64
  96 0048 05       		.byte	5
  97 0049 42       		.byte	66
  98 004a 01       		.byte	1
  99 004b 40       		.byte	64
 100 004c 05       		.byte	5
 101 004d 43       		.byte	67
 102 004e 01       		.byte	1
 103 004f 40       		.byte	64
 104 0050 05       		.byte	5
 105 0051 48       		.byte	72
 106 0052 01       		.byte	1
 107 0053 40       		.byte	64
 108 0054 04       		.byte	4
 109 0055 49       		.byte	73
 110 0056 01       		.byte	1
 111 0057 40       		.byte	64
 112 0058 0A       		.byte	10
 113 0059 4D       		.byte	77
 114 005a 01       		.byte	1
ARM GAS  C:\Users\MATSUD~1\AppData\Local\Temp\ccihtoN2.s 			page 3


 115 005b 40       		.byte	64
 116 005c 06       		.byte	6
 117 005d 50       		.byte	80
 118 005e 01       		.byte	1
 119 005f 40       		.byte	64
 120 0060 01       		.byte	1
 121 0061 51       		.byte	81
 122 0062 01       		.byte	1
 123 0063 40       		.byte	64
 124 0064 00       		.byte	0
 125 0065 40       		.byte	64
 126 0066 1C       		.byte	28
 127 0067 80       		.byte	-128
 128 0068 24       		.byte	36
 129 0069 55       		.byte	85
 130 006a 28       		.byte	40
 131 006b 60       		.byte	96
 132 006c 29       		.byte	41
 133 006d A0       		.byte	-96
 134 006e 61       		.byte	97
 135 006f 01       		.byte	1
 136 0070 82       		.byte	-126
 137 0071 0F       		.byte	15
 138 0072 83       		.byte	-125
 139 0073 47       		.byte	71
 140 0074 87       		.byte	-121
 141 0075 0F       		.byte	15
 142 0076 84       		.byte	-124
 143 0077 72       		.byte	114
 144 0078 87       		.byte	-121
 145 0079 38       		.byte	56
 146 007a 8A       		.byte	-118
 147 007b 2F       		.byte	47
 148 007c 8B       		.byte	-117
 149 007d 2F       		.byte	47
 150 007e 08       		.byte	8
 151 007f 07       		.byte	7
 152 0080 0A       		.byte	10
 153 0081 08       		.byte	8
 154 0082 0D       		.byte	13
 155 0083 14       		.byte	20
 156 0084 12       		.byte	18
 157 0085 1D       		.byte	29
 158 0086 13       		.byte	19
 159 0087 03       		.byte	3
 160 0088 14       		.byte	20
 161 0089 07       		.byte	7
 162 008a 15       		.byte	21
 163 008b 2C       		.byte	44
 164 008c 16       		.byte	22
 165 008d 18       		.byte	24
 166 008e 17       		.byte	23
 167 008f D1       		.byte	-47
 168 0090 18       		.byte	24
 169 0091 06       		.byte	6
 170 0092 19       		.byte	25
 171 0093 9C       		.byte	-100
ARM GAS  C:\Users\MATSUD~1\AppData\Local\Temp\ccihtoN2.s 			page 4


 172 0094 1A       		.byte	26
 173 0095 09       		.byte	9
 174 0096 1B       		.byte	27
 175 0097 22       		.byte	34
 176 0098 1D       		.byte	29
 177 0099 09       		.byte	9
 178 009a 1F       		.byte	31
 179 009b F0       		.byte	-16
 180 009c 20       		.byte	32
 181 009d 20       		.byte	32
 182 009e 28       		.byte	40
 183 009f 12       		.byte	18
 184 00a0 29       		.byte	41
 185 00a1 30       		.byte	48
 186 00a2 2A       		.byte	42
 187 00a3 01       		.byte	1
 188 00a4 2B       		.byte	43
 189 00a5 4C       		.byte	76
 190 00a6 2D       		.byte	45
 191 00a7 80       		.byte	-128
 192 00a8 2F       		.byte	47
 193 00a9 10       		.byte	16
 194 00aa 30       		.byte	48
 195 00ab 01       		.byte	1
 196 00ac 32       		.byte	50
 197 00ad 1E       		.byte	30
 198 00ae 33       		.byte	51
 199 00af E0       		.byte	-32
 200 00b0 34       		.byte	52
 201 00b1 20       		.byte	32
 202 00b2 37       		.byte	55
 203 00b3 1F       		.byte	31
 204 00b4 3A       		.byte	58
 205 00b5 08       		.byte	8
 206 00b6 3B       		.byte	59
 207 00b7 08       		.byte	8
 208 00b8 3E       		.byte	62
 209 00b9 11       		.byte	17
 210 00ba 40       		.byte	64
 211 00bb 36       		.byte	54
 212 00bc 41       		.byte	65
 213 00bd 02       		.byte	2
 214 00be 45       		.byte	69
 215 00bf EC       		.byte	-20
 216 00c0 46       		.byte	70
 217 00c1 0B       		.byte	11
 218 00c2 48       		.byte	72
 219 00c3 07       		.byte	7
 220 00c4 49       		.byte	73
 221 00c5 FF       		.byte	-1
 222 00c6 4A       		.byte	74
 223 00c7 FF       		.byte	-1
 224 00c8 4B       		.byte	75
 225 00c9 FF       		.byte	-1
 226 00ca 4E       		.byte	78
 227 00cb F0       		.byte	-16
 228 00cc 4F       		.byte	79
ARM GAS  C:\Users\MATSUD~1\AppData\Local\Temp\ccihtoN2.s 			page 5


 229 00cd 44       		.byte	68
 230 00ce 50       		.byte	80
 231 00cf 0C       		.byte	12
 232 00d0 54       		.byte	84
 233 00d1 01       		.byte	1
 234 00d2 56       		.byte	86
 235 00d3 04       		.byte	4
 236 00d4 58       		.byte	88
 237 00d5 04       		.byte	4
 238 00d6 59       		.byte	89
 239 00d7 04       		.byte	4
 240 00d8 5A       		.byte	90
 241 00d9 04       		.byte	4
 242 00da 5B       		.byte	91
 243 00db 04       		.byte	4
 244 00dc 5C       		.byte	92
 245 00dd 33       		.byte	51
 246 00de 5D       		.byte	93
 247 00df 33       		.byte	51
 248 00e0 5F       		.byte	95
 249 00e1 01       		.byte	1
 250 00e2 66       		.byte	102
 251 00e3 C0       		.byte	-64
 252 00e4 6A       		.byte	106
 253 00e5 40       		.byte	64
 254 00e6 6B       		.byte	107
 255 00e7 02       		.byte	2
 256 00e8 80       		.byte	-128
 257 00e9 01       		.byte	1
 258 00ea 83       		.byte	-125
 259 00eb 02       		.byte	2
 260 00ec 85       		.byte	-123
 261 00ed 08       		.byte	8
 262 00ee 89       		.byte	-119
 263 00ef 08       		.byte	8
 264 00f0 8D       		.byte	-115
 265 00f1 06       		.byte	6
 266 00f2 8F       		.byte	-113
 267 00f3 10       		.byte	16
 268 00f4 95       		.byte	-107
 269 00f5 10       		.byte	16
 270 00f6 97       		.byte	-105
 271 00f7 03       		.byte	3
 272 00f8 9B       		.byte	-101
 273 00f9 17       		.byte	23
 274 00fa 9D       		.byte	-99
 275 00fb 10       		.byte	16
 276 00fc 9F       		.byte	-97
 277 00fd 05       		.byte	5
 278 00fe AD       		.byte	-83
 279 00ff 08       		.byte	8
 280 0100 B1       		.byte	-79
 281 0101 13       		.byte	19
 282 0102 B2       		.byte	-78
 283 0103 01       		.byte	1
 284 0104 B3       		.byte	-77
 285 0105 07       		.byte	7
ARM GAS  C:\Users\MATSUD~1\AppData\Local\Temp\ccihtoN2.s 			page 6


 286 0106 B5       		.byte	-75
 287 0107 08       		.byte	8
 288 0108 B7       		.byte	-73
 289 0109 08       		.byte	8
 290 010a BA       		.byte	-70
 291 010b 30       		.byte	48
 292 010c BB       		.byte	-69
 293 010d 0A       		.byte	10
 294 010e BE       		.byte	-66
 295 010f 04       		.byte	4
 296 0110 BF       		.byte	-65
 297 0111 40       		.byte	64
 298 0112 D6       		.byte	-42
 299 0113 02       		.byte	2
 300 0114 D7       		.byte	-41
 301 0115 11       		.byte	17
 302 0116 D8       		.byte	-40
 303 0117 04       		.byte	4
 304 0118 D9       		.byte	-39
 305 0119 0A       		.byte	10
 306 011a DB       		.byte	-37
 307 011b 0A       		.byte	10
 308 011c DC       		.byte	-36
 309 011d 22       		.byte	34
 310 011e DD       		.byte	-35
 311 011f 20       		.byte	32
 312 0120 DF       		.byte	-33
 313 0121 01       		.byte	1
 314 0122 01       		.byte	1
 315 0123 01       		.byte	1
 316 0124 05       		.byte	5
 317 0125 10       		.byte	16
 318 0126 06       		.byte	6
 319 0127 04       		.byte	4
 320 0128 07       		.byte	7
 321 0129 04       		.byte	4
 322 012a 08       		.byte	8
 323 012b 20       		.byte	32
 324 012c 0B       		.byte	11
 325 012d 04       		.byte	4
 326 012e 0E       		.byte	14
 327 012f A0       		.byte	-96
 328 0130 0F       		.byte	15
 329 0131 04       		.byte	4
 330 0132 17       		.byte	23
 331 0133 11       		.byte	17
 332 0134 19       		.byte	25
 333 0135 08       		.byte	8
 334 0136 1B       		.byte	27
 335 0137 10       		.byte	16
 336 0138 1D       		.byte	29
 337 0139 08       		.byte	8
 338 013a 1E       		.byte	30
 339 013b 60       		.byte	96
 340 013c 1F       		.byte	31
 341 013d 18       		.byte	24
 342 013e 21       		.byte	33
ARM GAS  C:\Users\MATSUD~1\AppData\Local\Temp\ccihtoN2.s 			page 7


 343 013f 34       		.byte	52
 344 0140 22       		.byte	34
 345 0141 84       		.byte	-124
 346 0142 23       		.byte	35
 347 0143 40       		.byte	64
 348 0144 27       		.byte	39
 349 0145 11       		.byte	17
 350 0146 28       		.byte	40
 351 0147 02       		.byte	2
 352 0148 2E       		.byte	46
 353 0149 80       		.byte	-128
 354 014a 2F       		.byte	47
 355 014b 08       		.byte	8
 356 014c 31       		.byte	49
 357 014d 20       		.byte	32
 358 014e 32       		.byte	50
 359 014f 44       		.byte	68
 360 0150 36       		.byte	54
 361 0151 40       		.byte	64
 362 0152 37       		.byte	55
 363 0153 15       		.byte	21
 364 0154 38       		.byte	56
 365 0155 02       		.byte	2
 366 0156 39       		.byte	57
 367 0157 14       		.byte	20
 368 0158 3B       		.byte	59
 369 0159 40       		.byte	64
 370 015a 3F       		.byte	63
 371 015b 80       		.byte	-128
 372 015c 40       		.byte	64
 373 015d 02       		.byte	2
 374 015e 41       		.byte	65
 375 015f 40       		.byte	64
 376 0160 45       		.byte	69
 377 0161 08       		.byte	8
 378 0162 46       		.byte	70
 379 0163 04       		.byte	4
 380 0164 4D       		.byte	77
 381 0165 21       		.byte	33
 382 0166 4F       		.byte	79
 383 0167 04       		.byte	4
 384 0168 57       		.byte	87
 385 0169 40       		.byte	64
 386 016a 5A       		.byte	90
 387 016b 20       		.byte	32
 388 016c 5C       		.byte	92
 389 016d 20       		.byte	32
 390 016e 5D       		.byte	93
 391 016f 09       		.byte	9
 392 0170 5E       		.byte	94
 393 0171 40       		.byte	64
 394 0172 64       		.byte	100
 395 0173 80       		.byte	-128
 396 0174 69       		.byte	105
 397 0175 94       		.byte	-108
 398 0176 70       		.byte	112
 399 0177 03       		.byte	3
ARM GAS  C:\Users\MATSUD~1\AppData\Local\Temp\ccihtoN2.s 			page 8


 400 0178 79       		.byte	121
 401 0179 02       		.byte	2
 402 017a 7A       		.byte	122
 403 017b 80       		.byte	-128
 404 017c 7B       		.byte	123
 405 017d 10       		.byte	16
 406 017e 84       		.byte	-124
 407 017f 80       		.byte	-128
 408 0180 C0       		.byte	-64
 409 0181 48       		.byte	72
 410 0182 C2       		.byte	-62
 411 0183 70       		.byte	112
 412 0184 C4       		.byte	-60
 413 0185 50       		.byte	80
 414 0186 CA       		.byte	-54
 415 0187 38       		.byte	56
 416 0188 CC       		.byte	-52
 417 0189 FE       		.byte	-2
 418 018a CE       		.byte	-50
 419 018b 1F       		.byte	31
 420 018c D0       		.byte	-48
 421 018d 60       		.byte	96
 422 018e D2       		.byte	-46
 423 018f 20       		.byte	32
 424 0190 D6       		.byte	-42
 425 0191 F4       		.byte	-12
 426 0192 D8       		.byte	-40
 427 0193 80       		.byte	-128
 428 0194 DE       		.byte	-34
 429 0195 02       		.byte	2
 430 0196 04       		.byte	4
 431 0197 14       		.byte	20
 432 0198 05       		.byte	5
 433 0199 1F       		.byte	31
 434 019a 07       		.byte	7
 435 019b 20       		.byte	32
 436 019c 0A       		.byte	10
 437 019d 03       		.byte	3
 438 019e 0B       		.byte	11
 439 019f 75       		.byte	117
 440 01a0 0D       		.byte	13
 441 01a1 4A       		.byte	74
 442 01a2 0F       		.byte	15
 443 01a3 01       		.byte	1
 444 01a4 10       		.byte	16
 445 01a5 1C       		.byte	28
 446 01a6 12       		.byte	18
 447 01a7 02       		.byte	2
 448 01a8 19       		.byte	25
 449 01a9 18       		.byte	24
 450 01aa 1B       		.byte	27
 451 01ab 21       		.byte	33
 452 01ac 1D       		.byte	29
 453 01ad 1F       		.byte	31
 454 01ae 1F       		.byte	31
 455 01af 60       		.byte	96
 456 01b0 20       		.byte	32
ARM GAS  C:\Users\MATSUD~1\AppData\Local\Temp\ccihtoN2.s 			page 9


 457 01b1 10       		.byte	16
 458 01b2 22       		.byte	34
 459 01b3 0C       		.byte	12
 460 01b4 24       		.byte	36
 461 01b5 0C       		.byte	12
 462 01b6 26       		.byte	38
 463 01b7 11       		.byte	17
 464 01b8 28       		.byte	40
 465 01b9 09       		.byte	9
 466 01ba 2A       		.byte	42
 467 01bb 10       		.byte	16
 468 01bc 2C       		.byte	44
 469 01bd 10       		.byte	16
 470 01be 32       		.byte	50
 471 01bf 1F       		.byte	31
 472 01c0 33       		.byte	51
 473 01c1 01       		.byte	1
 474 01c2 35       		.byte	53
 475 01c3 06       		.byte	6
 476 01c4 36       		.byte	54
 477 01c5 1F       		.byte	31
 478 01c6 37       		.byte	55
 479 01c7 78       		.byte	120
 480 01c8 3B       		.byte	59
 481 01c9 80       		.byte	-128
 482 01ca 3F       		.byte	63
 483 01cb 14       		.byte	20
 484 01cc 40       		.byte	64
 485 01cd 03       		.byte	3
 486 01ce 46       		.byte	70
 487 01cf 05       		.byte	5
 488 01d0 47       		.byte	71
 489 01d1 01       		.byte	1
 490 01d2 48       		.byte	72
 491 01d3 14       		.byte	20
 492 01d4 49       		.byte	73
 493 01d5 FF       		.byte	-1
 494 01d6 4A       		.byte	74
 495 01d7 07       		.byte	7
 496 01d8 4B       		.byte	75
 497 01d9 FF       		.byte	-1
 498 01da 4C       		.byte	76
 499 01db 40       		.byte	64
 500 01dc 4D       		.byte	77
 501 01dd 20       		.byte	32
 502 01de 4E       		.byte	78
 503 01df F0       		.byte	-16
 504 01e0 4F       		.byte	79
 505 01e1 05       		.byte	5
 506 01e2 50       		.byte	80
 507 01e3 08       		.byte	8
 508 01e4 58       		.byte	88
 509 01e5 0A       		.byte	10
 510 01e6 59       		.byte	89
 511 01e7 0A       		.byte	10
 512 01e8 5A       		.byte	90
 513 01e9 04       		.byte	4
ARM GAS  C:\Users\MATSUD~1\AppData\Local\Temp\ccihtoN2.s 			page 10


 514 01ea 5C       		.byte	92
 515 01eb 22       		.byte	34
 516 01ec 5D       		.byte	93
 517 01ed 03       		.byte	3
 518 01ee 5F       		.byte	95
 519 01ef 01       		.byte	1
 520 01f0 60       		.byte	96
 521 01f1 40       		.byte	64
 522 01f2 61       		.byte	97
 523 01f3 A8       		.byte	-88
 524 01f4 62       		.byte	98
 525 01f5 40       		.byte	64
 526 01f6 63       		.byte	99
 527 01f7 20       		.byte	32
 528 01f8 80       		.byte	-128
 529 01f9 20       		.byte	32
 530 01fa 84       		.byte	-124
 531 01fb 09       		.byte	9
 532 01fc 85       		.byte	-123
 533 01fd 02       		.byte	2
 534 01fe 87       		.byte	-121
 535 01ff 04       		.byte	4
 536 0200 88       		.byte	-120
 537 0201 06       		.byte	6
 538 0202 8A       		.byte	-118
 539 0203 30       		.byte	48
 540 0204 8B       		.byte	-117
 541 0205 06       		.byte	6
 542 0206 92       		.byte	-110
 543 0207 74       		.byte	116
 544 0208 94       		.byte	-108
 545 0209 06       		.byte	6
 546 020a 95       		.byte	-107
 547 020b 06       		.byte	6
 548 020c 96       		.byte	-106
 549 020d 50       		.byte	80
 550 020e 98       		.byte	-104
 551 020f 08       		.byte	8
 552 0210 99       		.byte	-103
 553 0211 04       		.byte	4
 554 0212 9B       		.byte	-101
 555 0213 02       		.byte	2
 556 0214 A2       		.byte	-94
 557 0215 09       		.byte	9
 558 0216 A6       		.byte	-90
 559 0217 09       		.byte	9
 560 0218 A8       		.byte	-88
 561 0219 62       		.byte	98
 562 021a A9       		.byte	-87
 563 021b 01       		.byte	1
 564 021c AE       		.byte	-82
 565 021d 01       		.byte	1
 566 021e B0       		.byte	-80
 567 021f 01       		.byte	1
 568 0220 B1       		.byte	-79
 569 0221 06       		.byte	6
 570 0222 B2       		.byte	-78
ARM GAS  C:\Users\MATSUD~1\AppData\Local\Temp\ccihtoN2.s 			page 11


 571 0223 06       		.byte	6
 572 0224 B4       		.byte	-76
 573 0225 70       		.byte	112
 574 0226 B6       		.byte	-74
 575 0227 08       		.byte	8
 576 0228 B7       		.byte	-73
 577 0229 01       		.byte	1
 578 022a B8       		.byte	-72
 579 022b 08       		.byte	8
 580 022c BA       		.byte	-70
 581 022d 20       		.byte	32
 582 022e BE       		.byte	-66
 583 022f 45       		.byte	69
 584 0230 BF       		.byte	-65
 585 0231 01       		.byte	1
 586 0232 C0       		.byte	-64
 587 0233 32       		.byte	50
 588 0234 C1       		.byte	-63
 589 0235 06       		.byte	6
 590 0236 C2       		.byte	-62
 591 0237 45       		.byte	69
 592 0238 C5       		.byte	-59
 593 0239 F0       		.byte	-16
 594 023a C7       		.byte	-57
 595 023b C2       		.byte	-62
 596 023c C8       		.byte	-56
 597 023d 3A       		.byte	58
 598 023e C9       		.byte	-55
 599 023f FF       		.byte	-1
 600 0240 CA       		.byte	-54
 601 0241 FF       		.byte	-1
 602 0242 CB       		.byte	-53
 603 0243 FF       		.byte	-1
 604 0244 CF       		.byte	-49
 605 0245 09       		.byte	9
 606 0246 D0       		.byte	-48
 607 0247 0C       		.byte	12
 608 0248 D8       		.byte	-40
 609 0249 04       		.byte	4
 610 024a D9       		.byte	-39
 611 024b 04       		.byte	4
 612 024c DA       		.byte	-38
 613 024d 04       		.byte	4
 614 024e DC       		.byte	-36
 615 024f 33       		.byte	51
 616 0250 DD       		.byte	-35
 617 0251 02       		.byte	2
 618 0252 DF       		.byte	-33
 619 0253 01       		.byte	1
 620 0254 E0       		.byte	-32
 621 0255 50       		.byte	80
 622 0256 E1       		.byte	-31
 623 0257 A8       		.byte	-88
 624 0258 E2       		.byte	-30
 625 0259 40       		.byte	64
 626 025a E3       		.byte	-29
 627 025b 20       		.byte	32
ARM GAS  C:\Users\MATSUD~1\AppData\Local\Temp\ccihtoN2.s 			page 12


 628 025c E4       		.byte	-28
 629 025d 40       		.byte	64
 630 025e E5       		.byte	-27
 631 025f A8       		.byte	-88
 632 0260 E6       		.byte	-26
 633 0261 40       		.byte	64
 634 0262 E7       		.byte	-25
 635 0263 A8       		.byte	-88
 636 0264 EA       		.byte	-22
 637 0265 40       		.byte	64
 638 0266 EB       		.byte	-21
 639 0267 A8       		.byte	-88
 640 0268 EC       		.byte	-20
 641 0269 10       		.byte	16
 642 026a ED       		.byte	-19
 643 026b 30       		.byte	48
 644 026c EE       		.byte	-18
 645 026d 40       		.byte	64
 646 026e EF       		.byte	-17
 647 026f 20       		.byte	32
 648 0270 00       		.byte	0
 649 0271 10       		.byte	16
 650 0272 02       		.byte	2
 651 0273 20       		.byte	32
 652 0274 05       		.byte	5
 653 0275 10       		.byte	16
 654 0276 06       		.byte	6
 655 0277 C0       		.byte	-64
 656 0278 07       		.byte	7
 657 0279 20       		.byte	32
 658 027a 0B       		.byte	11
 659 027b 40       		.byte	64
 660 027c 0E       		.byte	14
 661 027d A0       		.byte	-96
 662 027e 0F       		.byte	15
 663 027f 08       		.byte	8
 664 0280 10       		.byte	16
 665 0281 02       		.byte	2
 666 0282 11       		.byte	17
 667 0283 14       		.byte	20
 668 0284 12       		.byte	18
 669 0285 80       		.byte	-128
 670 0286 14       		.byte	20
 671 0287 20       		.byte	32
 672 0288 15       		.byte	21
 673 0289 01       		.byte	1
 674 028a 16       		.byte	22
 675 028b 02       		.byte	2
 676 028c 17       		.byte	23
 677 028d 10       		.byte	16
 678 028e 18       		.byte	24
 679 028f 10       		.byte	16
 680 0290 1A       		.byte	26
 681 0291 01       		.byte	1
 682 0292 1D       		.byte	29
 683 0293 1A       		.byte	26
 684 0294 1E       		.byte	30
ARM GAS  C:\Users\MATSUD~1\AppData\Local\Temp\ccihtoN2.s 			page 13


 685 0295 02       		.byte	2
 686 0296 21       		.byte	33
 687 0297 40       		.byte	64
 688 0298 22       		.byte	34
 689 0299 D4       		.byte	-44
 690 029a 24       		.byte	36
 691 029b 40       		.byte	64
 692 029c 26       		.byte	38
 693 029d 40       		.byte	64
 694 029e 2C       		.byte	44
 695 029f 08       		.byte	8
 696 02a0 30       		.byte	48
 697 02a1 20       		.byte	32
 698 02a2 32       		.byte	50
 699 02a3 40       		.byte	64
 700 02a4 36       		.byte	54
 701 02a5 08       		.byte	8
 702 02a6 37       		.byte	55
 703 02a7 20       		.byte	32
 704 02a8 39       		.byte	57
 705 02a9 3C       		.byte	60
 706 02aa 3B       		.byte	59
 707 02ab 40       		.byte	64
 708 02ac 3D       		.byte	61
 709 02ad 08       		.byte	8
 710 02ae 3E       		.byte	62
 711 02af 20       		.byte	32
 712 02b0 41       		.byte	65
 713 02b1 08       		.byte	8
 714 02b2 44       		.byte	68
 715 02b3 20       		.byte	32
 716 02b4 45       		.byte	69
 717 02b5 06       		.byte	6
 718 02b6 47       		.byte	71
 719 02b7 20       		.byte	32
 720 02b8 49       		.byte	73
 721 02b9 80       		.byte	-128
 722 02ba 4A       		.byte	74
 723 02bb 01       		.byte	1
 724 02bc 4D       		.byte	77
 725 02bd 80       		.byte	-128
 726 02be 4E       		.byte	78
 727 02bf 08       		.byte	8
 728 02c0 4F       		.byte	79
 729 02c1 01       		.byte	1
 730 02c2 50       		.byte	80
 731 02c3 08       		.byte	8
 732 02c4 52       		.byte	82
 733 02c5 40       		.byte	64
 734 02c6 56       		.byte	86
 735 02c7 22       		.byte	34
 736 02c8 57       		.byte	87
 737 02c9 04       		.byte	4
 738 02ca 7B       		.byte	123
 739 02cb 10       		.byte	16
 740 02cc 84       		.byte	-124
 741 02cd 40       		.byte	64
ARM GAS  C:\Users\MATSUD~1\AppData\Local\Temp\ccihtoN2.s 			page 14


 742 02ce 85       		.byte	-123
 743 02cf 01       		.byte	1
 744 02d0 86       		.byte	-122
 745 02d1 0C       		.byte	12
 746 02d2 91       		.byte	-111
 747 02d3 2A       		.byte	42
 748 02d4 93       		.byte	-109
 749 02d5 40       		.byte	64
 750 02d6 96       		.byte	-106
 751 02d7 A0       		.byte	-96
 752 02d8 9B       		.byte	-101
 753 02d9 10       		.byte	16
 754 02da 9D       		.byte	-99
 755 02db 30       		.byte	48
 756 02dc 9E       		.byte	-98
 757 02dd 80       		.byte	-128
 758 02de A0       		.byte	-96
 759 02df 02       		.byte	2
 760 02e0 A2       		.byte	-94
 761 02e1 10       		.byte	16
 762 02e2 A3       		.byte	-93
 763 02e3 10       		.byte	16
 764 02e4 A6       		.byte	-90
 765 02e5 40       		.byte	64
 766 02e6 B3       		.byte	-77
 767 02e7 10       		.byte	16
 768 02e8 C0       		.byte	-64
 769 02e9 76       		.byte	118
 770 02ea C2       		.byte	-62
 771 02eb 78       		.byte	120
 772 02ec C4       		.byte	-60
 773 02ed FF       		.byte	-1
 774 02ee CA       		.byte	-54
 775 02ef 20       		.byte	32
 776 02f0 CC       		.byte	-52
 777 02f1 6C       		.byte	108
 778 02f2 CE       		.byte	-50
 779 02f3 6E       		.byte	110
 780 02f4 D0       		.byte	-48
 781 02f5 E2       		.byte	-30
 782 02f6 D2       		.byte	-46
 783 02f7 30       		.byte	48
 784 02f8 DE       		.byte	-34
 785 02f9 02       		.byte	2
 786 02fa EA       		.byte	-22
 787 02fb 20       		.byte	32
 788 02fc 00       		.byte	0
 789 02fd 01       		.byte	1
 790 02fe 05       		.byte	5
 791 02ff 18       		.byte	24
 792 0300 07       		.byte	7
 793 0301 A6       		.byte	-90
 794 0302 09       		.byte	9
 795 0303 31       		.byte	49
 796 0304 0B       		.byte	11
 797 0305 C0       		.byte	-64
 798 0306 0D       		.byte	13
ARM GAS  C:\Users\MATSUD~1\AppData\Local\Temp\ccihtoN2.s 			page 15


 799 0307 40       		.byte	64
 800 0308 0F       		.byte	15
 801 0309 3F       		.byte	63
 802 030a 12       		.byte	18
 803 030b 01       		.byte	1
 804 030c 15       		.byte	21
 805 030d B4       		.byte	-76
 806 030e 17       		.byte	23
 807 030f 0B       		.byte	11
 808 0310 18       		.byte	24
 809 0311 01       		.byte	1
 810 0312 19       		.byte	25
 811 0313 26       		.byte	38
 812 0314 1B       		.byte	27
 813 0315 99       		.byte	-103
 814 0316 1C       		.byte	28
 815 0317 02       		.byte	2
 816 0318 21       		.byte	33
 817 0319 02       		.byte	2
 818 031a 22       		.byte	34
 819 031b 01       		.byte	1
 820 031c 24       		.byte	36
 821 031d 02       		.byte	2
 822 031e 2B       		.byte	43
 823 031f 30       		.byte	48
 824 0320 2C       		.byte	44
 825 0321 01       		.byte	1
 826 0322 2F       		.byte	47
 827 0323 04       		.byte	4
 828 0324 30       		.byte	48
 829 0325 01       		.byte	1
 830 0326 33       		.byte	51
 831 0327 0F       		.byte	15
 832 0328 34       		.byte	52
 833 0329 02       		.byte	2
 834 032a 35       		.byte	53
 835 032b F0       		.byte	-16
 836 032c 3A       		.byte	58
 837 032d 02       		.byte	2
 838 032e 3B       		.byte	59
 839 032f 20       		.byte	32
 840 0330 52       		.byte	82
 841 0331 07       		.byte	7
 842 0332 54       		.byte	84
 843 0333 07       		.byte	7
 844 0334 56       		.byte	86
 845 0335 04       		.byte	4
 846 0336 58       		.byte	88
 847 0337 04       		.byte	4
 848 0338 59       		.byte	89
 849 0339 04       		.byte	4
 850 033a 5B       		.byte	91
 851 033b 04       		.byte	4
 852 033c 5C       		.byte	92
 853 033d 22       		.byte	34
 854 033e 5D       		.byte	93
 855 033f 20       		.byte	32
ARM GAS  C:\Users\MATSUD~1\AppData\Local\Temp\ccihtoN2.s 			page 16


 856 0340 5F       		.byte	95
 857 0341 01       		.byte	1
 858 0342 91       		.byte	-111
 859 0343 01       		.byte	1
 860 0344 96       		.byte	-106
 861 0345 01       		.byte	1
 862 0346 9E       		.byte	-98
 863 0347 01       		.byte	1
 864 0348 A5       		.byte	-91
 865 0349 02       		.byte	2
 866 034a A8       		.byte	-88
 867 034b 02       		.byte	2
 868 034c B1       		.byte	-79
 869 034d 02       		.byte	2
 870 034e B3       		.byte	-77
 871 034f 01       		.byte	1
 872 0350 B4       		.byte	-76
 873 0351 02       		.byte	2
 874 0352 B6       		.byte	-74
 875 0353 01       		.byte	1
 876 0354 B8       		.byte	-72
 877 0355 08       		.byte	8
 878 0356 BE       		.byte	-66
 879 0357 50       		.byte	80
 880 0358 BF       		.byte	-65
 881 0359 05       		.byte	5
 882 035a C0       		.byte	-64
 883 035b 14       		.byte	20
 884 035c C1       		.byte	-63
 885 035d 03       		.byte	3
 886 035e C5       		.byte	-59
 887 035f EB       		.byte	-21
 888 0360 C6       		.byte	-58
 889 0361 C0       		.byte	-64
 890 0362 C8       		.byte	-56
 891 0363 0B       		.byte	11
 892 0364 C9       		.byte	-55
 893 0365 FF       		.byte	-1
 894 0366 CA       		.byte	-54
 895 0367 FF       		.byte	-1
 896 0368 CB       		.byte	-53
 897 0369 FF       		.byte	-1
 898 036a CE       		.byte	-50
 899 036b F0       		.byte	-16
 900 036c CF       		.byte	-49
 901 036d 44       		.byte	68
 902 036e D0       		.byte	-48
 903 036f 0C       		.byte	12
 904 0370 D4       		.byte	-44
 905 0371 01       		.byte	1
 906 0372 D8       		.byte	-40
 907 0373 04       		.byte	4
 908 0374 D9       		.byte	-39
 909 0375 04       		.byte	4
 910 0376 DA       		.byte	-38
 911 0377 0A       		.byte	10
 912 0378 DB       		.byte	-37
ARM GAS  C:\Users\MATSUD~1\AppData\Local\Temp\ccihtoN2.s 			page 17


 913 0379 0A       		.byte	10
 914 037a DD       		.byte	-35
 915 037b 22       		.byte	34
 916 037c DF       		.byte	-33
 917 037d 01       		.byte	1
 918 037e E6       		.byte	-26
 919 037f C0       		.byte	-64
 920 0380 EA       		.byte	-22
 921 0381 40       		.byte	64
 922 0382 EB       		.byte	-21
 923 0383 02       		.byte	2
 924 0384 06       		.byte	6
 925 0385 40       		.byte	64
 926 0386 0A       		.byte	10
 927 0387 20       		.byte	32
 928 0388 0B       		.byte	11
 929 0389 02       		.byte	2
 930 038a 0D       		.byte	13
 931 038b 20       		.byte	32
 932 038c 0E       		.byte	14
 933 038d 81       		.byte	-127
 934 038e 0F       		.byte	15
 935 038f 04       		.byte	4
 936 0390 10       		.byte	16
 937 0391 38       		.byte	56
 938 0392 15       		.byte	21
 939 0393 40       		.byte	64
 940 0394 17       		.byte	23
 941 0395 05       		.byte	5
 942 0396 19       		.byte	25
 943 0397 64       		.byte	100
 944 0398 1E       		.byte	30
 945 0399 80       		.byte	-128
 946 039a 1F       		.byte	31
 947 039b 20       		.byte	32
 948 039c 20       		.byte	32
 949 039d 80       		.byte	-128
 950 039e 22       		.byte	34
 951 039f 04       		.byte	4
 952 03a0 24       		.byte	36
 953 03a1 20       		.byte	32
 954 03a2 25       		.byte	37
 955 03a3 10       		.byte	16
 956 03a4 26       		.byte	38
 957 03a5 08       		.byte	8
 958 03a6 27       		.byte	39
 959 03a7 08       		.byte	8
 960 03a8 29       		.byte	41
 961 03a9 04       		.byte	4
 962 03aa 2E       		.byte	46
 963 03ab A2       		.byte	-94
 964 03ac 31       		.byte	49
 965 03ad 01       		.byte	1
 966 03ae 36       		.byte	54
 967 03af 08       		.byte	8
 968 03b0 37       		.byte	55
 969 03b1 20       		.byte	32
ARM GAS  C:\Users\MATSUD~1\AppData\Local\Temp\ccihtoN2.s 			page 18


 970 03b2 3D       		.byte	61
 971 03b3 28       		.byte	40
 972 03b4 3E       		.byte	62
 973 03b5 40       		.byte	64
 974 03b6 41       		.byte	65
 975 03b7 45       		.byte	69
 976 03b8 49       		.byte	73
 977 03b9 01       		.byte	1
 978 03ba 4A       		.byte	74
 979 03bb 20       		.byte	32
 980 03bc 50       		.byte	80
 981 03bd 20       		.byte	32
 982 03be 58       		.byte	88
 983 03bf 50       		.byte	80
 984 03c0 59       		.byte	89
 985 03c1 01       		.byte	1
 986 03c2 5A       		.byte	90
 987 03c3 08       		.byte	8
 988 03c4 5C       		.byte	92
 989 03c5 40       		.byte	64
 990 03c6 5E       		.byte	94
 991 03c7 20       		.byte	32
 992 03c8 5F       		.byte	95
 993 03c9 05       		.byte	5
 994 03ca 66       		.byte	102
 995 03cb 01       		.byte	1
 996 03cc 6E       		.byte	110
 997 03cd 40       		.byte	64
 998 03ce 6F       		.byte	111
 999 03cf 15       		.byte	21
 1000 03d0 7B       		.byte	123
 1001 03d1 10       		.byte	16
 1002 03d2 82       		.byte	-126
 1003 03d3 01       		.byte	1
 1004 03d4 90       		.byte	-112
 1005 03d5 40       		.byte	64
 1006 03d6 91       		.byte	-111
 1007 03d7 8A       		.byte	-118
 1008 03d8 92       		.byte	-110
 1009 03d9 01       		.byte	1
 1010 03da 93       		.byte	-109
 1011 03db 01       		.byte	1
 1012 03dc 98       		.byte	-104
 1013 03dd 40       		.byte	64
 1014 03de 9A       		.byte	-102
 1015 03df 22       		.byte	34
 1016 03e0 9C       		.byte	-100
 1017 03e1 20       		.byte	32
 1018 03e2 9D       		.byte	-99
 1019 03e3 20       		.byte	32
 1020 03e4 9F       		.byte	-97
 1021 03e5 20       		.byte	32
 1022 03e6 A0       		.byte	-96
 1023 03e7 08       		.byte	8
 1024 03e8 A1       		.byte	-95
 1025 03e9 04       		.byte	4
 1026 03ea A3       		.byte	-93
ARM GAS  C:\Users\MATSUD~1\AppData\Local\Temp\ccihtoN2.s 			page 19


 1027 03eb 10       		.byte	16
 1028 03ec A4       		.byte	-92
 1029 03ed 20       		.byte	32
 1030 03ee A6       		.byte	-90
 1031 03ef 28       		.byte	40
 1032 03f0 C0       		.byte	-64
 1033 03f1 10       		.byte	16
 1034 03f2 C2       		.byte	-62
 1035 03f3 D5       		.byte	-43
 1036 03f4 C4       		.byte	-60
 1037 03f5 B2       		.byte	-78
 1038 03f6 CA       		.byte	-54
 1039 03f7 B2       		.byte	-78
 1040 03f8 CC       		.byte	-52
 1041 03f9 61       		.byte	97
 1042 03fa CE       		.byte	-50
 1043 03fb 70       		.byte	112
 1044 03fc D0       		.byte	-48
 1045 03fd 0B       		.byte	11
 1046 03fe D6       		.byte	-42
 1047 03ff FF       		.byte	-1
 1048 0400 D8       		.byte	-40
 1049 0401 80       		.byte	-128
 1050 0402 DE       		.byte	-34
 1051 0403 02       		.byte	2
 1052 0404 04       		.byte	4
 1053 0405 02       		.byte	2
 1054 0406 06       		.byte	6
 1055 0407 05       		.byte	5
 1056 0408 07       		.byte	7
 1057 0409 01       		.byte	1
 1058 040a 08       		.byte	8
 1059 040b 11       		.byte	17
 1060 040c 0A       		.byte	10
 1061 040d 62       		.byte	98
 1062 040e 0F       		.byte	15
 1063 040f 01       		.byte	1
 1064 0410 18       		.byte	24
 1065 0411 24       		.byte	36
 1066 0412 1A       		.byte	26
 1067 0413 12       		.byte	18
 1068 0414 1B       		.byte	27
 1069 0415 02       		.byte	2
 1070 0416 24       		.byte	36
 1071 0417 3F       		.byte	63
 1072 0418 27       		.byte	39
 1073 0419 04       		.byte	4
 1074 041a 28       		.byte	40
 1075 041b 3F       		.byte	63
 1076 041c 2B       		.byte	43
 1077 041d 02       		.byte	2
 1078 041e 2C       		.byte	44
 1079 041f 08       		.byte	8
 1080 0420 30       		.byte	48
 1081 0421 08       		.byte	8
 1082 0422 32       		.byte	50
 1083 0423 07       		.byte	7
ARM GAS  C:\Users\MATSUD~1\AppData\Local\Temp\ccihtoN2.s 			page 20


 1084 0424 34       		.byte	52
 1085 0425 30       		.byte	48
 1086 0426 35       		.byte	53
 1087 0427 01       		.byte	1
 1088 0428 36       		.byte	54
 1089 0429 40       		.byte	64
 1090 042a 37       		.byte	55
 1091 042b 06       		.byte	6
 1092 042c 39       		.byte	57
 1093 042d 08       		.byte	8
 1094 042e 3F       		.byte	63
 1095 042f 50       		.byte	80
 1096 0430 40       		.byte	64
 1097 0431 34       		.byte	52
 1098 0432 41       		.byte	65
 1099 0433 05       		.byte	5
 1100 0434 42       		.byte	66
 1101 0435 06       		.byte	6
 1102 0436 44       		.byte	68
 1103 0437 01       		.byte	1
 1104 0438 47       		.byte	71
 1105 0439 CE       		.byte	-50
 1106 043a 48       		.byte	72
 1107 043b 30       		.byte	48
 1108 043c 49       		.byte	73
 1109 043d FF       		.byte	-1
 1110 043e 4A       		.byte	74
 1111 043f FF       		.byte	-1
 1112 0440 4B       		.byte	75
 1113 0441 FF       		.byte	-1
 1114 0442 4C       		.byte	76
 1115 0443 62       		.byte	98
 1116 0444 4D       		.byte	77
 1117 0445 A0       		.byte	-96
 1118 0446 4E       		.byte	78
 1119 0447 F0       		.byte	-16
 1120 0448 4F       		.byte	79
 1121 0449 41       		.byte	65
 1122 044a 50       		.byte	80
 1123 044b 0C       		.byte	12
 1124 044c 56       		.byte	86
 1125 044d 02       		.byte	2
 1126 044e 57       		.byte	87
 1127 044f 11       		.byte	17
 1128 0450 58       		.byte	88
 1129 0451 0A       		.byte	10
 1130 0452 59       		.byte	89
 1131 0453 04       		.byte	4
 1132 0454 5A       		.byte	90
 1133 0455 0A       		.byte	10
 1134 0456 5B       		.byte	91
 1135 0457 0A       		.byte	10
 1136 0458 5C       		.byte	92
 1137 0459 12       		.byte	18
 1138 045a 5D       		.byte	93
 1139 045b 22       		.byte	34
 1140 045c 5F       		.byte	95
ARM GAS  C:\Users\MATSUD~1\AppData\Local\Temp\ccihtoN2.s 			page 21


 1141 045d 01       		.byte	1
 1142 045e 66       		.byte	102
 1143 045f 40       		.byte	64
 1144 0460 67       		.byte	103
 1145 0461 02       		.byte	2
 1146 0462 69       		.byte	105
 1147 0463 10       		.byte	16
 1148 0464 6A       		.byte	106
 1149 0465 30       		.byte	48
 1150 0466 6B       		.byte	107
 1151 0467 10       		.byte	16
 1152 0468 6D       		.byte	109
 1153 0469 10       		.byte	16
 1154 046a 6E       		.byte	110
 1155 046b 10       		.byte	16
 1156 046c 6F       		.byte	111
 1157 046d 12       		.byte	18
 1158 046e 80       		.byte	-128
 1159 046f 24       		.byte	36
 1160 0470 81       		.byte	-127
 1161 0471 10       		.byte	16
 1162 0472 82       		.byte	-126
 1163 0473 08       		.byte	8
 1164 0474 85       		.byte	-123
 1165 0475 22       		.byte	34
 1166 0476 86       		.byte	-122
 1167 0477 C8       		.byte	-56
 1168 0478 87       		.byte	-121
 1169 0479 DC       		.byte	-36
 1170 047a 88       		.byte	-120
 1171 047b 20       		.byte	32
 1172 047c 8A       		.byte	-118
 1173 047d 50       		.byte	80
 1174 047e 8C       		.byte	-116
 1175 047f 10       		.byte	16
 1176 0480 8E       		.byte	-114
 1177 0481 01       		.byte	1
 1178 0482 8F       		.byte	-113
 1179 0483 FE       		.byte	-2
 1180 0484 92       		.byte	-110
 1181 0485 FB       		.byte	-5
 1182 0486 97       		.byte	-105
 1183 0487 0E       		.byte	14
 1184 0488 99       		.byte	-103
 1185 0489 04       		.byte	4
 1186 048a 9A       		.byte	-102
 1187 048b B0       		.byte	-80
 1188 048c 9B       		.byte	-101
 1189 048d 4A       		.byte	74
 1190 048e 9E       		.byte	-98
 1191 048f 06       		.byte	6
 1192 0490 A5       		.byte	-91
 1193 0491 A6       		.byte	-90
 1194 0492 A6       		.byte	-90
 1195 0493 08       		.byte	8
 1196 0494 A7       		.byte	-89
 1197 0495 58       		.byte	88
ARM GAS  C:\Users\MATSUD~1\AppData\Local\Temp\ccihtoN2.s 			page 22


 1198 0496 A8       		.byte	-88
 1199 0497 02       		.byte	2
 1200 0498 AD       		.byte	-83
 1201 0499 70       		.byte	112
 1202 049a AF       		.byte	-81
 1203 049b 81       		.byte	-127
 1204 049c B1       		.byte	-79
 1205 049d 01       		.byte	1
 1206 049e B2       		.byte	-78
 1207 049f 04       		.byte	4
 1208 04a0 B3       		.byte	-77
 1209 04a1 FE       		.byte	-2
 1210 04a2 B4       		.byte	-76
 1211 04a3 F8       		.byte	-8
 1212 04a4 B6       		.byte	-74
 1213 04a5 03       		.byte	3
 1214 04a6 B8       		.byte	-72
 1215 04a7 08       		.byte	8
 1216 04a8 D8       		.byte	-40
 1217 04a9 04       		.byte	4
 1218 04aa D9       		.byte	-39
 1219 04ab 04       		.byte	4
 1220 04ac DC       		.byte	-36
 1221 04ad 22       		.byte	34
 1222 04ae DF       		.byte	-33
 1223 04af 01       		.byte	1
 1224 04b0 01       		.byte	1
 1225 04b1 08       		.byte	8
 1226 04b2 03       		.byte	3
 1227 04b3 08       		.byte	8
 1228 04b4 04       		.byte	4
 1229 04b5 20       		.byte	32
 1230 04b6 06       		.byte	6
 1231 04b7 8A       		.byte	-118
 1232 04b8 07       		.byte	7
 1233 04b9 20       		.byte	32
 1234 04ba 0A       		.byte	10
 1235 04bb 08       		.byte	8
 1236 04bc 0E       		.byte	14
 1237 04bd 4A       		.byte	74
 1238 04be 10       		.byte	16
 1239 04bf 0A       		.byte	10
 1240 04c0 11       		.byte	17
 1241 04c1 04       		.byte	4
 1242 04c2 17       		.byte	23
 1243 04c3 18       		.byte	24
 1244 04c4 18       		.byte	24
 1245 04c5 40       		.byte	64
 1246 04c6 19       		.byte	25
 1247 04c7 18       		.byte	24
 1248 04c8 1A       		.byte	26
 1249 04c9 09       		.byte	9
 1250 04ca 1B       		.byte	27
 1251 04cb 20       		.byte	32
 1252 04cc 1E       		.byte	30
 1253 04cd 0A       		.byte	10
 1254 04ce 1F       		.byte	31
ARM GAS  C:\Users\MATSUD~1\AppData\Local\Temp\ccihtoN2.s 			page 23


 1255 04cf 08       		.byte	8
 1256 04d0 20       		.byte	32
 1257 04d1 24       		.byte	36
 1258 04d2 21       		.byte	33
 1259 04d3 80       		.byte	-128
 1260 04d4 24       		.byte	36
 1261 04d5 80       		.byte	-128
 1262 04d6 27       		.byte	39
 1263 04d7 20       		.byte	32
 1264 04d8 29       		.byte	41
 1265 04d9 08       		.byte	8
 1266 04da 2A       		.byte	42
 1267 04db 04       		.byte	4
 1268 04dc 2B       		.byte	43
 1269 04dd 08       		.byte	8
 1270 04de 2E       		.byte	46
 1271 04df 88       		.byte	-120
 1272 04e0 31       		.byte	49
 1273 04e1 10       		.byte	16
 1274 04e2 37       		.byte	55
 1275 04e3 28       		.byte	40
 1276 04e4 39       		.byte	57
 1277 04e5 88       		.byte	-120
 1278 04e6 3E       		.byte	62
 1279 04e7 42       		.byte	66
 1280 04e8 3F       		.byte	63
 1281 04e9 08       		.byte	8
 1282 04ea 40       		.byte	64
 1283 04eb 50       		.byte	80
 1284 04ec 41       		.byte	65
 1285 04ed 80       		.byte	-128
 1286 04ee 48       		.byte	72
 1287 04ef 04       		.byte	4
 1288 04f0 49       		.byte	73
 1289 04f1 80       		.byte	-128
 1290 04f2 51       		.byte	81
 1291 04f3 04       		.byte	4
 1292 04f4 53       		.byte	83
 1293 04f5 01       		.byte	1
 1294 04f6 59       		.byte	89
 1295 04f7 20       		.byte	32
 1296 04f8 68       		.byte	104
 1297 04f9 0A       		.byte	10
 1298 04fa 69       		.byte	105
 1299 04fb 04       		.byte	4
 1300 04fc 70       		.byte	112
 1301 04fd A0       		.byte	-96
 1302 04fe 72       		.byte	114
 1303 04ff 20       		.byte	32
 1304 0500 78       		.byte	120
 1305 0501 20       		.byte	32
 1306 0502 7A       		.byte	122
 1307 0503 04       		.byte	4
 1308 0504 7B       		.byte	123
 1309 0505 14       		.byte	20
 1310 0506 7C       		.byte	124
 1311 0507 40       		.byte	64
ARM GAS  C:\Users\MATSUD~1\AppData\Local\Temp\ccihtoN2.s 			page 24


 1312 0508 7D       		.byte	125
 1313 0509 80       		.byte	-128
 1314 050a 82       		.byte	-126
 1315 050b 21       		.byte	33
 1316 050c 84       		.byte	-124
 1317 050d 10       		.byte	16
 1318 050e 86       		.byte	-122
 1319 050f 80       		.byte	-128
 1320 0510 90       		.byte	-112
 1321 0511 30       		.byte	48
 1322 0512 91       		.byte	-111
 1323 0513 80       		.byte	-128
 1324 0514 92       		.byte	-110
 1325 0515 40       		.byte	64
 1326 0516 94       		.byte	-108
 1327 0517 84       		.byte	-124
 1328 0518 96       		.byte	-106
 1329 0519 01       		.byte	1
 1330 051a 97       		.byte	-105
 1331 051b 02       		.byte	2
 1332 051c 99       		.byte	-103
 1333 051d A0       		.byte	-96
 1334 051e 9A       		.byte	-102
 1335 051f 02       		.byte	2
 1336 0520 9B       		.byte	-101
 1337 0521 18       		.byte	24
 1338 0522 9C       		.byte	-100
 1339 0523 20       		.byte	32
 1340 0524 9E       		.byte	-98
 1341 0525 85       		.byte	-123
 1342 0526 9F       		.byte	-97
 1343 0527 20       		.byte	32
 1344 0528 A0       		.byte	-96
 1345 0529 04       		.byte	4
 1346 052a A3       		.byte	-93
 1347 052b 10       		.byte	16
 1348 052c A4       		.byte	-92
 1349 052d A0       		.byte	-96
 1350 052e A5       		.byte	-91
 1351 052f 40       		.byte	64
 1352 0530 A7       		.byte	-89
 1353 0531 28       		.byte	40
 1354 0532 A9       		.byte	-87
 1355 0533 84       		.byte	-124
 1356 0534 C0       		.byte	-64
 1357 0535 F6       		.byte	-10
 1358 0536 C2       		.byte	-62
 1359 0537 D2       		.byte	-46
 1360 0538 C4       		.byte	-60
 1361 0539 67       		.byte	103
 1362 053a CA       		.byte	-54
 1363 053b 56       		.byte	86
 1364 053c CC       		.byte	-52
 1365 053d 64       		.byte	100
 1366 053e CE       		.byte	-50
 1367 053f DA       		.byte	-38
 1368 0540 D0       		.byte	-48
ARM GAS  C:\Users\MATSUD~1\AppData\Local\Temp\ccihtoN2.s 			page 25


 1369 0541 0B       		.byte	11
 1370 0542 D2       		.byte	-46
 1371 0543 0C       		.byte	12
 1372 0544 D6       		.byte	-42
 1373 0545 04       		.byte	4
 1374 0546 DE       		.byte	-34
 1375 0547 02       		.byte	2
 1376 0548 E0       		.byte	-32
 1377 0549 08       		.byte	8
 1378 054a 00       		.byte	0
 1379 054b 40       		.byte	64
 1380 054c 02       		.byte	2
 1381 054d BF       		.byte	-65
 1382 054e 0C       		.byte	12
 1383 054f 80       		.byte	-128
 1384 0550 0E       		.byte	14
 1385 0551 40       		.byte	64
 1386 0552 12       		.byte	18
 1387 0553 3F       		.byte	63
 1388 0554 18       		.byte	24
 1389 0555 3F       		.byte	63
 1390 0556 1E       		.byte	30
 1391 0557 20       		.byte	32
 1392 0558 20       		.byte	32
 1393 0559 09       		.byte	9
 1394 055a 22       		.byte	34
 1395 055b 26       		.byte	38
 1396 055c 24       		.byte	36
 1397 055d 10       		.byte	16
 1398 055e 26       		.byte	38
 1399 055f 04       		.byte	4
 1400 0560 2A       		.byte	42
 1401 0561 01       		.byte	1
 1402 0562 2C       		.byte	44
 1403 0563 22       		.byte	34
 1404 0564 2E       		.byte	46
 1405 0565 11       		.byte	17
 1406 0566 30       		.byte	48
 1407 0567 07       		.byte	7
 1408 0568 32       		.byte	50
 1409 0569 C0       		.byte	-64
 1410 056a 34       		.byte	52
 1411 056b 20       		.byte	32
 1412 056c 36       		.byte	54
 1413 056d 18       		.byte	24
 1414 056e 3E       		.byte	62
 1415 056f 04       		.byte	4
 1416 0570 40       		.byte	64
 1417 0571 45       		.byte	69
 1418 0572 41       		.byte	65
 1419 0573 02       		.byte	2
 1420 0574 46       		.byte	70
 1421 0575 40       		.byte	64
 1422 0576 47       		.byte	71
 1423 0577 03       		.byte	3
 1424 0578 48       		.byte	72
 1425 0579 1A       		.byte	26
ARM GAS  C:\Users\MATSUD~1\AppData\Local\Temp\ccihtoN2.s 			page 26


 1426 057a 49       		.byte	73
 1427 057b FF       		.byte	-1
 1428 057c 4A       		.byte	74
 1429 057d FF       		.byte	-1
 1430 057e 4B       		.byte	75
 1431 057f FF       		.byte	-1
 1432 0580 58       		.byte	88
 1433 0581 04       		.byte	4
 1434 0582 5A       		.byte	90
 1435 0583 04       		.byte	4
 1436 0584 5C       		.byte	92
 1437 0585 02       		.byte	2
 1438 0586 5D       		.byte	93
 1439 0587 02       		.byte	2
 1440 0588 5F       		.byte	95
 1441 0589 01       		.byte	1
 1442 058a 60       		.byte	96
 1443 058b 40       		.byte	64
 1444 058c 61       		.byte	97
 1445 058d A8       		.byte	-88
 1446 058e 62       		.byte	98
 1447 058f 40       		.byte	64
 1448 0590 63       		.byte	99
 1449 0591 20       		.byte	32
 1450 0592 64       		.byte	100
 1451 0593 40       		.byte	64
 1452 0594 65       		.byte	101
 1453 0595 20       		.byte	32
 1454 0596 66       		.byte	102
 1455 0597 10       		.byte	16
 1456 0598 67       		.byte	103
 1457 0599 30       		.byte	48
 1458 059a 6C       		.byte	108
 1459 059b 50       		.byte	80
 1460 059c 6D       		.byte	109
 1461 059d A8       		.byte	-88
 1462 059e 80       		.byte	-128
 1463 059f 81       		.byte	-127
 1464 05a0 81       		.byte	-127
 1465 05a1 06       		.byte	6
 1466 05a2 84       		.byte	-124
 1467 05a3 02       		.byte	2
 1468 05a4 85       		.byte	-123
 1469 05a5 60       		.byte	96
 1470 05a6 88       		.byte	-120
 1471 05a7 F3       		.byte	-13
 1472 05a8 89       		.byte	-119
 1473 05a9 79       		.byte	121
 1474 05aa 8A       		.byte	-118
 1475 05ab 0C       		.byte	12
 1476 05ac 8B       		.byte	-117
 1477 05ad 06       		.byte	6
 1478 05ae 8C       		.byte	-116
 1479 05af 0C       		.byte	12
 1480 05b0 8D       		.byte	-115
 1481 05b1 0E       		.byte	14
 1482 05b2 8F       		.byte	-113
ARM GAS  C:\Users\MATSUD~1\AppData\Local\Temp\ccihtoN2.s 			page 27


 1483 05b3 71       		.byte	113
 1484 05b4 90       		.byte	-112
 1485 05b5 9C       		.byte	-100
 1486 05b6 92       		.byte	-110
 1487 05b7 43       		.byte	67
 1488 05b8 93       		.byte	-109
 1489 05b9 69       		.byte	105
 1490 05ba 94       		.byte	-108
 1491 05bb FF       		.byte	-1
 1492 05bc 95       		.byte	-107
 1493 05bd 06       		.byte	6
 1494 05be 97       		.byte	-105
 1495 05bf 79       		.byte	121
 1496 05c0 98       		.byte	-104
 1497 05c1 03       		.byte	3
 1498 05c2 99       		.byte	-103
 1499 05c3 02       		.byte	2
 1500 05c4 9D       		.byte	-99
 1501 05c5 04       		.byte	4
 1502 05c6 9E       		.byte	-98
 1503 05c7 80       		.byte	-128
 1504 05c8 A0       		.byte	-96
 1505 05c9 08       		.byte	8
 1506 05ca A4       		.byte	-92
 1507 05cb 04       		.byte	4
 1508 05cc A5       		.byte	-91
 1509 05cd 40       		.byte	64
 1510 05ce A8       		.byte	-88
 1511 05cf 9F       		.byte	-97
 1512 05d0 A9       		.byte	-87
 1513 05d1 20       		.byte	32
 1514 05d2 AA       		.byte	-86
 1515 05d3 20       		.byte	32
 1516 05d4 AD       		.byte	-83
 1517 05d5 7F       		.byte	127
 1518 05d6 AE       		.byte	-82
 1519 05d7 63       		.byte	99
 1520 05d8 B0       		.byte	-80
 1521 05d9 EC       		.byte	-20
 1522 05da B1       		.byte	-79
 1523 05db 60       		.byte	96
 1524 05dc B2       		.byte	-78
 1525 05dd 0F       		.byte	15
 1526 05de B3       		.byte	-77
 1527 05df 07       		.byte	7
 1528 05e0 B4       		.byte	-76
 1529 05e1 10       		.byte	16
 1530 05e2 B5       		.byte	-75
 1531 05e3 0E       		.byte	14
 1532 05e4 B7       		.byte	-73
 1533 05e5 10       		.byte	16
 1534 05e6 B9       		.byte	-71
 1535 05e7 80       		.byte	-128
 1536 05e8 BA       		.byte	-70
 1537 05e9 8A       		.byte	-118
 1538 05ea BB       		.byte	-69
 1539 05eb 08       		.byte	8
ARM GAS  C:\Users\MATSUD~1\AppData\Local\Temp\ccihtoN2.s 			page 28


 1540 05ec BE       		.byte	-66
 1541 05ed 10       		.byte	16
 1542 05ee D4       		.byte	-44
 1543 05ef 18       		.byte	24
 1544 05f0 D6       		.byte	-42
 1545 05f1 04       		.byte	4
 1546 05f2 D8       		.byte	-40
 1547 05f3 0A       		.byte	10
 1548 05f4 D9       		.byte	-39
 1549 05f5 0A       		.byte	10
 1550 05f6 DB       		.byte	-37
 1551 05f7 0A       		.byte	10
 1552 05f8 DC       		.byte	-36
 1553 05f9 22       		.byte	34
 1554 05fa DD       		.byte	-35
 1555 05fb 20       		.byte	32
 1556 05fc DF       		.byte	-33
 1557 05fd 01       		.byte	1
 1558 05fe 00       		.byte	0
 1559 05ff 10       		.byte	16
 1560 0600 02       		.byte	2
 1561 0601 01       		.byte	1
 1562 0602 03       		.byte	3
 1563 0603 60       		.byte	96
 1564 0604 04       		.byte	4
 1565 0605 80       		.byte	-128
 1566 0606 06       		.byte	6
 1567 0607 80       		.byte	-128
 1568 0608 09       		.byte	9
 1569 0609 04       		.byte	4
 1570 060a 0A       		.byte	10
 1571 060b 81       		.byte	-127
 1572 060c 0B       		.byte	11
 1573 060d 04       		.byte	4
 1574 060e 0D       		.byte	13
 1575 060f 20       		.byte	32
 1576 0610 0E       		.byte	14
 1577 0611 40       		.byte	64
 1578 0612 0F       		.byte	15
 1579 0613 01       		.byte	1
 1580 0614 10       		.byte	16
 1581 0615 A1       		.byte	-95
 1582 0616 11       		.byte	17
 1583 0617 80       		.byte	-128
 1584 0618 12       		.byte	18
 1585 0619 08       		.byte	8
 1586 061a 15       		.byte	21
 1587 061b 40       		.byte	64
 1588 061c 16       		.byte	22
 1589 061d 68       		.byte	104
 1590 061e 18       		.byte	24
 1591 061f 50       		.byte	80
 1592 0620 19       		.byte	25
 1593 0621 A0       		.byte	-96
 1594 0622 1A       		.byte	26
 1595 0623 80       		.byte	-128
 1596 0624 1D       		.byte	29
ARM GAS  C:\Users\MATSUD~1\AppData\Local\Temp\ccihtoN2.s 			page 29


 1597 0625 22       		.byte	34
 1598 0626 1E       		.byte	30
 1599 0627 22       		.byte	34
 1600 0628 20       		.byte	32
 1601 0629 08       		.byte	8
 1602 062a 21       		.byte	33
 1603 062b 40       		.byte	64
 1604 062c 22       		.byte	34
 1605 062d 19       		.byte	25
 1606 062e 29       		.byte	41
 1607 062f 80       		.byte	-128
 1608 0630 2B       		.byte	43
 1609 0631 28       		.byte	40
 1610 0632 30       		.byte	48
 1611 0633 A1       		.byte	-95
 1612 0634 32       		.byte	50
 1613 0635 08       		.byte	8
 1614 0636 38       		.byte	56
 1615 0637 50       		.byte	80
 1616 0638 3A       		.byte	58
 1617 0639 05       		.byte	5
 1618 063a 3B       		.byte	59
 1619 063b 04       		.byte	4
 1620 063c 45       		.byte	69
 1621 063d 22       		.byte	34
 1622 063e 46       		.byte	70
 1623 063f 40       		.byte	64
 1624 0640 4A       		.byte	74
 1625 0641 03       		.byte	3
 1626 0642 4D       		.byte	77
 1627 0643 40       		.byte	64
 1628 0644 4E       		.byte	78
 1629 0645 02       		.byte	2
 1630 0646 4F       		.byte	79
 1631 0647 01       		.byte	1
 1632 0648 56       		.byte	86
 1633 0649 28       		.byte	40
 1634 064a 5A       		.byte	90
 1635 064b 02       		.byte	2
 1636 064c 60       		.byte	96
 1637 064d 04       		.byte	4
 1638 064e 61       		.byte	97
 1639 064f 40       		.byte	64
 1640 0650 63       		.byte	99
 1641 0651 40       		.byte	64
 1642 0652 7B       		.byte	123
 1643 0653 10       		.byte	16
 1644 0654 83       		.byte	-125
 1645 0655 48       		.byte	72
 1646 0656 87       		.byte	-121
 1647 0657 40       		.byte	64
 1648 0658 90       		.byte	-112
 1649 0659 20       		.byte	32
 1650 065a 92       		.byte	-110
 1651 065b 40       		.byte	64
 1652 065c 95       		.byte	-107
 1653 065d 40       		.byte	64
ARM GAS  C:\Users\MATSUD~1\AppData\Local\Temp\ccihtoN2.s 			page 30


 1654 065e 96       		.byte	-106
 1655 065f 20       		.byte	32
 1656 0660 97       		.byte	-105
 1657 0661 02       		.byte	2
 1658 0662 99       		.byte	-103
 1659 0663 40       		.byte	64
 1660 0664 9A       		.byte	-102
 1661 0665 02       		.byte	2
 1662 0666 9B       		.byte	-101
 1663 0667 18       		.byte	24
 1664 0668 9C       		.byte	-100
 1665 0669 20       		.byte	32
 1666 066a 9E       		.byte	-98
 1667 066b C0       		.byte	-64
 1668 066c 9F       		.byte	-97
 1669 066d 20       		.byte	32
 1670 066e A3       		.byte	-93
 1671 066f 10       		.byte	16
 1672 0670 A5       		.byte	-91
 1673 0671 20       		.byte	32
 1674 0672 A6       		.byte	-90
 1675 0673 10       		.byte	16
 1676 0674 AF       		.byte	-81
 1677 0675 20       		.byte	32
 1678 0676 B0       		.byte	-80
 1679 0677 40       		.byte	64
 1680 0678 C0       		.byte	-64
 1681 0679 9F       		.byte	-97
 1682 067a C2       		.byte	-62
 1683 067b DF       		.byte	-33
 1684 067c C4       		.byte	-60
 1685 067d FF       		.byte	-1
 1686 067e CA       		.byte	-54
 1687 067f 0E       		.byte	14
 1688 0680 CC       		.byte	-52
 1689 0681 0F       		.byte	15
 1690 0682 CE       		.byte	-50
 1691 0683 0F       		.byte	15
 1692 0684 D0       		.byte	-48
 1693 0685 A0       		.byte	-96
 1694 0686 D2       		.byte	-46
 1695 0687 10       		.byte	16
 1696 0688 D6       		.byte	-42
 1697 0689 01       		.byte	1
 1698 068a D8       		.byte	-40
 1699 068b 0D       		.byte	13
 1700 068c DE       		.byte	-34
 1701 068d 02       		.byte	2
 1702 068e 9A       		.byte	-102
 1703 068f 10       		.byte	16
 1704 0690 B2       		.byte	-78
 1705 0691 10       		.byte	16
 1706 0692 EC       		.byte	-20
 1707 0693 20       		.byte	32
 1708 0694 08       		.byte	8
 1709 0695 08       		.byte	8
 1710 0696 0B       		.byte	11
ARM GAS  C:\Users\MATSUD~1\AppData\Local\Temp\ccihtoN2.s 			page 31


 1711 0697 07       		.byte	7
 1712 0698 0F       		.byte	15
 1713 0699 01       		.byte	1
 1714 069a 11       		.byte	17
 1715 069b 04       		.byte	4
 1716 069c 12       		.byte	18
 1717 069d 03       		.byte	3
 1718 069e 1A       		.byte	26
 1719 069f 0D       		.byte	13
 1720 06a0 30       		.byte	48
 1721 06a1 02       		.byte	2
 1722 06a2 31       		.byte	49
 1723 06a3 02       		.byte	2
 1724 06a4 32       		.byte	50
 1725 06a5 04       		.byte	4
 1726 06a6 33       		.byte	51
 1727 06a7 04       		.byte	4
 1728 06a8 34       		.byte	52
 1729 06a9 08       		.byte	8
 1730 06aa 35       		.byte	53
 1731 06ab 01       		.byte	1
 1732 06ac 36       		.byte	54
 1733 06ad 01       		.byte	1
 1734 06ae 40       		.byte	64
 1735 06af 40       		.byte	64
 1736 06b0 41       		.byte	65
 1737 06b1 06       		.byte	6
 1738 06b2 45       		.byte	69
 1739 06b3 D5       		.byte	-43
 1740 06b4 46       		.byte	70
 1741 06b5 10       		.byte	16
 1742 06b6 47       		.byte	71
 1743 06b7 02       		.byte	2
 1744 06b8 48       		.byte	72
 1745 06b9 1B       		.byte	27
 1746 06ba 49       		.byte	73
 1747 06bb FF       		.byte	-1
 1748 06bc 4A       		.byte	74
 1749 06bd FF       		.byte	-1
 1750 06be 4B       		.byte	75
 1751 06bf FF       		.byte	-1
 1752 06c0 4D       		.byte	77
 1753 06c1 A0       		.byte	-96
 1754 06c2 4F       		.byte	79
 1755 06c3 04       		.byte	4
 1756 06c4 50       		.byte	80
 1757 06c5 18       		.byte	24
 1758 06c6 52       		.byte	82
 1759 06c7 80       		.byte	-128
 1760 06c8 54       		.byte	84
 1761 06c9 27       		.byte	39
 1762 06ca 58       		.byte	88
 1763 06cb 04       		.byte	4
 1764 06cc 59       		.byte	89
 1765 06cd 04       		.byte	4
 1766 06ce 5A       		.byte	90
 1767 06cf 04       		.byte	4
ARM GAS  C:\Users\MATSUD~1\AppData\Local\Temp\ccihtoN2.s 			page 32


 1768 06d0 5B       		.byte	91
 1769 06d1 04       		.byte	4
 1770 06d2 5C       		.byte	92
 1771 06d3 11       		.byte	17
 1772 06d4 5D       		.byte	93
 1773 06d5 11       		.byte	17
 1774 06d6 5F       		.byte	95
 1775 06d7 01       		.byte	1
 1776 06d8 60       		.byte	96
 1777 06d9 40       		.byte	64
 1778 06da 62       		.byte	98
 1779 06db C0       		.byte	-64
 1780 06dc 64       		.byte	100
 1781 06dd 40       		.byte	64
 1782 06de 65       		.byte	101
 1783 06df 40       		.byte	64
 1784 06e0 66       		.byte	102
 1785 06e1 C0       		.byte	-64
 1786 06e2 68       		.byte	104
 1787 06e3 C0       		.byte	-64
 1788 06e4 6A       		.byte	106
 1789 06e5 C0       		.byte	-64
 1790 06e6 6C       		.byte	108
 1791 06e7 C0       		.byte	-64
 1792 06e8 6E       		.byte	110
 1793 06e9 C0       		.byte	-64
 1794 06ea 81       		.byte	-127
 1795 06eb 04       		.byte	4
 1796 06ec 89       		.byte	-119
 1797 06ed 08       		.byte	8
 1798 06ee 93       		.byte	-109
 1799 06ef 01       		.byte	1
 1800 06f0 94       		.byte	-108
 1801 06f1 08       		.byte	8
 1802 06f2 9E       		.byte	-98
 1803 06f3 0D       		.byte	13
 1804 06f4 AB       		.byte	-85
 1805 06f5 07       		.byte	7
 1806 06f6 AE       		.byte	-82
 1807 06f7 03       		.byte	3
 1808 06f8 B0       		.byte	-80
 1809 06f9 01       		.byte	1
 1810 06fa B1       		.byte	-79
 1811 06fb 01       		.byte	1
 1812 06fc B2       		.byte	-78
 1813 06fd 04       		.byte	4
 1814 06fe B3       		.byte	-77
 1815 06ff 04       		.byte	4
 1816 0700 B4       		.byte	-76
 1817 0701 08       		.byte	8
 1818 0702 B5       		.byte	-75
 1819 0703 08       		.byte	8
 1820 0704 B6       		.byte	-74
 1821 0705 02       		.byte	2
 1822 0706 B7       		.byte	-73
 1823 0707 02       		.byte	2
 1824 0708 BF       		.byte	-65
ARM GAS  C:\Users\MATSUD~1\AppData\Local\Temp\ccihtoN2.s 			page 33


 1825 0709 10       		.byte	16
 1826 070a C0       		.byte	-64
 1827 070b 10       		.byte	16
 1828 070c C1       		.byte	-63
 1829 070d 06       		.byte	6
 1830 070e C5       		.byte	-59
 1831 070f D0       		.byte	-48
 1832 0710 C6       		.byte	-58
 1833 0711 20       		.byte	32
 1834 0712 C7       		.byte	-57
 1835 0713 15       		.byte	21
 1836 0714 C8       		.byte	-56
 1837 0715 3A       		.byte	58
 1838 0716 C9       		.byte	-55
 1839 0717 FF       		.byte	-1
 1840 0718 CA       		.byte	-54
 1841 0719 FF       		.byte	-1
 1842 071a CB       		.byte	-53
 1843 071b FF       		.byte	-1
 1844 071c CD       		.byte	-51
 1845 071d A0       		.byte	-96
 1846 071e CF       		.byte	-49
 1847 071f 04       		.byte	4
 1848 0720 D0       		.byte	-48
 1849 0721 18       		.byte	24
 1850 0722 D2       		.byte	-46
 1851 0723 80       		.byte	-128
 1852 0724 D4       		.byte	-44
 1853 0725 27       		.byte	39
 1854 0726 D8       		.byte	-40
 1855 0727 04       		.byte	4
 1856 0728 D9       		.byte	-39
 1857 0729 04       		.byte	4
 1858 072a DA       		.byte	-38
 1859 072b 04       		.byte	4
 1860 072c DB       		.byte	-37
 1861 072d 04       		.byte	4
 1862 072e DF       		.byte	-33
 1863 072f 01       		.byte	1
 1864 0730 E0       		.byte	-32
 1865 0731 40       		.byte	64
 1866 0732 E2       		.byte	-30
 1867 0733 C0       		.byte	-64
 1868 0734 E4       		.byte	-28
 1869 0735 40       		.byte	64
 1870 0736 E5       		.byte	-27
 1871 0737 40       		.byte	64
 1872 0738 E6       		.byte	-26
 1873 0739 C0       		.byte	-64
 1874 073a E8       		.byte	-24
 1875 073b C0       		.byte	-64
 1876 073c EA       		.byte	-22
 1877 073d C0       		.byte	-64
 1878 073e EC       		.byte	-20
 1879 073f C0       		.byte	-64
 1880 0740 EE       		.byte	-18
 1881 0741 C0       		.byte	-64
ARM GAS  C:\Users\MATSUD~1\AppData\Local\Temp\ccihtoN2.s 			page 34


 1882 0742 00       		.byte	0
 1883 0743 10       		.byte	16
 1884 0744 0A       		.byte	10
 1885 0745 40       		.byte	64
 1886 0746 0B       		.byte	11
 1887 0747 08       		.byte	8
 1888 0748 0E       		.byte	14
 1889 0749 10       		.byte	16
 1890 074a 0F       		.byte	15
 1891 074b 02       		.byte	2
 1892 074c 17       		.byte	23
 1893 074d 40       		.byte	64
 1894 074e 18       		.byte	24
 1895 074f 50       		.byte	80
 1896 0750 19       		.byte	25
 1897 0751 10       		.byte	16
 1898 0752 1A       		.byte	26
 1899 0753 02       		.byte	2
 1900 0754 1C       		.byte	28
 1901 0755 08       		.byte	8
 1902 0756 1D       		.byte	29
 1903 0757 80       		.byte	-128
 1904 0758 1E       		.byte	30
 1905 0759 10       		.byte	16
 1906 075a 1F       		.byte	31
 1907 075b 02       		.byte	2
 1908 075c 21       		.byte	33
 1909 075d 06       		.byte	6
 1910 075e 23       		.byte	35
 1911 075f 08       		.byte	8
 1912 0760 24       		.byte	36
 1913 0761 05       		.byte	5
 1914 0762 26       		.byte	38
 1915 0763 02       		.byte	2
 1916 0764 27       		.byte	39
 1917 0765 20       		.byte	32
 1918 0766 2F       		.byte	47
 1919 0767 08       		.byte	8
 1920 0768 30       		.byte	48
 1921 0769 0C       		.byte	12
 1922 076a 31       		.byte	49
 1923 076b 02       		.byte	2
 1924 076c 35       		.byte	53
 1925 076d 02       		.byte	2
 1926 076e 38       		.byte	56
 1927 076f 20       		.byte	32
 1928 0770 3B       		.byte	59
 1929 0771 40       		.byte	64
 1930 0772 3C       		.byte	60
 1931 0773 01       		.byte	1
 1932 0774 3F       		.byte	63
 1933 0775 10       		.byte	16
 1934 0776 40       		.byte	64
 1935 0777 40       		.byte	64
 1936 0778 45       		.byte	69
 1937 0779 80       		.byte	-128
 1938 077a 48       		.byte	72
ARM GAS  C:\Users\MATSUD~1\AppData\Local\Temp\ccihtoN2.s 			page 35


 1939 077b 08       		.byte	8
 1940 077c 49       		.byte	73
 1941 077d 01       		.byte	1
 1942 077e 4B       		.byte	75
 1943 077f 08       		.byte	8
 1944 0780 4F       		.byte	79
 1945 0781 21       		.byte	33
 1946 0782 50       		.byte	80
 1947 0783 18       		.byte	24
 1948 0784 57       		.byte	87
 1949 0785 19       		.byte	25
 1950 0786 58       		.byte	88
 1951 0787 04       		.byte	4
 1952 0788 59       		.byte	89
 1953 0789 91       		.byte	-111
 1954 078a 5C       		.byte	92
 1955 078b 80       		.byte	-128
 1956 078c 5D       		.byte	93
 1957 078d 04       		.byte	4
 1958 078e 5F       		.byte	95
 1959 078f 21       		.byte	33
 1960 0790 60       		.byte	96
 1961 0791 04       		.byte	4
 1962 0792 66       		.byte	102
 1963 0793 10       		.byte	16
 1964 0794 72       		.byte	114
 1965 0795 40       		.byte	64
 1966 0796 73       		.byte	115
 1967 0797 40       		.byte	64
 1968 0798 75       		.byte	117
 1969 0799 02       		.byte	2
 1970 079a 77       		.byte	119
 1971 079b 40       		.byte	64
 1972 079c 79       		.byte	121
 1973 079d 04       		.byte	4
 1974 079e 7B       		.byte	123
 1975 079f 10       		.byte	16
 1976 07a0 83       		.byte	-125
 1977 07a1 02       		.byte	2
 1978 07a2 86       		.byte	-122
 1979 07a3 03       		.byte	3
 1980 07a4 87       		.byte	-121
 1981 07a5 10       		.byte	16
 1982 07a6 88       		.byte	-120
 1983 07a7 84       		.byte	-124
 1984 07a8 89       		.byte	-119
 1985 07a9 84       		.byte	-124
 1986 07aa 8F       		.byte	-113
 1987 07ab 08       		.byte	8
 1988 07ac 9A       		.byte	-102
 1989 07ad 10       		.byte	16
 1990 07ae C0       		.byte	-64
 1991 07af 02       		.byte	2
 1992 07b0 C2       		.byte	-62
 1993 07b1 AA       		.byte	-86
 1994 07b2 C4       		.byte	-60
 1995 07b3 80       		.byte	-128
ARM GAS  C:\Users\MATSUD~1\AppData\Local\Temp\ccihtoN2.s 			page 36


 1996 07b4 CA       		.byte	-54
 1997 07b5 20       		.byte	32
 1998 07b6 CC       		.byte	-52
 1999 07b7 81       		.byte	-127
 2000 07b8 CE       		.byte	-50
 2001 07b9 AC       		.byte	-84
 2002 07ba D0       		.byte	-48
 2003 07bb 11       		.byte	17
 2004 07bc D2       		.byte	-46
 2005 07bd 24       		.byte	36
 2006 07be D6       		.byte	-42
 2007 07bf FF       		.byte	-1
 2008 07c0 D8       		.byte	-40
 2009 07c1 24       		.byte	36
 2010 07c2 E0       		.byte	-32
 2011 07c3 06       		.byte	6
 2012 07c4 E4       		.byte	-28
 2013 07c5 02       		.byte	2
 2014 07c6 33       		.byte	51
 2015 07c7 18       		.byte	24
 2016 07c8 36       		.byte	54
 2017 07c9 40       		.byte	64
 2018 07ca CC       		.byte	-52
 2019 07cb 70       		.byte	112
 2020 07cc 5C       		.byte	92
 2021 07cd 02       		.byte	2
 2022 07ce 87       		.byte	-121
 2023 07cf 08       		.byte	8
 2024 07d0 9F       		.byte	-97
 2025 07d1 10       		.byte	16
 2026 07d2 A6       		.byte	-90
 2027 07d3 40       		.byte	64
 2028 07d4 A7       		.byte	-89
 2029 07d5 08       		.byte	8
 2030 07d6 D6       		.byte	-42
 2031 07d7 80       		.byte	-128
 2032 07d8 E6       		.byte	-26
 2033 07d9 40       		.byte	64
 2034 07da 53       		.byte	83
 2035 07db 80       		.byte	-128
 2036 07dc 9F       		.byte	-97
 2037 07dd 10       		.byte	16
 2038 07de A6       		.byte	-90
 2039 07df 40       		.byte	64
 2040 07e0 B0       		.byte	-80
 2041 07e1 02       		.byte	2
 2042 07e2 D4       		.byte	-44
 2043 07e3 20       		.byte	32
 2044 07e4 83       		.byte	-125
 2045 07e5 10       		.byte	16
 2046 07e6 9F       		.byte	-97
 2047 07e7 10       		.byte	16
 2048 07e8 A6       		.byte	-90
 2049 07e9 40       		.byte	64
 2050 07ea A7       		.byte	-89
 2051 07eb 80       		.byte	-128
 2052 07ec E2       		.byte	-30
ARM GAS  C:\Users\MATSUD~1\AppData\Local\Temp\ccihtoN2.s 			page 37


 2053 07ed 20       		.byte	32
 2054 07ee 86       		.byte	-122
 2055 07ef 40       		.byte	64
 2056 07f0 A6       		.byte	-90
 2057 07f1 40       		.byte	64
 2058 07f2 AF       		.byte	-81
 2059 07f3 80       		.byte	-128
 2060 07f4 E6       		.byte	-26
 2061 07f5 40       		.byte	64
 2062 07f6 EE       		.byte	-18
 2063 07f7 10       		.byte	16
 2064 07f8 0F       		.byte	15
 2065 07f9 04       		.byte	4
 2066 07fa 87       		.byte	-121
 2067 07fb 04       		.byte	4
 2068 07fc C2       		.byte	-62
 2069 07fd 80       		.byte	-128
 2070 07fe E0       		.byte	-32
 2071 07ff 40       		.byte	64
 2072 0800 5B       		.byte	91
 2073 0801 01       		.byte	1
 2074 0802 60       		.byte	96
 2075 0803 80       		.byte	-128
 2076 0804 65       		.byte	101
 2077 0805 81       		.byte	-127
 2078 0806 81       		.byte	-127
 2079 0807 80       		.byte	-128
 2080 0808 84       		.byte	-124
 2081 0809 80       		.byte	-128
 2082 080a 87       		.byte	-121
 2083 080b 01       		.byte	1
 2084 080c 8D       		.byte	-115
 2085 080d 01       		.byte	1
 2086 080e D6       		.byte	-42
 2087 080f 03       		.byte	3
 2088 0810 D8       		.byte	-40
 2089 0811 03       		.byte	3
 2090 0812 E4       		.byte	-28
 2091 0813 02       		.byte	2
 2092 0814 00       		.byte	0
 2093 0815 0D       		.byte	13
 2094 0816 08       		.byte	8
 2095 0817 0C       		.byte	12
 2096 0818 0A       		.byte	10
 2097 0819 0D       		.byte	13
 2098 081a 10       		.byte	16
 2099 081b 07       		.byte	7
 2100 081c 1A       		.byte	26
 2101 081d 06       		.byte	6
 2102 081e 1C       		.byte	28
 2103 081f 03       		.byte	3
 2104 0820 00       		.byte	0
 2105 0821 3F       		.byte	63
 2106 0822 00       		.byte	0
 2107 0823 00       		.byte	0
 2108 0824 40       		.byte	64
 2109 0825 00       		.byte	0
ARM GAS  C:\Users\MATSUD~1\AppData\Local\Temp\ccihtoN2.s 			page 38


 2110 0826 00       		.byte	0
 2111 0827 40       		.byte	64
 2112 0828 40       		.byte	64
 2113 0829 00       		.byte	0
 2114 082a 40       		.byte	64
 2115 082b 00       		.byte	0
 2116 082c 00       		.byte	0
 2117 082d 00       		.byte	0
 2118 082e 00       		.byte	0
 2119 082f 00       		.byte	0
 2120 0830 00       		.byte	0
 2121 0831 01       		.byte	1
 2122 0832 01       		.byte	1
 2123 0833 00       		.byte	0
 2124 0834 01       		.byte	1
 2125 0835 00       		.byte	0
 2126 0836 00       		.byte	0
 2127 0837 00       		.byte	0
 2128 0838 80       		.byte	-128
 2129 0839 00       		.byte	0
 2130 083a 00       		.byte	0
 2131 083b 00       		.byte	0
 2132 083c 00       		.byte	0
 2133 083d 00       		.byte	0
 2134 083e 00       		.byte	0
 2135 083f 00       		.byte	0
 2136 0840 55       		.byte	85
 2137 0841 00       		.byte	0
 2138 0842 00       		.byte	0
 2139 0843 00       		.byte	0
 2140 0844 00       		.byte	0
 2141 0845 00       		.byte	0
 2142 0846 00       		.byte	0
 2143 0847 00       		.byte	0
 2144 0848 00       		.byte	0
 2145 0849 F0       		.byte	-16
 2146 084a F0       		.byte	-16
 2147 084b 00       		.byte	0
 2148 084c F0       		.byte	-16
 2149 084d 00       		.byte	0
 2150 084e 00       		.byte	0
 2151 084f 00       		.byte	0
 2152              		.global	cy_meta_custnvl
 2153              		.section	.cycustnvl,"a",%progbits
 2154              		.align	2
 2155              		.type	cy_meta_custnvl, %object
 2156              		.size	cy_meta_custnvl, 4
 2157              	cy_meta_custnvl:
 2158 0000 00       		.byte	0
 2159 0001 00       		.byte	0
 2160 0002 40       		.byte	64
 2161 0003 05       		.byte	5
 2162              		.global	cy_meta_wonvl
 2163              		.section	.cywolatch,"a",%progbits
 2164              		.align	2
 2165              		.type	cy_meta_wonvl, %object
 2166              		.size	cy_meta_wonvl, 4
ARM GAS  C:\Users\MATSUD~1\AppData\Local\Temp\ccihtoN2.s 			page 39


 2167              	cy_meta_wonvl:
 2168 0000 BC       		.byte	-68
 2169 0001 90       		.byte	-112
 2170 0002 AC       		.byte	-84
 2171 0003 AF       		.byte	-81
 2172              		.global	cy_meta_flashprotect
 2173              		.section	.cyflashprotect,"a",%progbits
 2174              		.align	2
 2175              		.type	cy_meta_flashprotect, %object
 2176              		.size	cy_meta_flashprotect, 256
 2177              	cy_meta_flashprotect:
 2178 0000 00000000 		.space	256
 2178      00000000 
 2178      00000000 
 2178      00000000 
 2178      00000000 
 2179              		.global	cy_metadata
 2180              		.section	.cymeta,"a",%progbits
 2181              		.align	2
 2182              		.type	cy_metadata, %object
 2183              		.size	cy_metadata, 12
 2184              	cy_metadata:
 2185 0000 00       		.byte	0
 2186 0001 01       		.byte	1
 2187 0002 2E       		.byte	46
 2188 0003 12       		.byte	18
 2189 0004 30       		.byte	48
 2190 0005 69       		.byte	105
 2191 0006 00       		.byte	0
 2192 0007 01       		.byte	1
 2193 0008 00       		.byte	0
 2194 0009 00       		.byte	0
 2195 000a 00       		.byte	0
 2196 000b 00       		.byte	0
 2197              		.text
 2198              	.Letext0:
 2199              		.file 1 ".\\Generated_Source\\PSoC5\\cymetadata.c"
 2200              		.file 2 ".\\Generated_Source\\PSoC5\\cytypes.h"
 2201              		.section	.debug_info,"",%progbits
 2202              	.Ldebug_info0:
 2203 0000 3F010000 		.4byte	0x13f
 2204 0004 0200     		.2byte	0x2
 2205 0006 00000000 		.4byte	.Ldebug_abbrev0
 2206 000a 04       		.byte	0x4
 2207 000b 01       		.uleb128 0x1
 2208 000c 5D010000 		.4byte	.LASF18
 2209 0010 01       		.byte	0x1
 2210 0011 00000000 		.4byte	.LASF19
 2211 0015 A1000000 		.4byte	.LASF20
 2212 0019 00000000 		.4byte	.Ldebug_line0
 2213 001d 02       		.uleb128 0x2
 2214 001e 01       		.byte	0x1
 2215 001f 06       		.byte	0x6
 2216 0020 AF010000 		.4byte	.LASF0
 2217 0024 02       		.uleb128 0x2
 2218 0025 01       		.byte	0x1
 2219 0026 08       		.byte	0x8
ARM GAS  C:\Users\MATSUD~1\AppData\Local\Temp\ccihtoN2.s 			page 40


 2220 0027 38000000 		.4byte	.LASF1
 2221 002b 02       		.uleb128 0x2
 2222 002c 02       		.byte	0x2
 2223 002d 05       		.byte	0x5
 2224 002e 4D010000 		.4byte	.LASF2
 2225 0032 02       		.uleb128 0x2
 2226 0033 02       		.byte	0x2
 2227 0034 07       		.byte	0x7
 2228 0035 58000000 		.4byte	.LASF3
 2229 0039 02       		.uleb128 0x2
 2230 003a 04       		.byte	0x4
 2231 003b 05       		.byte	0x5
 2232 003c A6010000 		.4byte	.LASF4
 2233 0040 02       		.uleb128 0x2
 2234 0041 04       		.byte	0x4
 2235 0042 07       		.byte	0x7
 2236 0043 46000000 		.4byte	.LASF5
 2237 0047 02       		.uleb128 0x2
 2238 0048 08       		.byte	0x8
 2239 0049 05       		.byte	0x5
 2240 004a 3A010000 		.4byte	.LASF6
 2241 004e 02       		.uleb128 0x2
 2242 004f 08       		.byte	0x8
 2243 0050 07       		.byte	0x7
 2244 0051 F7000000 		.4byte	.LASF7
 2245 0055 03       		.uleb128 0x3
 2246 0056 04       		.byte	0x4
 2247 0057 05       		.byte	0x5
 2248 0058 696E7400 		.ascii	"int\000"
 2249 005c 02       		.uleb128 0x2
 2250 005d 04       		.byte	0x4
 2251 005e 07       		.byte	0x7
 2252 005f 94000000 		.4byte	.LASF8
 2253 0063 04       		.uleb128 0x4
 2254 0064 57010000 		.4byte	.LASF21
 2255 0068 02       		.byte	0x2
 2256 0069 5B       		.byte	0x5b
 2257 006a 24000000 		.4byte	0x24
 2258 006e 02       		.uleb128 0x2
 2259 006f 04       		.byte	0x4
 2260 0070 04       		.byte	0x4
 2261 0071 32000000 		.4byte	.LASF9
 2262 0075 02       		.uleb128 0x2
 2263 0076 08       		.byte	0x8
 2264 0077 04       		.byte	0x4
 2265 0078 6B000000 		.4byte	.LASF10
 2266 007c 02       		.uleb128 0x2
 2267 007d 01       		.byte	0x1
 2268 007e 08       		.byte	0x8
 2269 007f 48010000 		.4byte	.LASF11
 2270 0083 05       		.uleb128 0x5
 2271 0084 63000000 		.4byte	0x63
 2272 0088 94000000 		.4byte	0x94
 2273 008c 06       		.uleb128 0x6
 2274 008d 94000000 		.4byte	0x94
 2275 0091 4F08     		.2byte	0x84f
 2276 0093 00       		.byte	0
ARM GAS  C:\Users\MATSUD~1\AppData\Local\Temp\ccihtoN2.s 			page 41


 2277 0094 02       		.uleb128 0x2
 2278 0095 04       		.byte	0x4
 2279 0096 07       		.byte	0x7
 2280 0097 31010000 		.4byte	.LASF12
 2281 009b 07       		.uleb128 0x7
 2282 009c 82000000 		.4byte	.LASF13
 2283 00a0 01       		.byte	0x1
 2284 00a1 1C       		.byte	0x1c
 2285 00a2 AD000000 		.4byte	0xad
 2286 00a6 01       		.byte	0x1
 2287 00a7 05       		.byte	0x5
 2288 00a8 03       		.byte	0x3
 2289 00a9 00000000 		.4byte	cy_meta_configecc
 2290 00ad 08       		.uleb128 0x8
 2291 00ae 83000000 		.4byte	0x83
 2292 00b2 05       		.uleb128 0x5
 2293 00b3 63000000 		.4byte	0x63
 2294 00b7 C2000000 		.4byte	0xc2
 2295 00bb 09       		.uleb128 0x9
 2296 00bc 94000000 		.4byte	0x94
 2297 00c0 03       		.byte	0x3
 2298 00c1 00       		.byte	0
 2299 00c2 0A       		.uleb128 0xa
 2300 00c3 72000000 		.4byte	.LASF14
 2301 00c7 01       		.byte	0x1
 2302 00c8 3001     		.2byte	0x130
 2303 00ca D5000000 		.4byte	0xd5
 2304 00ce 01       		.byte	0x1
 2305 00cf 05       		.byte	0x5
 2306 00d0 03       		.byte	0x3
 2307 00d1 00000000 		.4byte	cy_meta_custnvl
 2308 00d5 08       		.uleb128 0x8
 2309 00d6 B2000000 		.4byte	0xb2
 2310 00da 0A       		.uleb128 0xa
 2311 00db 23010000 		.4byte	.LASF15
 2312 00df 01       		.byte	0x1
 2313 00e0 3B01     		.2byte	0x13b
 2314 00e2 ED000000 		.4byte	0xed
 2315 00e6 01       		.byte	0x1
 2316 00e7 05       		.byte	0x5
 2317 00e8 03       		.byte	0x3
 2318 00e9 00000000 		.4byte	cy_meta_wonvl
 2319 00ed 08       		.uleb128 0x8
 2320 00ee B2000000 		.4byte	0xb2
 2321 00f2 05       		.uleb128 0x5
 2322 00f3 63000000 		.4byte	0x63
 2323 00f7 02010000 		.4byte	0x102
 2324 00fb 09       		.uleb128 0x9
 2325 00fc 94000000 		.4byte	0x94
 2326 0100 FF       		.byte	0xff
 2327 0101 00       		.byte	0
 2328 0102 0A       		.uleb128 0xa
 2329 0103 0E010000 		.4byte	.LASF16
 2330 0107 01       		.byte	0x1
 2331 0108 4601     		.2byte	0x146
 2332 010a 15010000 		.4byte	0x115
 2333 010e 01       		.byte	0x1
ARM GAS  C:\Users\MATSUD~1\AppData\Local\Temp\ccihtoN2.s 			page 42


 2334 010f 05       		.byte	0x5
 2335 0110 03       		.byte	0x3
 2336 0111 00000000 		.4byte	cy_meta_flashprotect
 2337 0115 08       		.uleb128 0x8
 2338 0116 F2000000 		.4byte	0xf2
 2339 011a 05       		.uleb128 0x5
 2340 011b 63000000 		.4byte	0x63
 2341 011f 2A010000 		.4byte	0x12a
 2342 0123 09       		.uleb128 0x9
 2343 0124 94000000 		.4byte	0x94
 2344 0128 0B       		.byte	0xb
 2345 0129 00       		.byte	0
 2346 012a 0A       		.uleb128 0xa
 2347 012b 26000000 		.4byte	.LASF17
 2348 012f 01       		.byte	0x1
 2349 0130 7001     		.2byte	0x170
 2350 0132 3D010000 		.4byte	0x13d
 2351 0136 01       		.byte	0x1
 2352 0137 05       		.byte	0x5
 2353 0138 03       		.byte	0x3
 2354 0139 00000000 		.4byte	cy_metadata
 2355 013d 08       		.uleb128 0x8
 2356 013e 1A010000 		.4byte	0x11a
 2357 0142 00       		.byte	0
 2358              		.section	.debug_abbrev,"",%progbits
 2359              	.Ldebug_abbrev0:
 2360 0000 01       		.uleb128 0x1
 2361 0001 11       		.uleb128 0x11
 2362 0002 01       		.byte	0x1
 2363 0003 25       		.uleb128 0x25
 2364 0004 0E       		.uleb128 0xe
 2365 0005 13       		.uleb128 0x13
 2366 0006 0B       		.uleb128 0xb
 2367 0007 03       		.uleb128 0x3
 2368 0008 0E       		.uleb128 0xe
 2369 0009 1B       		.uleb128 0x1b
 2370 000a 0E       		.uleb128 0xe
 2371 000b 10       		.uleb128 0x10
 2372 000c 06       		.uleb128 0x6
 2373 000d 00       		.byte	0
 2374 000e 00       		.byte	0
 2375 000f 02       		.uleb128 0x2
 2376 0010 24       		.uleb128 0x24
 2377 0011 00       		.byte	0
 2378 0012 0B       		.uleb128 0xb
 2379 0013 0B       		.uleb128 0xb
 2380 0014 3E       		.uleb128 0x3e
 2381 0015 0B       		.uleb128 0xb
 2382 0016 03       		.uleb128 0x3
 2383 0017 0E       		.uleb128 0xe
 2384 0018 00       		.byte	0
 2385 0019 00       		.byte	0
 2386 001a 03       		.uleb128 0x3
 2387 001b 24       		.uleb128 0x24
 2388 001c 00       		.byte	0
 2389 001d 0B       		.uleb128 0xb
 2390 001e 0B       		.uleb128 0xb
ARM GAS  C:\Users\MATSUD~1\AppData\Local\Temp\ccihtoN2.s 			page 43


 2391 001f 3E       		.uleb128 0x3e
 2392 0020 0B       		.uleb128 0xb
 2393 0021 03       		.uleb128 0x3
 2394 0022 08       		.uleb128 0x8
 2395 0023 00       		.byte	0
 2396 0024 00       		.byte	0
 2397 0025 04       		.uleb128 0x4
 2398 0026 16       		.uleb128 0x16
 2399 0027 00       		.byte	0
 2400 0028 03       		.uleb128 0x3
 2401 0029 0E       		.uleb128 0xe
 2402 002a 3A       		.uleb128 0x3a
 2403 002b 0B       		.uleb128 0xb
 2404 002c 3B       		.uleb128 0x3b
 2405 002d 0B       		.uleb128 0xb
 2406 002e 49       		.uleb128 0x49
 2407 002f 13       		.uleb128 0x13
 2408 0030 00       		.byte	0
 2409 0031 00       		.byte	0
 2410 0032 05       		.uleb128 0x5
 2411 0033 01       		.uleb128 0x1
 2412 0034 01       		.byte	0x1
 2413 0035 49       		.uleb128 0x49
 2414 0036 13       		.uleb128 0x13
 2415 0037 01       		.uleb128 0x1
 2416 0038 13       		.uleb128 0x13
 2417 0039 00       		.byte	0
 2418 003a 00       		.byte	0
 2419 003b 06       		.uleb128 0x6
 2420 003c 21       		.uleb128 0x21
 2421 003d 00       		.byte	0
 2422 003e 49       		.uleb128 0x49
 2423 003f 13       		.uleb128 0x13
 2424 0040 2F       		.uleb128 0x2f
 2425 0041 05       		.uleb128 0x5
 2426 0042 00       		.byte	0
 2427 0043 00       		.byte	0
 2428 0044 07       		.uleb128 0x7
 2429 0045 34       		.uleb128 0x34
 2430 0046 00       		.byte	0
 2431 0047 03       		.uleb128 0x3
 2432 0048 0E       		.uleb128 0xe
 2433 0049 3A       		.uleb128 0x3a
 2434 004a 0B       		.uleb128 0xb
 2435 004b 3B       		.uleb128 0x3b
 2436 004c 0B       		.uleb128 0xb
 2437 004d 49       		.uleb128 0x49
 2438 004e 13       		.uleb128 0x13
 2439 004f 3F       		.uleb128 0x3f
 2440 0050 0C       		.uleb128 0xc
 2441 0051 02       		.uleb128 0x2
 2442 0052 0A       		.uleb128 0xa
 2443 0053 00       		.byte	0
 2444 0054 00       		.byte	0
 2445 0055 08       		.uleb128 0x8
 2446 0056 26       		.uleb128 0x26
 2447 0057 00       		.byte	0
ARM GAS  C:\Users\MATSUD~1\AppData\Local\Temp\ccihtoN2.s 			page 44


 2448 0058 49       		.uleb128 0x49
 2449 0059 13       		.uleb128 0x13
 2450 005a 00       		.byte	0
 2451 005b 00       		.byte	0
 2452 005c 09       		.uleb128 0x9
 2453 005d 21       		.uleb128 0x21
 2454 005e 00       		.byte	0
 2455 005f 49       		.uleb128 0x49
 2456 0060 13       		.uleb128 0x13
 2457 0061 2F       		.uleb128 0x2f
 2458 0062 0B       		.uleb128 0xb
 2459 0063 00       		.byte	0
 2460 0064 00       		.byte	0
 2461 0065 0A       		.uleb128 0xa
 2462 0066 34       		.uleb128 0x34
 2463 0067 00       		.byte	0
 2464 0068 03       		.uleb128 0x3
 2465 0069 0E       		.uleb128 0xe
 2466 006a 3A       		.uleb128 0x3a
 2467 006b 0B       		.uleb128 0xb
 2468 006c 3B       		.uleb128 0x3b
 2469 006d 05       		.uleb128 0x5
 2470 006e 49       		.uleb128 0x49
 2471 006f 13       		.uleb128 0x13
 2472 0070 3F       		.uleb128 0x3f
 2473 0071 0C       		.uleb128 0xc
 2474 0072 02       		.uleb128 0x2
 2475 0073 0A       		.uleb128 0xa
 2476 0074 00       		.byte	0
 2477 0075 00       		.byte	0
 2478 0076 00       		.byte	0
 2479              		.section	.debug_aranges,"",%progbits
 2480 0000 14000000 		.4byte	0x14
 2481 0004 0200     		.2byte	0x2
 2482 0006 00000000 		.4byte	.Ldebug_info0
 2483 000a 04       		.byte	0x4
 2484 000b 00       		.byte	0
 2485 000c 0000     		.2byte	0
 2486 000e 0000     		.2byte	0
 2487 0010 00000000 		.4byte	0
 2488 0014 00000000 		.4byte	0
 2489              		.section	.debug_line,"",%progbits
 2490              	.Ldebug_line0:
 2491 0000 4F000000 		.section	.debug_str,"MS",%progbits,1
 2491      02004900 
 2491      00000201 
 2491      FB0E0D00 
 2491      01010101 
 2492              	.LASF19:
 2493 0000 2E5C4765 		.ascii	".\\Generated_Source\\PSoC5\\cymetadata.c\000"
 2493      6E657261 
 2493      7465645F 
 2493      536F7572 
 2493      63655C50 
 2494              	.LASF17:
 2495 0026 63795F6D 		.ascii	"cy_metadata\000"
 2495      65746164 
ARM GAS  C:\Users\MATSUD~1\AppData\Local\Temp\ccihtoN2.s 			page 45


 2495      61746100 
 2496              	.LASF9:
 2497 0032 666C6F61 		.ascii	"float\000"
 2497      7400
 2498              	.LASF1:
 2499 0038 756E7369 		.ascii	"unsigned char\000"
 2499      676E6564 
 2499      20636861 
 2499      7200
 2500              	.LASF5:
 2501 0046 6C6F6E67 		.ascii	"long unsigned int\000"
 2501      20756E73 
 2501      69676E65 
 2501      6420696E 
 2501      7400
 2502              	.LASF3:
 2503 0058 73686F72 		.ascii	"short unsigned int\000"
 2503      7420756E 
 2503      7369676E 
 2503      65642069 
 2503      6E7400
 2504              	.LASF10:
 2505 006b 646F7562 		.ascii	"double\000"
 2505      6C6500
 2506              	.LASF14:
 2507 0072 63795F6D 		.ascii	"cy_meta_custnvl\000"
 2507      6574615F 
 2507      63757374 
 2507      6E766C00 
 2508              	.LASF13:
 2509 0082 63795F6D 		.ascii	"cy_meta_configecc\000"
 2509      6574615F 
 2509      636F6E66 
 2509      69676563 
 2509      6300
 2510              	.LASF8:
 2511 0094 756E7369 		.ascii	"unsigned int\000"
 2511      676E6564 
 2511      20696E74 
 2511      00
 2512              	.LASF20:
 2513 00a1 433A5C55 		.ascii	"C:\\Users\\matsuda_kazuaki\\Documents\\PSoC Creator"
 2513      73657273 
 2513      5C6D6174 
 2513      73756461 
 2513      5F6B617A 
 2514 00d0 5C726F62 		.ascii	"\\roboconn_MT_arm\\roboconn_MT_arm.cydsn\000"
 2514      6F636F6E 
 2514      6E5F4D54 
 2514      5F61726D 
 2514      5C726F62 
 2515              	.LASF7:
 2516 00f7 6C6F6E67 		.ascii	"long long unsigned int\000"
 2516      206C6F6E 
 2516      6720756E 
 2516      7369676E 
 2516      65642069 
ARM GAS  C:\Users\MATSUD~1\AppData\Local\Temp\ccihtoN2.s 			page 46


 2517              	.LASF16:
 2518 010e 63795F6D 		.ascii	"cy_meta_flashprotect\000"
 2518      6574615F 
 2518      666C6173 
 2518      6870726F 
 2518      74656374 
 2519              	.LASF15:
 2520 0123 63795F6D 		.ascii	"cy_meta_wonvl\000"
 2520      6574615F 
 2520      776F6E76 
 2520      6C00
 2521              	.LASF12:
 2522 0131 73697A65 		.ascii	"sizetype\000"
 2522      74797065 
 2522      00
 2523              	.LASF6:
 2524 013a 6C6F6E67 		.ascii	"long long int\000"
 2524      206C6F6E 
 2524      6720696E 
 2524      7400
 2525              	.LASF11:
 2526 0148 63686172 		.ascii	"char\000"
 2526      00
 2527              	.LASF2:
 2528 014d 73686F72 		.ascii	"short int\000"
 2528      7420696E 
 2528      7400
 2529              	.LASF21:
 2530 0157 75696E74 		.ascii	"uint8\000"
 2530      3800
 2531              	.LASF18:
 2532 015d 474E5520 		.ascii	"GNU C 4.7.3 20130312 (release) [ARM/embedded-4_7-br"
 2532      4320342E 
 2532      372E3320 
 2532      32303133 
 2532      30333132 
 2533 0190 616E6368 		.ascii	"anch revision 196615]\000"
 2533      20726576 
 2533      6973696F 
 2533      6E203139 
 2533      36363135 
 2534              	.LASF4:
 2535 01a6 6C6F6E67 		.ascii	"long int\000"
 2535      20696E74 
 2535      00
 2536              	.LASF0:
 2537 01af 7369676E 		.ascii	"signed char\000"
 2537      65642063 
 2537      68617200 
 2538              		.ident	"GCC: (GNU Tools for ARM Embedded Processors) 4.7.3 20130312 (release) [ARM/embedded-4_7-br
