ARM GAS  C:\Users\MATSUD~1\AppData\Local\Temp\ccy81bFp.s 			page 1


   1              		.syntax unified
   2              		.cpu cortex-m3
   3              		.fpu softvfp
   4              		.eabi_attribute 20, 1
   5              		.eabi_attribute 21, 1
   6              		.eabi_attribute 23, 3
   7              		.eabi_attribute 24, 1
   8              		.eabi_attribute 25, 1
   9              		.eabi_attribute 26, 1
  10              		.eabi_attribute 30, 6
  11              		.eabi_attribute 34, 1
  12              		.eabi_attribute 18, 4
  13              		.thumb
  14              		.file	"LIN_1_INT.c"
  15              		.text
  16              	.Ltext0:
  17              		.cfi_sections	.debug_frame
  18              		.section	.text.LIN_1_BLIN_ISR,"ax",%progbits
  19              		.align	2
  20              		.global	LIN_1_BLIN_ISR
  21              		.thumb
  22              		.thumb_func
  23              		.type	LIN_1_BLIN_ISR, %function
  24              	LIN_1_BLIN_ISR:
  25              	.LFB0:
  26              		.file 1 ".\\Generated_Source\\PSoC5\\LIN_1_INT.c"
   1:.\Generated_Source\PSoC5/LIN_1_INT.c **** /*******************************************************************************
   2:.\Generated_Source\PSoC5/LIN_1_INT.c **** * File Name: LIN_1_INT.c
   3:.\Generated_Source\PSoC5/LIN_1_INT.c **** * Version 1.30
   4:.\Generated_Source\PSoC5/LIN_1_INT.c **** *
   5:.\Generated_Source\PSoC5/LIN_1_INT.c **** * Description:
   6:.\Generated_Source\PSoC5/LIN_1_INT.c **** *  This file contains the code that operates during the interrupt service
   7:.\Generated_Source\PSoC5/LIN_1_INT.c **** *  routine.
   8:.\Generated_Source\PSoC5/LIN_1_INT.c **** *
   9:.\Generated_Source\PSoC5/LIN_1_INT.c **** ********************************************************************************
  10:.\Generated_Source\PSoC5/LIN_1_INT.c **** * Copyright 2011-2013, Cypress Semiconductor Corporation.  All rights reserved.
  11:.\Generated_Source\PSoC5/LIN_1_INT.c **** * You may use this file only in accordance with the license, terms, conditions,
  12:.\Generated_Source\PSoC5/LIN_1_INT.c **** * disclaimers, and limitations in the end user license agreement accompanying
  13:.\Generated_Source\PSoC5/LIN_1_INT.c **** * the software package with which this file was provided.
  14:.\Generated_Source\PSoC5/LIN_1_INT.c **** *******************************************************************************/
  15:.\Generated_Source\PSoC5/LIN_1_INT.c **** 
  16:.\Generated_Source\PSoC5/LIN_1_INT.c **** #include "LIN_1.h"
  17:.\Generated_Source\PSoC5/LIN_1_INT.c **** 
  18:.\Generated_Source\PSoC5/LIN_1_INT.c **** CY_ISR(LIN_1_BLIN_ISR)
  19:.\Generated_Source\PSoC5/LIN_1_INT.c **** {
  27              		.loc 1 19 0
  28              		.cfi_startproc
  29              		@ args = 0, pretend = 0, frame = 0
  30              		@ frame_needed = 1, uses_anonymous_args = 0
  31 0000 80B5     		push	{r7, lr}
  32              	.LCFI0:
  33              		.cfi_def_cfa_offset 8
  34              		.cfi_offset 7, -8
  35              		.cfi_offset 14, -4
  36 0002 00AF     		add	r7, sp, #0
  37              	.LCFI1:
  38              		.cfi_def_cfa_register 7
ARM GAS  C:\Users\MATSUD~1\AppData\Local\Temp\ccy81bFp.s 			page 2


  20:.\Generated_Source\PSoC5/LIN_1_INT.c ****     l_ifc_aux_LIN_1();
  39              		.loc 1 20 0
  40 0004 FFF7FEFF 		bl	l_ifc_aux_LIN_1
  21:.\Generated_Source\PSoC5/LIN_1_INT.c **** }
  41              		.loc 1 21 0
  42 0008 80BD     		pop	{r7, pc}
  43              		.cfi_endproc
  44              	.LFE0:
  45              		.size	LIN_1_BLIN_ISR, .-LIN_1_BLIN_ISR
  46 000a 00BF     		.section	.text.LIN_1_UART_ISR,"ax",%progbits
  47              		.align	2
  48              		.global	LIN_1_UART_ISR
  49              		.thumb
  50              		.thumb_func
  51              		.type	LIN_1_UART_ISR, %function
  52              	LIN_1_UART_ISR:
  53              	.LFB1:
  22:.\Generated_Source\PSoC5/LIN_1_INT.c **** 
  23:.\Generated_Source\PSoC5/LIN_1_INT.c **** 
  24:.\Generated_Source\PSoC5/LIN_1_INT.c **** CY_ISR(LIN_1_UART_ISR)
  25:.\Generated_Source\PSoC5/LIN_1_INT.c **** {
  54              		.loc 1 25 0
  55              		.cfi_startproc
  56              		@ args = 0, pretend = 0, frame = 0
  57              		@ frame_needed = 1, uses_anonymous_args = 0
  58 0000 80B5     		push	{r7, lr}
  59              	.LCFI2:
  60              		.cfi_def_cfa_offset 8
  61              		.cfi_offset 7, -8
  62              		.cfi_offset 14, -4
  63 0002 00AF     		add	r7, sp, #0
  64              	.LCFI3:
  65              		.cfi_def_cfa_register 7
  26:.\Generated_Source\PSoC5/LIN_1_INT.c ****     l_ifc_rx_LIN_1();
  66              		.loc 1 26 0
  67 0004 FFF7FEFF 		bl	l_ifc_rx_LIN_1
  27:.\Generated_Source\PSoC5/LIN_1_INT.c **** }
  68              		.loc 1 27 0
  69 0008 80BD     		pop	{r7, pc}
  70              		.cfi_endproc
  71              	.LFE1:
  72              		.size	LIN_1_UART_ISR, .-LIN_1_UART_ISR
  73 000a 00BF     		.text
  74              	.Letext0:
  75              		.section	.debug_info,"",%progbits
  76              	.Ldebug_info0:
  77 0000 B4000000 		.4byte	0xb4
  78 0004 0200     		.2byte	0x2
  79 0006 00000000 		.4byte	.Ldebug_abbrev0
  80 000a 04       		.byte	0x4
  81 000b 01       		.uleb128 0x1
  82 000c 2A000000 		.4byte	.LASF15
  83 0010 01       		.byte	0x1
  84 0011 43010000 		.4byte	.LASF16
  85 0015 9C000000 		.4byte	.LASF17
  86 0019 00000000 		.4byte	.Ldebug_ranges0+0
  87 001d 00000000 		.4byte	0
ARM GAS  C:\Users\MATSUD~1\AppData\Local\Temp\ccy81bFp.s 			page 3


  88 0021 00000000 		.4byte	0
  89 0025 00000000 		.4byte	.Ldebug_line0
  90 0029 02       		.uleb128 0x2
  91 002a 01       		.byte	0x1
  92 002b 06       		.byte	0x6
  93 002c 28010000 		.4byte	.LASF0
  94 0030 02       		.uleb128 0x2
  95 0031 01       		.byte	0x1
  96 0032 08       		.byte	0x8
  97 0033 F2000000 		.4byte	.LASF1
  98 0037 02       		.uleb128 0x2
  99 0038 02       		.byte	0x2
 100 0039 05       		.byte	0x5
 101 003a 6E010000 		.4byte	.LASF2
 102 003e 02       		.uleb128 0x2
 103 003f 02       		.byte	0x2
 104 0040 07       		.byte	0x7
 105 0041 15010000 		.4byte	.LASF3
 106 0045 03       		.uleb128 0x3
 107 0046 04       		.byte	0x4
 108 0047 05       		.byte	0x5
 109 0048 696E7400 		.ascii	"int\000"
 110 004c 02       		.uleb128 0x2
 111 004d 04       		.byte	0x4
 112 004e 07       		.byte	0x7
 113 004f 0E000000 		.4byte	.LASF4
 114 0053 02       		.uleb128 0x2
 115 0054 08       		.byte	0x8
 116 0055 05       		.byte	0x5
 117 0056 00000000 		.4byte	.LASF5
 118 005a 02       		.uleb128 0x2
 119 005b 08       		.byte	0x8
 120 005c 07       		.byte	0x7
 121 005d 85000000 		.4byte	.LASF6
 122 0061 02       		.uleb128 0x2
 123 0062 04       		.byte	0x4
 124 0063 05       		.byte	0x5
 125 0064 05010000 		.4byte	.LASF7
 126 0068 02       		.uleb128 0x2
 127 0069 04       		.byte	0x4
 128 006a 07       		.byte	0x7
 129 006b 78010000 		.4byte	.LASF8
 130 006f 02       		.uleb128 0x2
 131 0070 04       		.byte	0x4
 132 0071 07       		.byte	0x7
 133 0072 73000000 		.4byte	.LASF9
 134 0076 02       		.uleb128 0x2
 135 0077 01       		.byte	0x1
 136 0078 08       		.byte	0x8
 137 0079 00010000 		.4byte	.LASF10
 138 007d 02       		.uleb128 0x2
 139 007e 04       		.byte	0x4
 140 007f 04       		.byte	0x4
 141 0080 68010000 		.4byte	.LASF11
 142 0084 02       		.uleb128 0x2
 143 0085 08       		.byte	0x8
 144 0086 04       		.byte	0x4
ARM GAS  C:\Users\MATSUD~1\AppData\Local\Temp\ccy81bFp.s 			page 4


 145 0087 0E010000 		.4byte	.LASF12
 146 008b 04       		.uleb128 0x4
 147 008c 01       		.byte	0x1
 148 008d 1B000000 		.4byte	.LASF13
 149 0091 01       		.byte	0x1
 150 0092 12       		.byte	0x12
 151 0093 01       		.byte	0x1
 152 0094 00000000 		.4byte	.LFB0
 153 0098 0A000000 		.4byte	.LFE0
 154 009c 00000000 		.4byte	.LLST0
 155 00a0 01       		.byte	0x1
 156 00a1 04       		.uleb128 0x4
 157 00a2 01       		.byte	0x1
 158 00a3 34010000 		.4byte	.LASF14
 159 00a7 01       		.byte	0x1
 160 00a8 18       		.byte	0x18
 161 00a9 01       		.byte	0x1
 162 00aa 00000000 		.4byte	.LFB1
 163 00ae 0A000000 		.4byte	.LFE1
 164 00b2 2C000000 		.4byte	.LLST1
 165 00b6 01       		.byte	0x1
 166 00b7 00       		.byte	0
 167              		.section	.debug_abbrev,"",%progbits
 168              	.Ldebug_abbrev0:
 169 0000 01       		.uleb128 0x1
 170 0001 11       		.uleb128 0x11
 171 0002 01       		.byte	0x1
 172 0003 25       		.uleb128 0x25
 173 0004 0E       		.uleb128 0xe
 174 0005 13       		.uleb128 0x13
 175 0006 0B       		.uleb128 0xb
 176 0007 03       		.uleb128 0x3
 177 0008 0E       		.uleb128 0xe
 178 0009 1B       		.uleb128 0x1b
 179 000a 0E       		.uleb128 0xe
 180 000b 55       		.uleb128 0x55
 181 000c 06       		.uleb128 0x6
 182 000d 11       		.uleb128 0x11
 183 000e 01       		.uleb128 0x1
 184 000f 52       		.uleb128 0x52
 185 0010 01       		.uleb128 0x1
 186 0011 10       		.uleb128 0x10
 187 0012 06       		.uleb128 0x6
 188 0013 00       		.byte	0
 189 0014 00       		.byte	0
 190 0015 02       		.uleb128 0x2
 191 0016 24       		.uleb128 0x24
 192 0017 00       		.byte	0
 193 0018 0B       		.uleb128 0xb
 194 0019 0B       		.uleb128 0xb
 195 001a 3E       		.uleb128 0x3e
 196 001b 0B       		.uleb128 0xb
 197 001c 03       		.uleb128 0x3
 198 001d 0E       		.uleb128 0xe
 199 001e 00       		.byte	0
 200 001f 00       		.byte	0
 201 0020 03       		.uleb128 0x3
ARM GAS  C:\Users\MATSUD~1\AppData\Local\Temp\ccy81bFp.s 			page 5


 202 0021 24       		.uleb128 0x24
 203 0022 00       		.byte	0
 204 0023 0B       		.uleb128 0xb
 205 0024 0B       		.uleb128 0xb
 206 0025 3E       		.uleb128 0x3e
 207 0026 0B       		.uleb128 0xb
 208 0027 03       		.uleb128 0x3
 209 0028 08       		.uleb128 0x8
 210 0029 00       		.byte	0
 211 002a 00       		.byte	0
 212 002b 04       		.uleb128 0x4
 213 002c 2E       		.uleb128 0x2e
 214 002d 00       		.byte	0
 215 002e 3F       		.uleb128 0x3f
 216 002f 0C       		.uleb128 0xc
 217 0030 03       		.uleb128 0x3
 218 0031 0E       		.uleb128 0xe
 219 0032 3A       		.uleb128 0x3a
 220 0033 0B       		.uleb128 0xb
 221 0034 3B       		.uleb128 0x3b
 222 0035 0B       		.uleb128 0xb
 223 0036 27       		.uleb128 0x27
 224 0037 0C       		.uleb128 0xc
 225 0038 11       		.uleb128 0x11
 226 0039 01       		.uleb128 0x1
 227 003a 12       		.uleb128 0x12
 228 003b 01       		.uleb128 0x1
 229 003c 40       		.uleb128 0x40
 230 003d 06       		.uleb128 0x6
 231 003e 9642     		.uleb128 0x2116
 232 0040 0C       		.uleb128 0xc
 233 0041 00       		.byte	0
 234 0042 00       		.byte	0
 235 0043 00       		.byte	0
 236              		.section	.debug_loc,"",%progbits
 237              	.Ldebug_loc0:
 238              	.LLST0:
 239 0000 00000000 		.4byte	.LFB0
 240 0004 02000000 		.4byte	.LCFI0
 241 0008 0200     		.2byte	0x2
 242 000a 7D       		.byte	0x7d
 243 000b 00       		.sleb128 0
 244 000c 02000000 		.4byte	.LCFI0
 245 0010 04000000 		.4byte	.LCFI1
 246 0014 0200     		.2byte	0x2
 247 0016 7D       		.byte	0x7d
 248 0017 08       		.sleb128 8
 249 0018 04000000 		.4byte	.LCFI1
 250 001c 0A000000 		.4byte	.LFE0
 251 0020 0200     		.2byte	0x2
 252 0022 77       		.byte	0x77
 253 0023 08       		.sleb128 8
 254 0024 00000000 		.4byte	0
 255 0028 00000000 		.4byte	0
 256              	.LLST1:
 257 002c 00000000 		.4byte	.LFB1
 258 0030 02000000 		.4byte	.LCFI2
ARM GAS  C:\Users\MATSUD~1\AppData\Local\Temp\ccy81bFp.s 			page 6


 259 0034 0200     		.2byte	0x2
 260 0036 7D       		.byte	0x7d
 261 0037 00       		.sleb128 0
 262 0038 02000000 		.4byte	.LCFI2
 263 003c 04000000 		.4byte	.LCFI3
 264 0040 0200     		.2byte	0x2
 265 0042 7D       		.byte	0x7d
 266 0043 08       		.sleb128 8
 267 0044 04000000 		.4byte	.LCFI3
 268 0048 0A000000 		.4byte	.LFE1
 269 004c 0200     		.2byte	0x2
 270 004e 77       		.byte	0x77
 271 004f 08       		.sleb128 8
 272 0050 00000000 		.4byte	0
 273 0054 00000000 		.4byte	0
 274              		.section	.debug_aranges,"",%progbits
 275 0000 24000000 		.4byte	0x24
 276 0004 0200     		.2byte	0x2
 277 0006 00000000 		.4byte	.Ldebug_info0
 278 000a 04       		.byte	0x4
 279 000b 00       		.byte	0
 280 000c 0000     		.2byte	0
 281 000e 0000     		.2byte	0
 282 0010 00000000 		.4byte	.LFB0
 283 0014 0A000000 		.4byte	.LFE0-.LFB0
 284 0018 00000000 		.4byte	.LFB1
 285 001c 0A000000 		.4byte	.LFE1-.LFB1
 286 0020 00000000 		.4byte	0
 287 0024 00000000 		.4byte	0
 288              		.section	.debug_ranges,"",%progbits
 289              	.Ldebug_ranges0:
 290 0000 00000000 		.4byte	.LFB0
 291 0004 0A000000 		.4byte	.LFE0
 292 0008 00000000 		.4byte	.LFB1
 293 000c 0A000000 		.4byte	.LFE1
 294 0010 00000000 		.4byte	0
 295 0014 00000000 		.4byte	0
 296              		.section	.debug_line,"",%progbits
 297              	.Ldebug_line0:
 298 0000 63000000 		.section	.debug_str,"MS",%progbits,1
 298      02003B00 
 298      00000201 
 298      FB0E0D00 
 298      01010101 
 299              	.LASF5:
 300 0000 6C6F6E67 		.ascii	"long long int\000"
 300      206C6F6E 
 300      6720696E 
 300      7400
 301              	.LASF4:
 302 000e 756E7369 		.ascii	"unsigned int\000"
 302      676E6564 
 302      20696E74 
 302      00
 303              	.LASF13:
 304 001b 4C494E5F 		.ascii	"LIN_1_BLIN_ISR\000"
 304      315F424C 
ARM GAS  C:\Users\MATSUD~1\AppData\Local\Temp\ccy81bFp.s 			page 7


 304      494E5F49 
 304      535200
 305              	.LASF15:
 306 002a 474E5520 		.ascii	"GNU C 4.7.3 20130312 (release) [ARM/embedded-4_7-br"
 306      4320342E 
 306      372E3320 
 306      32303133 
 306      30333132 
 307 005d 616E6368 		.ascii	"anch revision 196615]\000"
 307      20726576 
 307      6973696F 
 307      6E203139 
 307      36363135 
 308              	.LASF9:
 309 0073 6C6F6E67 		.ascii	"long unsigned int\000"
 309      20756E73 
 309      69676E65 
 309      6420696E 
 309      7400
 310              	.LASF6:
 311 0085 6C6F6E67 		.ascii	"long long unsigned int\000"
 311      206C6F6E 
 311      6720756E 
 311      7369676E 
 311      65642069 
 312              	.LASF17:
 313 009c 433A5C55 		.ascii	"C:\\Users\\matsuda_kazuaki\\Documents\\PSoC Creator"
 313      73657273 
 313      5C6D6174 
 313      73756461 
 313      5F6B617A 
 314 00cb 5C726F62 		.ascii	"\\roboconn_MT_arm\\roboconn_MT_arm.cydsn\000"
 314      6F636F6E 
 314      6E5F4D54 
 314      5F61726D 
 314      5C726F62 
 315              	.LASF1:
 316 00f2 756E7369 		.ascii	"unsigned char\000"
 316      676E6564 
 316      20636861 
 316      7200
 317              	.LASF10:
 318 0100 63686172 		.ascii	"char\000"
 318      00
 319              	.LASF7:
 320 0105 6C6F6E67 		.ascii	"long int\000"
 320      20696E74 
 320      00
 321              	.LASF12:
 322 010e 646F7562 		.ascii	"double\000"
 322      6C6500
 323              	.LASF3:
 324 0115 73686F72 		.ascii	"short unsigned int\000"
 324      7420756E 
 324      7369676E 
 324      65642069 
 324      6E7400
ARM GAS  C:\Users\MATSUD~1\AppData\Local\Temp\ccy81bFp.s 			page 8


 325              	.LASF0:
 326 0128 7369676E 		.ascii	"signed char\000"
 326      65642063 
 326      68617200 
 327              	.LASF14:
 328 0134 4C494E5F 		.ascii	"LIN_1_UART_ISR\000"
 328      315F5541 
 328      52545F49 
 328      535200
 329              	.LASF16:
 330 0143 2E5C4765 		.ascii	".\\Generated_Source\\PSoC5\\LIN_1_INT.c\000"
 330      6E657261 
 330      7465645F 
 330      536F7572 
 330      63655C50 
 331              	.LASF11:
 332 0168 666C6F61 		.ascii	"float\000"
 332      7400
 333              	.LASF2:
 334 016e 73686F72 		.ascii	"short int\000"
 334      7420696E 
 334      7400
 335              	.LASF8:
 336 0178 73697A65 		.ascii	"sizetype\000"
 336      74797065 
 336      00
 337              		.ident	"GCC: (GNU Tools for ARM Embedded Processors) 4.7.3 20130312 (release) [ARM/embedded-4_7-br
