ARM GAS  C:\Users\MATSUD~1\AppData\Local\Temp\ccxdq1kP.s 			page 1


   1              		.syntax unified
   2              		.cpu cortex-m3
   3              		.fpu softvfp
   4              		.eabi_attribute 20, 1
   5              		.eabi_attribute 21, 1
   6              		.eabi_attribute 23, 3
   7              		.eabi_attribute 24, 1
   8              		.eabi_attribute 25, 1
   9              		.eabi_attribute 26, 1
  10              		.eabi_attribute 30, 6
  11              		.eabi_attribute 34, 1
  12              		.eabi_attribute 18, 4
  13              		.thumb
  14              		.file	"UART_1_INT.c"
  15              		.text
  16              	.Ltext0:
  17              		.cfi_sections	.debug_frame
  18              		.section	.text.UART_1_TXISR,"ax",%progbits
  19              		.align	2
  20              		.global	UART_1_TXISR
  21              		.thumb
  22              		.thumb_func
  23              		.type	UART_1_TXISR, %function
  24              	UART_1_TXISR:
  25              	.LFB0:
  26              		.file 1 ".\\Generated_Source\\PSoC5\\UART_1_INT.c"
   1:.\Generated_Source\PSoC5/UART_1_INT.c **** /*******************************************************************************
   2:.\Generated_Source\PSoC5/UART_1_INT.c **** * File Name: UART_1_INT.c
   3:.\Generated_Source\PSoC5/UART_1_INT.c **** * Version 2.30
   4:.\Generated_Source\PSoC5/UART_1_INT.c **** *
   5:.\Generated_Source\PSoC5/UART_1_INT.c **** * Description:
   6:.\Generated_Source\PSoC5/UART_1_INT.c **** *  This file provides all Interrupt Service functionality of the UART component
   7:.\Generated_Source\PSoC5/UART_1_INT.c **** *
   8:.\Generated_Source\PSoC5/UART_1_INT.c **** * Note:
   9:.\Generated_Source\PSoC5/UART_1_INT.c **** *  Any unusual or non-standard behavior should be noted here. Other-
  10:.\Generated_Source\PSoC5/UART_1_INT.c **** *  wise, this section should remain blank.
  11:.\Generated_Source\PSoC5/UART_1_INT.c **** *
  12:.\Generated_Source\PSoC5/UART_1_INT.c **** ********************************************************************************
  13:.\Generated_Source\PSoC5/UART_1_INT.c **** * Copyright 2008-2012, Cypress Semiconductor Corporation.  All rights reserved.
  14:.\Generated_Source\PSoC5/UART_1_INT.c **** * You may use this file only in accordance with the license, terms, conditions,
  15:.\Generated_Source\PSoC5/UART_1_INT.c **** * disclaimers, and limitations in the end user license agreement accompanying
  16:.\Generated_Source\PSoC5/UART_1_INT.c **** * the software package with which this file was provided.
  17:.\Generated_Source\PSoC5/UART_1_INT.c **** *******************************************************************************/
  18:.\Generated_Source\PSoC5/UART_1_INT.c **** 
  19:.\Generated_Source\PSoC5/UART_1_INT.c **** #include "UART_1.h"
  20:.\Generated_Source\PSoC5/UART_1_INT.c **** #include "CyLib.h"
  21:.\Generated_Source\PSoC5/UART_1_INT.c **** 
  22:.\Generated_Source\PSoC5/UART_1_INT.c **** 
  23:.\Generated_Source\PSoC5/UART_1_INT.c **** /***************************************
  24:.\Generated_Source\PSoC5/UART_1_INT.c **** * Custom Declratations
  25:.\Generated_Source\PSoC5/UART_1_INT.c **** ***************************************/
  26:.\Generated_Source\PSoC5/UART_1_INT.c **** /* `#START CUSTOM_DECLARATIONS` Place your declaration here */
  27:.\Generated_Source\PSoC5/UART_1_INT.c **** 
  28:.\Generated_Source\PSoC5/UART_1_INT.c **** /* `#END` */
  29:.\Generated_Source\PSoC5/UART_1_INT.c **** 
  30:.\Generated_Source\PSoC5/UART_1_INT.c **** #if( (UART_1_RX_ENABLED || UART_1_HD_ENABLED) && \
  31:.\Generated_Source\PSoC5/UART_1_INT.c ****      (UART_1_RXBUFFERSIZE > UART_1_FIFO_LENGTH))
ARM GAS  C:\Users\MATSUD~1\AppData\Local\Temp\ccxdq1kP.s 			page 2


  32:.\Generated_Source\PSoC5/UART_1_INT.c **** 
  33:.\Generated_Source\PSoC5/UART_1_INT.c **** 
  34:.\Generated_Source\PSoC5/UART_1_INT.c ****     /*******************************************************************************
  35:.\Generated_Source\PSoC5/UART_1_INT.c ****     * Function Name: UART_1_RXISR
  36:.\Generated_Source\PSoC5/UART_1_INT.c ****     ********************************************************************************
  37:.\Generated_Source\PSoC5/UART_1_INT.c ****     *
  38:.\Generated_Source\PSoC5/UART_1_INT.c ****     * Summary:
  39:.\Generated_Source\PSoC5/UART_1_INT.c ****     *  Interrupt Service Routine for RX portion of the UART
  40:.\Generated_Source\PSoC5/UART_1_INT.c ****     *
  41:.\Generated_Source\PSoC5/UART_1_INT.c ****     * Parameters:
  42:.\Generated_Source\PSoC5/UART_1_INT.c ****     *  None.
  43:.\Generated_Source\PSoC5/UART_1_INT.c ****     *
  44:.\Generated_Source\PSoC5/UART_1_INT.c ****     * Return:
  45:.\Generated_Source\PSoC5/UART_1_INT.c ****     *  None.
  46:.\Generated_Source\PSoC5/UART_1_INT.c ****     *
  47:.\Generated_Source\PSoC5/UART_1_INT.c ****     * Global Variables:
  48:.\Generated_Source\PSoC5/UART_1_INT.c ****     *  UART_1_rxBuffer - RAM buffer pointer for save received data.
  49:.\Generated_Source\PSoC5/UART_1_INT.c ****     *  UART_1_rxBufferWrite - cyclic index for write to rxBuffer,
  50:.\Generated_Source\PSoC5/UART_1_INT.c ****     *     increments after each byte saved to buffer.
  51:.\Generated_Source\PSoC5/UART_1_INT.c ****     *  UART_1_rxBufferRead - cyclic index for read from rxBuffer,
  52:.\Generated_Source\PSoC5/UART_1_INT.c ****     *     checked to detect overflow condition.
  53:.\Generated_Source\PSoC5/UART_1_INT.c ****     *  UART_1_rxBufferOverflow - software overflow flag. Set to one
  54:.\Generated_Source\PSoC5/UART_1_INT.c ****     *     when UART_1_rxBufferWrite index overtakes
  55:.\Generated_Source\PSoC5/UART_1_INT.c ****     *     UART_1_rxBufferRead index.
  56:.\Generated_Source\PSoC5/UART_1_INT.c ****     *  UART_1_rxBufferLoopDetect - additional variable to detect overflow.
  57:.\Generated_Source\PSoC5/UART_1_INT.c ****     *     Set to one when UART_1_rxBufferWrite is equal to
  58:.\Generated_Source\PSoC5/UART_1_INT.c ****     *    UART_1_rxBufferRead
  59:.\Generated_Source\PSoC5/UART_1_INT.c ****     *  UART_1_rxAddressMode - this variable contains the Address mode,
  60:.\Generated_Source\PSoC5/UART_1_INT.c ****     *     selected in customizer or set by UART_SetRxAddressMode() API.
  61:.\Generated_Source\PSoC5/UART_1_INT.c ****     *  UART_1_rxAddressDetected - set to 1 when correct address received,
  62:.\Generated_Source\PSoC5/UART_1_INT.c ****     *     and analysed to store following addressed data bytes to the buffer.
  63:.\Generated_Source\PSoC5/UART_1_INT.c ****     *     When not correct address received, set to 0 to skip following data bytes.
  64:.\Generated_Source\PSoC5/UART_1_INT.c ****     *
  65:.\Generated_Source\PSoC5/UART_1_INT.c ****     *******************************************************************************/
  66:.\Generated_Source\PSoC5/UART_1_INT.c ****     CY_ISR(UART_1_RXISR)
  67:.\Generated_Source\PSoC5/UART_1_INT.c ****     {
  68:.\Generated_Source\PSoC5/UART_1_INT.c ****         uint8 readData;
  69:.\Generated_Source\PSoC5/UART_1_INT.c ****         uint8 increment_pointer = 0u;
  70:.\Generated_Source\PSoC5/UART_1_INT.c ****         #if(CY_PSOC3)
  71:.\Generated_Source\PSoC5/UART_1_INT.c ****             uint8 int_en;
  72:.\Generated_Source\PSoC5/UART_1_INT.c ****         #endif /* CY_PSOC3 */
  73:.\Generated_Source\PSoC5/UART_1_INT.c **** 
  74:.\Generated_Source\PSoC5/UART_1_INT.c ****         /* User code required at start of ISR */
  75:.\Generated_Source\PSoC5/UART_1_INT.c ****         /* `#START UART_1_RXISR_START` */
  76:.\Generated_Source\PSoC5/UART_1_INT.c **** 
  77:.\Generated_Source\PSoC5/UART_1_INT.c ****         /* `#END` */
  78:.\Generated_Source\PSoC5/UART_1_INT.c **** 
  79:.\Generated_Source\PSoC5/UART_1_INT.c ****         #if(CY_PSOC3)   /* Make sure nested interrupt is enabled */
  80:.\Generated_Source\PSoC5/UART_1_INT.c ****             int_en = EA;
  81:.\Generated_Source\PSoC5/UART_1_INT.c ****             CyGlobalIntEnable;
  82:.\Generated_Source\PSoC5/UART_1_INT.c ****         #endif /* CY_PSOC3 */
  83:.\Generated_Source\PSoC5/UART_1_INT.c **** 
  84:.\Generated_Source\PSoC5/UART_1_INT.c ****         readData = UART_1_RXSTATUS_REG;
  85:.\Generated_Source\PSoC5/UART_1_INT.c **** 
  86:.\Generated_Source\PSoC5/UART_1_INT.c ****         if((readData & (UART_1_RX_STS_BREAK | UART_1_RX_STS_PAR_ERROR |
  87:.\Generated_Source\PSoC5/UART_1_INT.c ****                         UART_1_RX_STS_STOP_ERROR | UART_1_RX_STS_OVERRUN)) != 0u)
  88:.\Generated_Source\PSoC5/UART_1_INT.c ****         {
ARM GAS  C:\Users\MATSUD~1\AppData\Local\Temp\ccxdq1kP.s 			page 3


  89:.\Generated_Source\PSoC5/UART_1_INT.c ****             /* ERROR handling. */
  90:.\Generated_Source\PSoC5/UART_1_INT.c ****             /* `#START UART_1_RXISR_ERROR` */
  91:.\Generated_Source\PSoC5/UART_1_INT.c **** 
  92:.\Generated_Source\PSoC5/UART_1_INT.c ****             /* `#END` */
  93:.\Generated_Source\PSoC5/UART_1_INT.c ****         }
  94:.\Generated_Source\PSoC5/UART_1_INT.c **** 
  95:.\Generated_Source\PSoC5/UART_1_INT.c ****         while((readData & UART_1_RX_STS_FIFO_NOTEMPTY) != 0u)
  96:.\Generated_Source\PSoC5/UART_1_INT.c ****         {
  97:.\Generated_Source\PSoC5/UART_1_INT.c **** 
  98:.\Generated_Source\PSoC5/UART_1_INT.c ****             #if (UART_1_RXHW_ADDRESS_ENABLED)
  99:.\Generated_Source\PSoC5/UART_1_INT.c ****                 if(UART_1_rxAddressMode == (uint8)UART_1__B_UART__AM_SW_DETECT_TO_BUFFER)
 100:.\Generated_Source\PSoC5/UART_1_INT.c ****                 {
 101:.\Generated_Source\PSoC5/UART_1_INT.c ****                     if((readData & UART_1_RX_STS_MRKSPC) != 0u)
 102:.\Generated_Source\PSoC5/UART_1_INT.c ****                     {
 103:.\Generated_Source\PSoC5/UART_1_INT.c ****                         if ((readData & UART_1_RX_STS_ADDR_MATCH) != 0u)
 104:.\Generated_Source\PSoC5/UART_1_INT.c ****                         {
 105:.\Generated_Source\PSoC5/UART_1_INT.c ****                             UART_1_rxAddressDetected = 1u;
 106:.\Generated_Source\PSoC5/UART_1_INT.c ****                         }
 107:.\Generated_Source\PSoC5/UART_1_INT.c ****                         else
 108:.\Generated_Source\PSoC5/UART_1_INT.c ****                         {
 109:.\Generated_Source\PSoC5/UART_1_INT.c ****                             UART_1_rxAddressDetected = 0u;
 110:.\Generated_Source\PSoC5/UART_1_INT.c ****                         }
 111:.\Generated_Source\PSoC5/UART_1_INT.c ****                     }
 112:.\Generated_Source\PSoC5/UART_1_INT.c **** 
 113:.\Generated_Source\PSoC5/UART_1_INT.c ****                     readData = UART_1_RXDATA_REG;
 114:.\Generated_Source\PSoC5/UART_1_INT.c ****                     if(UART_1_rxAddressDetected != 0u)
 115:.\Generated_Source\PSoC5/UART_1_INT.c ****                     {   /* store only addressed data */
 116:.\Generated_Source\PSoC5/UART_1_INT.c ****                         UART_1_rxBuffer[UART_1_rxBufferWrite] = readData;
 117:.\Generated_Source\PSoC5/UART_1_INT.c ****                         increment_pointer = 1u;
 118:.\Generated_Source\PSoC5/UART_1_INT.c ****                     }
 119:.\Generated_Source\PSoC5/UART_1_INT.c ****                 }
 120:.\Generated_Source\PSoC5/UART_1_INT.c ****                 else /* without software addressing */
 121:.\Generated_Source\PSoC5/UART_1_INT.c ****                 {
 122:.\Generated_Source\PSoC5/UART_1_INT.c ****                     UART_1_rxBuffer[UART_1_rxBufferWrite] = UART_1_RXDATA_REG;
 123:.\Generated_Source\PSoC5/UART_1_INT.c ****                     increment_pointer = 1u;
 124:.\Generated_Source\PSoC5/UART_1_INT.c ****                 }
 125:.\Generated_Source\PSoC5/UART_1_INT.c ****             #else  /* without addressing */
 126:.\Generated_Source\PSoC5/UART_1_INT.c ****                 UART_1_rxBuffer[UART_1_rxBufferWrite] = UART_1_RXDATA_REG;
 127:.\Generated_Source\PSoC5/UART_1_INT.c ****                 increment_pointer = 1u;
 128:.\Generated_Source\PSoC5/UART_1_INT.c ****             #endif /* End SW_DETECT_TO_BUFFER */
 129:.\Generated_Source\PSoC5/UART_1_INT.c **** 
 130:.\Generated_Source\PSoC5/UART_1_INT.c ****             /* do not increment buffer pointer when skip not adderessed data */
 131:.\Generated_Source\PSoC5/UART_1_INT.c ****             if( increment_pointer != 0u )
 132:.\Generated_Source\PSoC5/UART_1_INT.c ****             {
 133:.\Generated_Source\PSoC5/UART_1_INT.c ****                 if(UART_1_rxBufferLoopDetect != 0u)
 134:.\Generated_Source\PSoC5/UART_1_INT.c ****                 {   /* Set Software Buffer status Overflow */
 135:.\Generated_Source\PSoC5/UART_1_INT.c ****                     UART_1_rxBufferOverflow = 1u;
 136:.\Generated_Source\PSoC5/UART_1_INT.c ****                 }
 137:.\Generated_Source\PSoC5/UART_1_INT.c ****                 /* Set next pointer. */
 138:.\Generated_Source\PSoC5/UART_1_INT.c ****                 UART_1_rxBufferWrite++;
 139:.\Generated_Source\PSoC5/UART_1_INT.c **** 
 140:.\Generated_Source\PSoC5/UART_1_INT.c ****                 /* Check pointer for a loop condition */
 141:.\Generated_Source\PSoC5/UART_1_INT.c ****                 if(UART_1_rxBufferWrite >= UART_1_RXBUFFERSIZE)
 142:.\Generated_Source\PSoC5/UART_1_INT.c ****                 {
 143:.\Generated_Source\PSoC5/UART_1_INT.c ****                     UART_1_rxBufferWrite = 0u;
 144:.\Generated_Source\PSoC5/UART_1_INT.c ****                 }
 145:.\Generated_Source\PSoC5/UART_1_INT.c ****                 /* Detect pre-overload condition and set flag */
ARM GAS  C:\Users\MATSUD~1\AppData\Local\Temp\ccxdq1kP.s 			page 4


 146:.\Generated_Source\PSoC5/UART_1_INT.c ****                 if(UART_1_rxBufferWrite == UART_1_rxBufferRead)
 147:.\Generated_Source\PSoC5/UART_1_INT.c ****                 {
 148:.\Generated_Source\PSoC5/UART_1_INT.c ****                     UART_1_rxBufferLoopDetect = 1u;
 149:.\Generated_Source\PSoC5/UART_1_INT.c ****                     /* When Hardware Flow Control selected */
 150:.\Generated_Source\PSoC5/UART_1_INT.c ****                     #if(UART_1_FLOW_CONTROL != 0u)
 151:.\Generated_Source\PSoC5/UART_1_INT.c ****                     /* Disable RX interrupt mask, it will be enabled when user read data from the b
 152:.\Generated_Source\PSoC5/UART_1_INT.c ****                         UART_1_RXSTATUS_MASK_REG  &= (uint8)~UART_1_RX_STS_FIFO_NOTEMPTY;
 153:.\Generated_Source\PSoC5/UART_1_INT.c ****                         CyIntClearPending(UART_1_RX_VECT_NUM);
 154:.\Generated_Source\PSoC5/UART_1_INT.c ****                         break; /* Break the reading of the FIFO loop, leave the data there for gene
 155:.\Generated_Source\PSoC5/UART_1_INT.c ****                     #endif /* End UART_1_FLOW_CONTROL != 0 */
 156:.\Generated_Source\PSoC5/UART_1_INT.c ****                 }
 157:.\Generated_Source\PSoC5/UART_1_INT.c ****             }
 158:.\Generated_Source\PSoC5/UART_1_INT.c **** 
 159:.\Generated_Source\PSoC5/UART_1_INT.c ****             /* Check again if there is data. */
 160:.\Generated_Source\PSoC5/UART_1_INT.c ****             readData = UART_1_RXSTATUS_REG;
 161:.\Generated_Source\PSoC5/UART_1_INT.c ****         }
 162:.\Generated_Source\PSoC5/UART_1_INT.c **** 
 163:.\Generated_Source\PSoC5/UART_1_INT.c ****         /* User code required at end of ISR (Optional) */
 164:.\Generated_Source\PSoC5/UART_1_INT.c ****         /* `#START UART_1_RXISR_END` */
 165:.\Generated_Source\PSoC5/UART_1_INT.c **** 
 166:.\Generated_Source\PSoC5/UART_1_INT.c ****         /* `#END` */
 167:.\Generated_Source\PSoC5/UART_1_INT.c **** 
 168:.\Generated_Source\PSoC5/UART_1_INT.c ****         #if(CY_PSOC3)
 169:.\Generated_Source\PSoC5/UART_1_INT.c ****             EA = int_en;
 170:.\Generated_Source\PSoC5/UART_1_INT.c ****         #endif /* CY_PSOC3 */
 171:.\Generated_Source\PSoC5/UART_1_INT.c **** 
 172:.\Generated_Source\PSoC5/UART_1_INT.c ****     }
 173:.\Generated_Source\PSoC5/UART_1_INT.c **** 
 174:.\Generated_Source\PSoC5/UART_1_INT.c **** #endif /* End UART_1_RX_ENABLED && (UART_1_RXBUFFERSIZE > UART_1_FIFO_LENGTH) */
 175:.\Generated_Source\PSoC5/UART_1_INT.c **** 
 176:.\Generated_Source\PSoC5/UART_1_INT.c **** 
 177:.\Generated_Source\PSoC5/UART_1_INT.c **** #if(UART_1_TX_ENABLED && (UART_1_TXBUFFERSIZE > UART_1_FIFO_LENGTH))
 178:.\Generated_Source\PSoC5/UART_1_INT.c **** 
 179:.\Generated_Source\PSoC5/UART_1_INT.c **** 
 180:.\Generated_Source\PSoC5/UART_1_INT.c ****     /*******************************************************************************
 181:.\Generated_Source\PSoC5/UART_1_INT.c ****     * Function Name: UART_1_TXISR
 182:.\Generated_Source\PSoC5/UART_1_INT.c ****     ********************************************************************************
 183:.\Generated_Source\PSoC5/UART_1_INT.c ****     *
 184:.\Generated_Source\PSoC5/UART_1_INT.c ****     * Summary:
 185:.\Generated_Source\PSoC5/UART_1_INT.c ****     * Interrupt Service Routine for the TX portion of the UART
 186:.\Generated_Source\PSoC5/UART_1_INT.c ****     *
 187:.\Generated_Source\PSoC5/UART_1_INT.c ****     * Parameters:
 188:.\Generated_Source\PSoC5/UART_1_INT.c ****     *  None.
 189:.\Generated_Source\PSoC5/UART_1_INT.c ****     *
 190:.\Generated_Source\PSoC5/UART_1_INT.c ****     * Return:
 191:.\Generated_Source\PSoC5/UART_1_INT.c ****     *  None.
 192:.\Generated_Source\PSoC5/UART_1_INT.c ****     *
 193:.\Generated_Source\PSoC5/UART_1_INT.c ****     * Global Variables:
 194:.\Generated_Source\PSoC5/UART_1_INT.c ****     *  UART_1_txBuffer - RAM buffer pointer for transmit data from.
 195:.\Generated_Source\PSoC5/UART_1_INT.c ****     *  UART_1_txBufferRead - cyclic index for read and transmit data
 196:.\Generated_Source\PSoC5/UART_1_INT.c ****     *     from txBuffer, increments after each transmited byte.
 197:.\Generated_Source\PSoC5/UART_1_INT.c ****     *  UART_1_rxBufferWrite - cyclic index for write to txBuffer,
 198:.\Generated_Source\PSoC5/UART_1_INT.c ****     *     checked to detect available for transmission bytes.
 199:.\Generated_Source\PSoC5/UART_1_INT.c ****     *
 200:.\Generated_Source\PSoC5/UART_1_INT.c ****     *******************************************************************************/
 201:.\Generated_Source\PSoC5/UART_1_INT.c ****     CY_ISR(UART_1_TXISR)
 202:.\Generated_Source\PSoC5/UART_1_INT.c ****     {
ARM GAS  C:\Users\MATSUD~1\AppData\Local\Temp\ccxdq1kP.s 			page 5


  27              		.loc 1 202 0
  28              		.cfi_startproc
  29              		@ args = 0, pretend = 0, frame = 0
  30              		@ frame_needed = 1, uses_anonymous_args = 0
  31              		@ link register save eliminated.
  32 0000 80B4     		push	{r7}
  33              	.LCFI0:
  34              		.cfi_def_cfa_offset 4
  35              		.cfi_offset 7, -4
  36 0002 00AF     		add	r7, sp, #0
  37              	.LCFI1:
  38              		.cfi_def_cfa_register 7
 203:.\Generated_Source\PSoC5/UART_1_INT.c **** 
 204:.\Generated_Source\PSoC5/UART_1_INT.c ****         #if(CY_PSOC3)
 205:.\Generated_Source\PSoC5/UART_1_INT.c ****             uint8 int_en;
 206:.\Generated_Source\PSoC5/UART_1_INT.c ****         #endif /* CY_PSOC3 */
 207:.\Generated_Source\PSoC5/UART_1_INT.c **** 
 208:.\Generated_Source\PSoC5/UART_1_INT.c ****         /* User code required at start of ISR */
 209:.\Generated_Source\PSoC5/UART_1_INT.c ****         /* `#START UART_1_TXISR_START` */
 210:.\Generated_Source\PSoC5/UART_1_INT.c **** 
 211:.\Generated_Source\PSoC5/UART_1_INT.c ****         /* `#END` */
 212:.\Generated_Source\PSoC5/UART_1_INT.c **** 
 213:.\Generated_Source\PSoC5/UART_1_INT.c ****         #if(CY_PSOC3)   /* Make sure nested interrupt is enabled */
 214:.\Generated_Source\PSoC5/UART_1_INT.c ****             int_en = EA;
 215:.\Generated_Source\PSoC5/UART_1_INT.c ****             CyGlobalIntEnable;
 216:.\Generated_Source\PSoC5/UART_1_INT.c ****         #endif /* CY_PSOC3 */
 217:.\Generated_Source\PSoC5/UART_1_INT.c **** 
 218:.\Generated_Source\PSoC5/UART_1_INT.c ****         while((UART_1_txBufferRead != UART_1_txBufferWrite) &&
  39              		.loc 1 218 0
  40 0004 2EE0     		b	.L2
  41              	.L5:
 219:.\Generated_Source\PSoC5/UART_1_INT.c ****              ((UART_1_TXSTATUS_REG & UART_1_TX_STS_FIFO_FULL) == 0u))
 220:.\Generated_Source\PSoC5/UART_1_INT.c ****         {
 221:.\Generated_Source\PSoC5/UART_1_INT.c ****             /* Check pointer. */
 222:.\Generated_Source\PSoC5/UART_1_INT.c ****             if(UART_1_txBufferRead >= UART_1_TXBUFFERSIZE)
  42              		.loc 1 222 0
  43 0006 40F20003 		movw	r3, #:lower16:UART_1_txBufferRead
  44 000a C0F20003 		movt	r3, #:upper16:UART_1_txBufferRead
  45 000e 1B78     		ldrb	r3, [r3, #0]
  46 0010 DBB2     		uxtb	r3, r3
  47 0012 FF2B     		cmp	r3, #255
  48 0014 06D1     		bne	.L3
 223:.\Generated_Source\PSoC5/UART_1_INT.c ****             {
 224:.\Generated_Source\PSoC5/UART_1_INT.c ****                 UART_1_txBufferRead = 0u;
  49              		.loc 1 224 0
  50 0016 40F20003 		movw	r3, #:lower16:UART_1_txBufferRead
  51 001a C0F20003 		movt	r3, #:upper16:UART_1_txBufferRead
  52 001e 4FF00002 		mov	r2, #0
  53 0022 1A70     		strb	r2, [r3, #0]
  54              	.L3:
 225:.\Generated_Source\PSoC5/UART_1_INT.c ****             }
 226:.\Generated_Source\PSoC5/UART_1_INT.c **** 
 227:.\Generated_Source\PSoC5/UART_1_INT.c ****             UART_1_TXDATA_REG = UART_1_txBuffer[UART_1_txBufferRead];
  55              		.loc 1 227 0
  56 0024 46F24243 		movw	r3, #25666
  57 0028 C4F20003 		movt	r3, 16384
  58 002c 40F20002 		movw	r2, #:lower16:UART_1_txBufferRead
ARM GAS  C:\Users\MATSUD~1\AppData\Local\Temp\ccxdq1kP.s 			page 6


  59 0030 C0F20002 		movt	r2, #:upper16:UART_1_txBufferRead
  60 0034 1278     		ldrb	r2, [r2, #0]
  61 0036 D2B2     		uxtb	r2, r2
  62 0038 1146     		mov	r1, r2
  63 003a 40F20002 		movw	r2, #:lower16:UART_1_txBuffer
  64 003e C0F20002 		movt	r2, #:upper16:UART_1_txBuffer
  65 0042 525C     		ldrb	r2, [r2, r1]
  66 0044 D2B2     		uxtb	r2, r2
  67 0046 1A70     		strb	r2, [r3, #0]
 228:.\Generated_Source\PSoC5/UART_1_INT.c **** 
 229:.\Generated_Source\PSoC5/UART_1_INT.c ****             /* Set next pointer. */
 230:.\Generated_Source\PSoC5/UART_1_INT.c ****             UART_1_txBufferRead++;
  68              		.loc 1 230 0
  69 0048 40F20003 		movw	r3, #:lower16:UART_1_txBufferRead
  70 004c C0F20003 		movt	r3, #:upper16:UART_1_txBufferRead
  71 0050 1B78     		ldrb	r3, [r3, #0]
  72 0052 DBB2     		uxtb	r3, r3
  73 0054 03F10103 		add	r3, r3, #1
  74 0058 DAB2     		uxtb	r2, r3
  75 005a 40F20003 		movw	r3, #:lower16:UART_1_txBufferRead
  76 005e C0F20003 		movt	r3, #:upper16:UART_1_txBufferRead
  77 0062 1A70     		strb	r2, [r3, #0]
  78              	.L2:
 218:.\Generated_Source\PSoC5/UART_1_INT.c ****         while((UART_1_txBufferRead != UART_1_txBufferWrite) &&
  79              		.loc 1 218 0 discriminator 1
  80 0064 40F20003 		movw	r3, #:lower16:UART_1_txBufferRead
  81 0068 C0F20003 		movt	r3, #:upper16:UART_1_txBufferRead
  82 006c 1B78     		ldrb	r3, [r3, #0]
  83 006e DAB2     		uxtb	r2, r3
  84 0070 40F20003 		movw	r3, #:lower16:UART_1_txBufferWrite
  85 0074 C0F20003 		movt	r3, #:upper16:UART_1_txBufferWrite
  86 0078 1B78     		ldrb	r3, [r3, #0]	@ zero_extendqisi2
  87 007a 9A42     		cmp	r2, r3
  88 007c 09D0     		beq	.L1
 219:.\Generated_Source\PSoC5/UART_1_INT.c ****              ((UART_1_TXSTATUS_REG & UART_1_TX_STS_FIFO_FULL) == 0u))
  89              		.loc 1 219 0 discriminator 2
  90 007e 46F26243 		movw	r3, #25698
  91 0082 C4F20003 		movt	r3, 16384
  92 0086 1B78     		ldrb	r3, [r3, #0]
  93 0088 DBB2     		uxtb	r3, r3
  94 008a 03F00403 		and	r3, r3, #4
 218:.\Generated_Source\PSoC5/UART_1_INT.c ****         while((UART_1_txBufferRead != UART_1_txBufferWrite) &&
  95              		.loc 1 218 0 discriminator 2
  96 008e 002B     		cmp	r3, #0
  97 0090 B9D0     		beq	.L5
  98              	.L1:
 231:.\Generated_Source\PSoC5/UART_1_INT.c ****         }
 232:.\Generated_Source\PSoC5/UART_1_INT.c **** 
 233:.\Generated_Source\PSoC5/UART_1_INT.c ****         /* User code required at end of ISR (Optional) */
 234:.\Generated_Source\PSoC5/UART_1_INT.c ****         /* `#START UART_1_TXISR_END` */
 235:.\Generated_Source\PSoC5/UART_1_INT.c **** 
 236:.\Generated_Source\PSoC5/UART_1_INT.c ****         /* `#END` */
 237:.\Generated_Source\PSoC5/UART_1_INT.c **** 
 238:.\Generated_Source\PSoC5/UART_1_INT.c ****         #if(CY_PSOC3)
 239:.\Generated_Source\PSoC5/UART_1_INT.c ****             EA = int_en;
 240:.\Generated_Source\PSoC5/UART_1_INT.c ****         #endif /* CY_PSOC3 */
 241:.\Generated_Source\PSoC5/UART_1_INT.c **** 
ARM GAS  C:\Users\MATSUD~1\AppData\Local\Temp\ccxdq1kP.s 			page 7


 242:.\Generated_Source\PSoC5/UART_1_INT.c ****     }
  99              		.loc 1 242 0
 100 0092 BD46     		mov	sp, r7
 101 0094 80BC     		pop	{r7}
 102 0096 7047     		bx	lr
 103              		.cfi_endproc
 104              	.LFE0:
 105              		.size	UART_1_TXISR, .-UART_1_TXISR
 106              		.text
 107              	.Letext0:
 108              		.file 2 ".\\Generated_Source\\PSoC5\\cytypes.h"
 109              		.file 3 ".\\Generated_Source\\PSoC5\\UART_1.h"
 110              		.section	.debug_info,"",%progbits
 111              	.Ldebug_info0:
 112 0000 F8000000 		.4byte	0xf8
 113 0004 0200     		.2byte	0x2
 114 0006 00000000 		.4byte	.Ldebug_abbrev0
 115 000a 04       		.byte	0x4
 116 000b 01       		.uleb128 0x1
 117 000c 2E000000 		.4byte	.LASF18
 118 0010 01       		.byte	0x1
 119 0011 7D000000 		.4byte	.LASF19
 120 0015 BA000000 		.4byte	.LASF20
 121 0019 00000000 		.4byte	.Ldebug_ranges0+0
 122 001d 00000000 		.4byte	0
 123 0021 00000000 		.4byte	0
 124 0025 00000000 		.4byte	.Ldebug_line0
 125 0029 02       		.uleb128 0x2
 126 002a 01       		.byte	0x1
 127 002b 06       		.byte	0x6
 128 002c 77010000 		.4byte	.LASF0
 129 0030 02       		.uleb128 0x2
 130 0031 01       		.byte	0x1
 131 0032 08       		.byte	0x8
 132 0033 25010000 		.4byte	.LASF1
 133 0037 02       		.uleb128 0x2
 134 0038 02       		.byte	0x2
 135 0039 05       		.byte	0x5
 136 003a 89010000 		.4byte	.LASF2
 137 003e 02       		.uleb128 0x2
 138 003f 02       		.byte	0x2
 139 0040 07       		.byte	0x7
 140 0041 0E000000 		.4byte	.LASF3
 141 0045 02       		.uleb128 0x2
 142 0046 04       		.byte	0x4
 143 0047 05       		.byte	0x5
 144 0048 38010000 		.4byte	.LASF4
 145 004c 02       		.uleb128 0x2
 146 004d 04       		.byte	0x4
 147 004e 07       		.byte	0x7
 148 004f 51010000 		.4byte	.LASF5
 149 0053 02       		.uleb128 0x2
 150 0054 08       		.byte	0x8
 151 0055 05       		.byte	0x5
 152 0056 00000000 		.4byte	.LASF6
 153 005a 02       		.uleb128 0x2
 154 005b 08       		.byte	0x8
ARM GAS  C:\Users\MATSUD~1\AppData\Local\Temp\ccxdq1kP.s 			page 8


 155 005c 07       		.byte	0x7
 156 005d A3000000 		.4byte	.LASF7
 157 0061 03       		.uleb128 0x3
 158 0062 04       		.byte	0x4
 159 0063 05       		.byte	0x5
 160 0064 696E7400 		.ascii	"int\000"
 161 0068 02       		.uleb128 0x2
 162 0069 04       		.byte	0x4
 163 006a 07       		.byte	0x7
 164 006b 21000000 		.4byte	.LASF8
 165 006f 04       		.uleb128 0x4
 166 0070 77000000 		.4byte	.LASF12
 167 0074 02       		.byte	0x2
 168 0075 5B       		.byte	0x5b
 169 0076 30000000 		.4byte	0x30
 170 007a 02       		.uleb128 0x2
 171 007b 04       		.byte	0x4
 172 007c 04       		.byte	0x4
 173 007d 83010000 		.4byte	.LASF9
 174 0081 02       		.uleb128 0x2
 175 0082 08       		.byte	0x8
 176 0083 04       		.byte	0x4
 177 0084 63010000 		.4byte	.LASF10
 178 0088 02       		.uleb128 0x2
 179 0089 01       		.byte	0x1
 180 008a 08       		.byte	0x8
 181 008b 33010000 		.4byte	.LASF11
 182 008f 04       		.uleb128 0x4
 183 0090 93010000 		.4byte	.LASF13
 184 0094 02       		.byte	0x2
 185 0095 F0       		.byte	0xf0
 186 0096 9A000000 		.4byte	0x9a
 187 009a 05       		.uleb128 0x5
 188 009b 6F000000 		.4byte	0x6f
 189 009f 02       		.uleb128 0x2
 190 00a0 04       		.byte	0x4
 191 00a1 07       		.byte	0x7
 192 00a2 AC010000 		.4byte	.LASF14
 193 00a6 06       		.uleb128 0x6
 194 00a7 01       		.byte	0x1
 195 00a8 6A010000 		.4byte	.LASF21
 196 00ac 01       		.byte	0x1
 197 00ad C9       		.byte	0xc9
 198 00ae 01       		.byte	0x1
 199 00af 00000000 		.4byte	.LFB0
 200 00b3 98000000 		.4byte	.LFE0
 201 00b7 00000000 		.4byte	.LLST0
 202 00bb 01       		.byte	0x1
 203 00bc 07       		.uleb128 0x7
 204 00bd 6F000000 		.4byte	0x6f
 205 00c1 CC000000 		.4byte	0xcc
 206 00c5 08       		.uleb128 0x8
 207 00c6 9F000000 		.4byte	0x9f
 208 00ca FE       		.byte	0xfe
 209 00cb 00       		.byte	0
 210 00cc 09       		.uleb128 0x9
 211 00cd 41010000 		.4byte	.LASF15
ARM GAS  C:\Users\MATSUD~1\AppData\Local\Temp\ccxdq1kP.s 			page 9


 212 00d1 03       		.byte	0x3
 213 00d2 4C01     		.2byte	0x14c
 214 00d4 DA000000 		.4byte	0xda
 215 00d8 01       		.byte	0x1
 216 00d9 01       		.byte	0x1
 217 00da 05       		.uleb128 0x5
 218 00db BC000000 		.4byte	0xbc
 219 00df 09       		.uleb128 0x9
 220 00e0 98010000 		.4byte	.LASF16
 221 00e4 03       		.byte	0x3
 222 00e5 4D01     		.2byte	0x14d
 223 00e7 9A000000 		.4byte	0x9a
 224 00eb 01       		.byte	0x1
 225 00ec 01       		.byte	0x1
 226 00ed 09       		.uleb128 0x9
 227 00ee 10010000 		.4byte	.LASF17
 228 00f2 03       		.byte	0x3
 229 00f3 4E01     		.2byte	0x14e
 230 00f5 6F000000 		.4byte	0x6f
 231 00f9 01       		.byte	0x1
 232 00fa 01       		.byte	0x1
 233 00fb 00       		.byte	0
 234              		.section	.debug_abbrev,"",%progbits
 235              	.Ldebug_abbrev0:
 236 0000 01       		.uleb128 0x1
 237 0001 11       		.uleb128 0x11
 238 0002 01       		.byte	0x1
 239 0003 25       		.uleb128 0x25
 240 0004 0E       		.uleb128 0xe
 241 0005 13       		.uleb128 0x13
 242 0006 0B       		.uleb128 0xb
 243 0007 03       		.uleb128 0x3
 244 0008 0E       		.uleb128 0xe
 245 0009 1B       		.uleb128 0x1b
 246 000a 0E       		.uleb128 0xe
 247 000b 55       		.uleb128 0x55
 248 000c 06       		.uleb128 0x6
 249 000d 11       		.uleb128 0x11
 250 000e 01       		.uleb128 0x1
 251 000f 52       		.uleb128 0x52
 252 0010 01       		.uleb128 0x1
 253 0011 10       		.uleb128 0x10
 254 0012 06       		.uleb128 0x6
 255 0013 00       		.byte	0
 256 0014 00       		.byte	0
 257 0015 02       		.uleb128 0x2
 258 0016 24       		.uleb128 0x24
 259 0017 00       		.byte	0
 260 0018 0B       		.uleb128 0xb
 261 0019 0B       		.uleb128 0xb
 262 001a 3E       		.uleb128 0x3e
 263 001b 0B       		.uleb128 0xb
 264 001c 03       		.uleb128 0x3
 265 001d 0E       		.uleb128 0xe
 266 001e 00       		.byte	0
 267 001f 00       		.byte	0
 268 0020 03       		.uleb128 0x3
ARM GAS  C:\Users\MATSUD~1\AppData\Local\Temp\ccxdq1kP.s 			page 10


 269 0021 24       		.uleb128 0x24
 270 0022 00       		.byte	0
 271 0023 0B       		.uleb128 0xb
 272 0024 0B       		.uleb128 0xb
 273 0025 3E       		.uleb128 0x3e
 274 0026 0B       		.uleb128 0xb
 275 0027 03       		.uleb128 0x3
 276 0028 08       		.uleb128 0x8
 277 0029 00       		.byte	0
 278 002a 00       		.byte	0
 279 002b 04       		.uleb128 0x4
 280 002c 16       		.uleb128 0x16
 281 002d 00       		.byte	0
 282 002e 03       		.uleb128 0x3
 283 002f 0E       		.uleb128 0xe
 284 0030 3A       		.uleb128 0x3a
 285 0031 0B       		.uleb128 0xb
 286 0032 3B       		.uleb128 0x3b
 287 0033 0B       		.uleb128 0xb
 288 0034 49       		.uleb128 0x49
 289 0035 13       		.uleb128 0x13
 290 0036 00       		.byte	0
 291 0037 00       		.byte	0
 292 0038 05       		.uleb128 0x5
 293 0039 35       		.uleb128 0x35
 294 003a 00       		.byte	0
 295 003b 49       		.uleb128 0x49
 296 003c 13       		.uleb128 0x13
 297 003d 00       		.byte	0
 298 003e 00       		.byte	0
 299 003f 06       		.uleb128 0x6
 300 0040 2E       		.uleb128 0x2e
 301 0041 00       		.byte	0
 302 0042 3F       		.uleb128 0x3f
 303 0043 0C       		.uleb128 0xc
 304 0044 03       		.uleb128 0x3
 305 0045 0E       		.uleb128 0xe
 306 0046 3A       		.uleb128 0x3a
 307 0047 0B       		.uleb128 0xb
 308 0048 3B       		.uleb128 0x3b
 309 0049 0B       		.uleb128 0xb
 310 004a 27       		.uleb128 0x27
 311 004b 0C       		.uleb128 0xc
 312 004c 11       		.uleb128 0x11
 313 004d 01       		.uleb128 0x1
 314 004e 12       		.uleb128 0x12
 315 004f 01       		.uleb128 0x1
 316 0050 40       		.uleb128 0x40
 317 0051 06       		.uleb128 0x6
 318 0052 9742     		.uleb128 0x2117
 319 0054 0C       		.uleb128 0xc
 320 0055 00       		.byte	0
 321 0056 00       		.byte	0
 322 0057 07       		.uleb128 0x7
 323 0058 01       		.uleb128 0x1
 324 0059 01       		.byte	0x1
 325 005a 49       		.uleb128 0x49
ARM GAS  C:\Users\MATSUD~1\AppData\Local\Temp\ccxdq1kP.s 			page 11


 326 005b 13       		.uleb128 0x13
 327 005c 01       		.uleb128 0x1
 328 005d 13       		.uleb128 0x13
 329 005e 00       		.byte	0
 330 005f 00       		.byte	0
 331 0060 08       		.uleb128 0x8
 332 0061 21       		.uleb128 0x21
 333 0062 00       		.byte	0
 334 0063 49       		.uleb128 0x49
 335 0064 13       		.uleb128 0x13
 336 0065 2F       		.uleb128 0x2f
 337 0066 0B       		.uleb128 0xb
 338 0067 00       		.byte	0
 339 0068 00       		.byte	0
 340 0069 09       		.uleb128 0x9
 341 006a 34       		.uleb128 0x34
 342 006b 00       		.byte	0
 343 006c 03       		.uleb128 0x3
 344 006d 0E       		.uleb128 0xe
 345 006e 3A       		.uleb128 0x3a
 346 006f 0B       		.uleb128 0xb
 347 0070 3B       		.uleb128 0x3b
 348 0071 05       		.uleb128 0x5
 349 0072 49       		.uleb128 0x49
 350 0073 13       		.uleb128 0x13
 351 0074 3F       		.uleb128 0x3f
 352 0075 0C       		.uleb128 0xc
 353 0076 3C       		.uleb128 0x3c
 354 0077 0C       		.uleb128 0xc
 355 0078 00       		.byte	0
 356 0079 00       		.byte	0
 357 007a 00       		.byte	0
 358              		.section	.debug_loc,"",%progbits
 359              	.Ldebug_loc0:
 360              	.LLST0:
 361 0000 00000000 		.4byte	.LFB0
 362 0004 02000000 		.4byte	.LCFI0
 363 0008 0200     		.2byte	0x2
 364 000a 7D       		.byte	0x7d
 365 000b 00       		.sleb128 0
 366 000c 02000000 		.4byte	.LCFI0
 367 0010 04000000 		.4byte	.LCFI1
 368 0014 0200     		.2byte	0x2
 369 0016 7D       		.byte	0x7d
 370 0017 04       		.sleb128 4
 371 0018 04000000 		.4byte	.LCFI1
 372 001c 98000000 		.4byte	.LFE0
 373 0020 0200     		.2byte	0x2
 374 0022 77       		.byte	0x77
 375 0023 04       		.sleb128 4
 376 0024 00000000 		.4byte	0
 377 0028 00000000 		.4byte	0
 378              		.section	.debug_aranges,"",%progbits
 379 0000 1C000000 		.4byte	0x1c
 380 0004 0200     		.2byte	0x2
 381 0006 00000000 		.4byte	.Ldebug_info0
 382 000a 04       		.byte	0x4
ARM GAS  C:\Users\MATSUD~1\AppData\Local\Temp\ccxdq1kP.s 			page 12


 383 000b 00       		.byte	0
 384 000c 0000     		.2byte	0
 385 000e 0000     		.2byte	0
 386 0010 00000000 		.4byte	.LFB0
 387 0014 98000000 		.4byte	.LFE0-.LFB0
 388 0018 00000000 		.4byte	0
 389 001c 00000000 		.4byte	0
 390              		.section	.debug_ranges,"",%progbits
 391              	.Ldebug_ranges0:
 392 0000 00000000 		.4byte	.LFB0
 393 0004 98000000 		.4byte	.LFE0
 394 0008 00000000 		.4byte	0
 395 000c 00000000 		.4byte	0
 396              		.section	.debug_line,"",%progbits
 397              	.Ldebug_line0:
 398 0000 87000000 		.section	.debug_str,"MS",%progbits,1
 398      02005500 
 398      00000201 
 398      FB0E0D00 
 398      01010101 
 399              	.LASF6:
 400 0000 6C6F6E67 		.ascii	"long long int\000"
 400      206C6F6E 
 400      6720696E 
 400      7400
 401              	.LASF3:
 402 000e 73686F72 		.ascii	"short unsigned int\000"
 402      7420756E 
 402      7369676E 
 402      65642069 
 402      6E7400
 403              	.LASF8:
 404 0021 756E7369 		.ascii	"unsigned int\000"
 404      676E6564 
 404      20696E74 
 404      00
 405              	.LASF18:
 406 002e 474E5520 		.ascii	"GNU C 4.7.3 20130312 (release) [ARM/embedded-4_7-br"
 406      4320342E 
 406      372E3320 
 406      32303133 
 406      30333132 
 407 0061 616E6368 		.ascii	"anch revision 196615]\000"
 407      20726576 
 407      6973696F 
 407      6E203139 
 407      36363135 
 408              	.LASF12:
 409 0077 75696E74 		.ascii	"uint8\000"
 409      3800
 410              	.LASF19:
 411 007d 2E5C4765 		.ascii	".\\Generated_Source\\PSoC5\\UART_1_INT.c\000"
 411      6E657261 
 411      7465645F 
 411      536F7572 
 411      63655C50 
 412              	.LASF7:
ARM GAS  C:\Users\MATSUD~1\AppData\Local\Temp\ccxdq1kP.s 			page 13


 413 00a3 6C6F6E67 		.ascii	"long long unsigned int\000"
 413      206C6F6E 
 413      6720756E 
 413      7369676E 
 413      65642069 
 414              	.LASF20:
 415 00ba 433A5C55 		.ascii	"C:\\Users\\matsuda_kazuaki\\Documents\\PSoC Creator"
 415      73657273 
 415      5C6D6174 
 415      73756461 
 415      5F6B617A 
 416 00e9 5C726F62 		.ascii	"\\roboconn_MT_arm\\roboconn_MT_arm.cydsn\000"
 416      6F636F6E 
 416      6E5F4D54 
 416      5F61726D 
 416      5C726F62 
 417              	.LASF17:
 418 0110 55415254 		.ascii	"UART_1_txBufferWrite\000"
 418      5F315F74 
 418      78427566 
 418      66657257 
 418      72697465 
 419              	.LASF1:
 420 0125 756E7369 		.ascii	"unsigned char\000"
 420      676E6564 
 420      20636861 
 420      7200
 421              	.LASF11:
 422 0133 63686172 		.ascii	"char\000"
 422      00
 423              	.LASF4:
 424 0138 6C6F6E67 		.ascii	"long int\000"
 424      20696E74 
 424      00
 425              	.LASF15:
 426 0141 55415254 		.ascii	"UART_1_txBuffer\000"
 426      5F315F74 
 426      78427566 
 426      66657200 
 427              	.LASF5:
 428 0151 6C6F6E67 		.ascii	"long unsigned int\000"
 428      20756E73 
 428      69676E65 
 428      6420696E 
 428      7400
 429              	.LASF10:
 430 0163 646F7562 		.ascii	"double\000"
 430      6C6500
 431              	.LASF21:
 432 016a 55415254 		.ascii	"UART_1_TXISR\000"
 432      5F315F54 
 432      58495352 
 432      00
 433              	.LASF0:
 434 0177 7369676E 		.ascii	"signed char\000"
 434      65642063 
 434      68617200 
ARM GAS  C:\Users\MATSUD~1\AppData\Local\Temp\ccxdq1kP.s 			page 14


 435              	.LASF9:
 436 0183 666C6F61 		.ascii	"float\000"
 436      7400
 437              	.LASF2:
 438 0189 73686F72 		.ascii	"short int\000"
 438      7420696E 
 438      7400
 439              	.LASF13:
 440 0193 72656738 		.ascii	"reg8\000"
 440      00
 441              	.LASF16:
 442 0198 55415254 		.ascii	"UART_1_txBufferRead\000"
 442      5F315F74 
 442      78427566 
 442      66657252 
 442      65616400 
 443              	.LASF14:
 444 01ac 73697A65 		.ascii	"sizetype\000"
 444      74797065 
 444      00
 445              		.ident	"GCC: (GNU Tools for ARM Embedded Processors) 4.7.3 20130312 (release) [ARM/embedded-4_7-br
